[ 2015-07-29T23:18:32+08:00 ] 127.0.0.1 /SCUMicroLove/index.php
INFO: [ app_init ] --START--
INFO: Run Behavior\BuildLiteBehavior [ RunTime:0.000016s ]
INFO: [ app_init ] --END-- [ RunTime:0.000080s ]
INFO: [ app_begin ] --START--
INFO: Run Behavior\ReadHtmlCacheBehavior [ RunTime:0.000839s ]
INFO: [ app_begin ] --END-- [ RunTime:0.000887s ]
INFO: [ view_parse ] --START--
INFO: [ template_filter ] --START--
INFO: Run Behavior\ContentReplaceBehavior [ RunTime:0.000078s ]
INFO: [ template_filter ] --END-- [ RunTime:0.000198s ]
INFO: Run Behavior\ParseTemplateBehavior [ RunTime:0.008318s ]
INFO: [ view_parse ] --END-- [ RunTime:0.008381s ]
INFO: [ view_filter ] --START--
INFO: Run Behavior\WriteHtmlCacheBehavior [ RunTime:0.000545s ]
INFO: [ view_filter ] --END-- [ RunTime:0.000581s ]
INFO: [ app_end ] --START--
INFO: Run Behavior\ShowPageTraceBehavior [ RunTime:0.000827s ]
INFO: [ app_end ] --END-- [ RunTime:0.000867s ]

[ 2015-07-29T23:57:28+08:00 ]  
INFO: [ app_init ] --START--
INFO: Run Behavior\BuildLiteBehavior [ RunTime:0.000016s ]
INFO: [ app_init ] --END-- [ RunTime:0.000400s ]
NOTIC: [8] Undefined index: REQUEST_METHOD D:\ProgramData\Apache Software Foundation\Apache2.2\htdocs\wh.com\SCUMicroLove\ThinkPHP\Library\Think\App.class.php 第 28 行.
NOTIC: [8] Undefined index: REQUEST_URI D:\ProgramData\Apache Software Foundation\Apache2.2\htdocs\wh.com\SCUMicroLove\ThinkPHP\Library\Think\Dispatcher.class.php 第 135 行.
NOTIC: [8] Use of undefined constant _PHP_FILE_ - assumed '_PHP_FILE_' D:\ProgramData\Apache Software Foundation\Apache2.2\htdocs\wh.com\SCUMicroLove\ThinkPHP\Library\Think\Dispatcher.class.php 第 180 行.
INFO: [ app_begin ] --START--
INFO: Run Behavior\ReadHtmlCacheBehavior [ RunTime:0.000555s ]
INFO: [ app_begin ] --END-- [ RunTime:0.000602s ]
INFO: [ view_parse ] --START--
INFO: Run Behavior\ParseTemplateBehavior [ RunTime:0.000282s ]
INFO: [ view_parse ] --END-- [ RunTime:0.000325s ]
INFO: [ view_filter ] --START--
INFO: Run Behavior\WriteHtmlCacheBehavior [ RunTime:0.000225s ]
INFO: [ view_filter ] --END-- [ RunTime:0.000254s ]
NOTIC: [2] Cannot modify header information - headers already sent by (output started at D:\ProgramData\Apache Software Foundation\Apache2.2\htdocs\wh.com\SCUMicroLove\index.php:1) D:\ProgramData\Apache Software Foundation\Apache2.2\htdocs\wh.com\SCUMicroLove\ThinkPHP\Library\Think\View.class.php 第 91 行.
NOTIC: [2] Cannot modify header information - headers already sent by (output started at D:\ProgramData\Apache Software Foundation\Apache2.2\htdocs\wh.com\SCUMicroLove\index.php:1) D:\ProgramData\Apache Software Foundation\Apache2.2\htdocs\wh.com\SCUMicroLove\ThinkPHP\Library\Think\View.class.php 第 92 行.
NOTIC: [2] Cannot modify header information - headers already sent by (output started at D:\ProgramData\Apache Software Foundation\Apache2.2\htdocs\wh.com\SCUMicroLove\index.php:1) D:\ProgramData\Apache Software Foundation\Apache2.2\htdocs\wh.com\SCUMicroLove\ThinkPHP\Library\Think\View.class.php 第 93 行.
INFO: [ app_end ] --START--
INFO: Run Behavior\ShowPageTraceBehavior [ RunTime:0.000469s ]
INFO: [ app_end ] --END-- [ RunTime:0.000502s ]

