[ 2015-10-16T10:17:44+08:00 ] 127.0.0.1 /SCUMicroLove/Home/Index
INFO: [ app_init ] --START--
INFO: Run Behavior\BuildLiteBehavior [ RunTime:0.000044s ]
INFO: [ app_init ] --END-- [ RunTime:0.007482s ]
INFO: [ app_begin ] --START--
INFO: Run Behavior\ReadHtmlCacheBehavior [ RunTime:0.008182s ]
INFO: [ app_begin ] --END-- [ RunTime:0.008262s ]
SQL: SHOW COLUMNS FROM `ml_photoand_word` [ RunTime:0.006801s ]
ERR: 1146:Table 'microlove.ml_photoand_word' doesn't exist
 [ SQL语句 ] : SHOW COLUMNS FROM `ml_photoand_word`
SQL: SHOW COLUMNS FROM `ml_photoandword` [ RunTime:0.044371s ]
SQL: SELECT * FROM `ml_photoandword`  [ RunTime:0.000333s ]
SQL: SHOW COLUMNS FROM `ml_claimant` [ RunTime:0.028185s ]
SQL: SHOW COLUMNS FROM `ml_claimant` [ RunTime:0.014777s ]
SQL: SELECT * FROM `ml_claimant`  [ RunTime:0.000228s ]
SQL: SHOW COLUMNS FROM `ml_wishstory_application` [ RunTime:0.003890s ]
ERR: 1146:Table 'microlove.ml_wishstory_application' doesn't exist
 [ SQL语句 ] : SHOW COLUMNS FROM `ml_wishstory_application`
SQL: SHOW COLUMNS FROM `ml_wishstoryapplication` [ RunTime:0.045429s ]
SQL: SELECT COUNT(*) AS tp_count FROM `ml_wishstoryapplication` WHERE ( stu_claimstate = 0 ) LIMIT 1   [ RunTime:0.000226s ]
SQL: SHOW COLUMNS FROM `ml_wishstoryapplication` [ RunTime:0.018434s ]
SQL: SELECT * FROM `ml_wishstoryapplication` WHERE ( stu_claimstate = 0 ) ORDER BY wishstory_id desc LIMIT 0,10   [ RunTime:0.000381s ]
INFO: [ view_parse ] --START--
INFO: [ template_filter ] --START--
INFO: Run Behavior\ContentReplaceBehavior [ RunTime:0.000094s ]
INFO: [ template_filter ] --END-- [ RunTime:0.000143s ]
INFO: Run Behavior\ParseTemplateBehavior [ RunTime:0.143643s ]
INFO: [ view_parse ] --END-- [ RunTime:0.143725s ]
INFO: [ view_filter ] --START--
INFO: Run Behavior\WriteHtmlCacheBehavior [ RunTime:0.013501s ]
INFO: [ view_filter ] --END-- [ RunTime:0.013567s ]
INFO: [ app_end ] --START--
INFO: Run Behavior\ShowPageTraceBehavior [ RunTime:0.016931s ]
INFO: [ app_end ] --END-- [ RunTime:0.017003s ]

[ 2015-10-16T10:18:49+08:00 ] 127.0.0.1 /SCUMicroLove/Home/Preview?id=18
INFO: [ app_init ] --START--
INFO: Run Behavior\BuildLiteBehavior [ RunTime:0.000023s ]
INFO: [ app_init ] --END-- [ RunTime:0.000884s ]
INFO: [ app_begin ] --START--
INFO: Run Behavior\ReadHtmlCacheBehavior [ RunTime:0.000598s ]
INFO: [ app_begin ] --END-- [ RunTime:0.000646s ]
SQL: SHOW COLUMNS FROM `ml_wishstory_application` [ RunTime:0.008460s ]
ERR: 1146:Table 'microlove.ml_wishstory_application' doesn't exist
 [ SQL语句 ] : SHOW COLUMNS FROM `ml_wishstory_application`
SQL: SHOW COLUMNS FROM `ml_photoand_word` [ RunTime:0.004844s ]
ERR: 1146:Table 'microlove.ml_photoand_word' doesn't exist
 [ SQL语句 ] : SHOW COLUMNS FROM `ml_photoand_word`
SQL: SHOW COLUMNS FROM `ml_photoandword` [ RunTime:0.021721s ]
SQL: SELECT * FROM `ml_photoandword`  [ RunTime:0.000241s ]
SQL: SHOW COLUMNS FROM `ml_claimant` [ RunTime:0.018547s ]
SQL: SHOW COLUMNS FROM `ml_claimant` [ RunTime:0.017464s ]
SQL: SELECT * FROM `ml_claimant`  [ RunTime:0.000244s ]
SQL: SHOW COLUMNS FROM `ml_wishstoryapplication` [ RunTime:0.076414s ]
SQL: SELECT * FROM `ml_wishstoryapplication` WHERE ( wishstory_id =18 )  [ RunTime:0.001485s ]
SQL: SHOW COLUMNS FROM `ml_photoandword` [ RunTime:0.013589s ]
SQL: SELECT * FROM `ml_photoandword` WHERE ( wishstory_id =18 )  [ RunTime:0.000219s ]
INFO: [ view_parse ] --START--
INFO: [ template_filter ] --START--
INFO: Run Behavior\ContentReplaceBehavior [ RunTime:0.000081s ]
INFO: [ template_filter ] --END-- [ RunTime:0.000143s ]
INFO: Run Behavior\ParseTemplateBehavior [ RunTime:0.067083s ]
INFO: [ view_parse ] --END-- [ RunTime:0.067149s ]
INFO: [ view_filter ] --START--
INFO: Run Behavior\WriteHtmlCacheBehavior [ RunTime:0.000657s ]
INFO: [ view_filter ] --END-- [ RunTime:0.000711s ]
INFO: [ app_end ] --START--
INFO: Run Behavior\ShowPageTraceBehavior [ RunTime:0.003762s ]
INFO: [ app_end ] --END-- [ RunTime:0.003841s ]

[ 2015-10-16T23:47:08+08:00 ] 127.0.0.1 /SCUMicroLove/Home/Index
INFO: [ app_init ] --START--
INFO: Run Behavior\BuildLiteBehavior [ RunTime:0.000013s ]
INFO: [ app_init ] --END-- [ RunTime:0.000336s ]
INFO: [ app_begin ] --START--
INFO: Run Behavior\ReadHtmlCacheBehavior [ RunTime:0.000618s ]
INFO: [ app_begin ] --END-- [ RunTime:0.000672s ]
SQL: SHOW COLUMNS FROM `ml_photoand_word` [ RunTime:0.008103s ]
ERR: 1146:Table 'microlove.ml_photoand_word' doesn't exist
 [ SQL语句 ] : SHOW COLUMNS FROM `ml_photoand_word`
SQL: SHOW COLUMNS FROM `ml_photoandword` [ RunTime:0.044087s ]
SQL: SELECT * FROM `ml_photoandword`  [ RunTime:0.000340s ]
SQL: SHOW COLUMNS FROM `ml_claimant` [ RunTime:0.023901s ]
SQL: SHOW COLUMNS FROM `ml_claimant` [ RunTime:0.021927s ]
SQL: SELECT * FROM `ml_claimant`  [ RunTime:0.000282s ]
SQL: SHOW COLUMNS FROM `ml_wishstory_application` [ RunTime:0.009355s ]
ERR: 1146:Table 'microlove.ml_wishstory_application' doesn't exist
 [ SQL语句 ] : SHOW COLUMNS FROM `ml_wishstory_application`
SQL: SHOW COLUMNS FROM `ml_wishstoryapplication` [ RunTime:0.070728s ]
SQL: SELECT COUNT(*) AS tp_count FROM `ml_wishstoryapplication` WHERE ( stu_claimstate = 0 ) LIMIT 1   [ RunTime:0.000270s ]
SQL: SHOW COLUMNS FROM `ml_wishstoryapplication` [ RunTime:0.034923s ]
SQL: SELECT * FROM `ml_wishstoryapplication` WHERE ( stu_claimstate = 0 ) ORDER BY wishstory_id desc LIMIT 0,10   [ RunTime:0.000578s ]
INFO: [ view_parse ] --START--
INFO: [ template_filter ] --START--
INFO: Run Behavior\ContentReplaceBehavior [ RunTime:0.000089s ]
INFO: [ template_filter ] --END-- [ RunTime:0.000128s ]
INFO: Run Behavior\ParseTemplateBehavior [ RunTime:0.223278s ]
INFO: [ view_parse ] --END-- [ RunTime:0.223337s ]
INFO: [ view_filter ] --START--
INFO: Run Behavior\WriteHtmlCacheBehavior [ RunTime:0.004554s ]
INFO: [ view_filter ] --END-- [ RunTime:0.004600s ]
INFO: [ app_end ] --START--
INFO: Run Behavior\ShowPageTraceBehavior [ RunTime:0.020009s ]
INFO: [ app_end ] --END-- [ RunTime:0.020102s ]

[ 2015-10-16T23:47:12+08:00 ] 127.0.0.1 /SCUMicroLove/Home/Index
INFO: [ app_init ] --START--
INFO: Run Behavior\BuildLiteBehavior [ RunTime:0.000011s ]
INFO: [ app_init ] --END-- [ RunTime:0.000272s ]
INFO: [ app_begin ] --START--
INFO: Run Behavior\ReadHtmlCacheBehavior [ RunTime:0.000436s ]
INFO: [ app_begin ] --END-- [ RunTime:0.000483s ]
SQL: SHOW COLUMNS FROM `ml_photoand_word` [ RunTime:0.005159s ]
ERR: 1146:Table 'microlove.ml_photoand_word' doesn't exist
 [ SQL语句 ] : SHOW COLUMNS FROM `ml_photoand_word`
SQL: SHOW COLUMNS FROM `ml_photoandword` [ RunTime:0.011258s ]
SQL: SELECT * FROM `ml_photoandword`  [ RunTime:0.000354s ]
SQL: SHOW COLUMNS FROM `ml_claimant` [ RunTime:0.013947s ]
SQL: SHOW COLUMNS FROM `ml_claimant` [ RunTime:0.010971s ]
SQL: SELECT * FROM `ml_claimant`  [ RunTime:0.000312s ]
SQL: SHOW COLUMNS FROM `ml_wishstory_application` [ RunTime:0.003657s ]
ERR: 1146:Table 'microlove.ml_wishstory_application' doesn't exist
 [ SQL语句 ] : SHOW COLUMNS FROM `ml_wishstory_application`
SQL: SHOW COLUMNS FROM `ml_wishstoryapplication` [ RunTime:0.019686s ]
SQL: SELECT COUNT(*) AS tp_count FROM `ml_wishstoryapplication` WHERE ( stu_claimstate = 0 ) LIMIT 1   [ RunTime:0.000268s ]
SQL: SHOW COLUMNS FROM `ml_wishstoryapplication` [ RunTime:0.021141s ]
SQL: SELECT * FROM `ml_wishstoryapplication` WHERE ( stu_claimstate = 0 ) ORDER BY wishstory_id desc LIMIT 0,10   [ RunTime:0.000411s ]
INFO: [ view_parse ] --START--
INFO: [ template_filter ] --START--
INFO: Run Behavior\ContentReplaceBehavior [ RunTime:0.000090s ]
INFO: [ template_filter ] --END-- [ RunTime:0.000163s ]
INFO: Run Behavior\ParseTemplateBehavior [ RunTime:0.028076s ]
INFO: [ view_parse ] --END-- [ RunTime:0.028129s ]
INFO: [ view_filter ] --START--
INFO: Run Behavior\WriteHtmlCacheBehavior [ RunTime:0.000202s ]
INFO: [ view_filter ] --END-- [ RunTime:0.000232s ]
INFO: [ app_end ] --START--
INFO: Run Behavior\ShowPageTraceBehavior [ RunTime:0.000754s ]
INFO: [ app_end ] --END-- [ RunTime:0.000813s ]

[ 2015-10-16T23:48:08+08:00 ] 127.0.0.1 /SCUMicroLove/Home/Preview?id=12
INFO: [ app_init ] --START--
INFO: Run Behavior\BuildLiteBehavior [ RunTime:0.000012s ]
INFO: [ app_init ] --END-- [ RunTime:0.000324s ]
INFO: [ app_begin ] --START--
INFO: Run Behavior\ReadHtmlCacheBehavior [ RunTime:0.000512s ]
INFO: [ app_begin ] --END-- [ RunTime:0.000553s ]
SQL: SHOW COLUMNS FROM `ml_wishstory_application` [ RunTime:0.006792s ]
ERR: 1146:Table 'microlove.ml_wishstory_application' doesn't exist
 [ SQL语句 ] : SHOW COLUMNS FROM `ml_wishstory_application`
SQL: SHOW COLUMNS FROM `ml_photoand_word` [ RunTime:0.005414s ]
ERR: 1146:Table 'microlove.ml_photoand_word' doesn't exist
 [ SQL语句 ] : SHOW COLUMNS FROM `ml_photoand_word`
SQL: SHOW COLUMNS FROM `ml_photoandword` [ RunTime:0.016440s ]
SQL: SELECT * FROM `ml_photoandword`  [ RunTime:0.000479s ]
SQL: SHOW COLUMNS FROM `ml_claimant` [ RunTime:0.020816s ]
SQL: SHOW COLUMNS FROM `ml_claimant` [ RunTime:0.016647s ]
SQL: SELECT * FROM `ml_claimant`  [ RunTime:0.000212s ]
SQL: SHOW COLUMNS FROM `ml_wishstoryapplication` [ RunTime:0.029244s ]
SQL: SELECT * FROM `ml_wishstoryapplication` WHERE ( wishstory_id =12 )  [ RunTime:0.000328s ]
SQL: SHOW COLUMNS FROM `ml_photoandword` [ RunTime:0.015374s ]
SQL: SELECT * FROM `ml_photoandword` WHERE ( wishstory_id =12 )  [ RunTime:0.000265s ]
INFO: [ view_parse ] --START--
INFO: [ template_filter ] --START--
INFO: Run Behavior\ContentReplaceBehavior [ RunTime:0.000065s ]
INFO: [ template_filter ] --END-- [ RunTime:0.000112s ]
INFO: Run Behavior\ParseTemplateBehavior [ RunTime:0.070528s ]
INFO: [ view_parse ] --END-- [ RunTime:0.070592s ]
INFO: [ view_filter ] --START--
INFO: Run Behavior\WriteHtmlCacheBehavior [ RunTime:0.000318s ]
INFO: [ view_filter ] --END-- [ RunTime:0.000370s ]
INFO: [ app_end ] --START--
INFO: Run Behavior\ShowPageTraceBehavior [ RunTime:0.003615s ]
INFO: [ app_end ] --END-- [ RunTime:0.003757s ]

[ 2015-10-16T23:48:10+08:00 ] 127.0.0.1 /SCUMicroLove/Home/Claimant?12
INFO: [ app_init ] --START--
INFO: Run Behavior\BuildLiteBehavior [ RunTime:0.000014s ]
INFO: [ app_init ] --END-- [ RunTime:0.000344s ]
INFO: [ app_begin ] --START--
INFO: Run Behavior\ReadHtmlCacheBehavior [ RunTime:0.000519s ]
INFO: [ app_begin ] --END-- [ RunTime:0.000561s ]
SQL: SHOW COLUMNS FROM `ml_photoand_word` [ RunTime:0.006390s ]
ERR: 1146:Table 'microlove.ml_photoand_word' doesn't exist
 [ SQL语句 ] : SHOW COLUMNS FROM `ml_photoand_word`
SQL: SHOW COLUMNS FROM `ml_photoandword` [ RunTime:0.013790s ]
SQL: SELECT * FROM `ml_photoandword`  [ RunTime:0.000280s ]
SQL: SHOW COLUMNS FROM `ml_claimant` [ RunTime:0.014888s ]
SQL: SHOW COLUMNS FROM `ml_claimant` [ RunTime:0.015016s ]
SQL: SELECT * FROM `ml_claimant`  [ RunTime:0.000369s ]
INFO: [ view_parse ] --START--
INFO: [ template_filter ] --START--
INFO: Run Behavior\ContentReplaceBehavior [ RunTime:0.000108s ]
INFO: [ template_filter ] --END-- [ RunTime:0.000219s ]
INFO: Run Behavior\ParseTemplateBehavior [ RunTime:0.044025s ]
INFO: [ view_parse ] --END-- [ RunTime:0.044111s ]
INFO: [ view_filter ] --START--
INFO: Run Behavior\WriteHtmlCacheBehavior [ RunTime:0.000292s ]
INFO: [ view_filter ] --END-- [ RunTime:0.000346s ]
INFO: [ app_end ] --START--
INFO: Run Behavior\ShowPageTraceBehavior [ RunTime:0.000872s ]
INFO: [ app_end ] --END-- [ RunTime:0.000948s ]

[ 2015-10-16T23:48:21+08:00 ] 127.0.0.1 /SCUMicroLove/Home/Index
INFO: [ app_init ] --START--
INFO: Run Behavior\BuildLiteBehavior [ RunTime:0.000012s ]
INFO: [ app_init ] --END-- [ RunTime:0.000298s ]
INFO: [ app_begin ] --START--
INFO: Run Behavior\ReadHtmlCacheBehavior [ RunTime:0.000437s ]
INFO: [ app_begin ] --END-- [ RunTime:0.000478s ]
SQL: SHOW COLUMNS FROM `ml_photoand_word` [ RunTime:0.005346s ]
ERR: 1146:Table 'microlove.ml_photoand_word' doesn't exist
 [ SQL语句 ] : SHOW COLUMNS FROM `ml_photoand_word`
SQL: SHOW COLUMNS FROM `ml_photoandword` [ RunTime:0.010412s ]
SQL: SELECT * FROM `ml_photoandword`  [ RunTime:0.000286s ]
SQL: SHOW COLUMNS FROM `ml_claimant` [ RunTime:0.012601s ]
SQL: SHOW COLUMNS FROM `ml_claimant` [ RunTime:0.011686s ]
SQL: SELECT * FROM `ml_claimant`  [ RunTime:0.000264s ]
SQL: SHOW COLUMNS FROM `ml_wishstory_application` [ RunTime:0.003633s ]
ERR: 1146:Table 'microlove.ml_wishstory_application' doesn't exist
 [ SQL语句 ] : SHOW COLUMNS FROM `ml_wishstory_application`
SQL: SHOW COLUMNS FROM `ml_wishstoryapplication` [ RunTime:0.018839s ]
SQL: SELECT COUNT(*) AS tp_count FROM `ml_wishstoryapplication` WHERE ( stu_claimstate = 0 ) LIMIT 1   [ RunTime:0.000263s ]
SQL: SHOW COLUMNS FROM `ml_wishstoryapplication` [ RunTime:0.018026s ]
SQL: SELECT * FROM `ml_wishstoryapplication` WHERE ( stu_claimstate = 0 ) ORDER BY wishstory_id desc LIMIT 0,10   [ RunTime:0.000421s ]
INFO: [ view_parse ] --START--
INFO: [ template_filter ] --START--
INFO: Run Behavior\ContentReplaceBehavior [ RunTime:0.000089s ]
INFO: [ template_filter ] --END-- [ RunTime:0.000132s ]
INFO: Run Behavior\ParseTemplateBehavior [ RunTime:0.027127s ]
INFO: [ view_parse ] --END-- [ RunTime:0.027181s ]
INFO: [ view_filter ] --START--
INFO: Run Behavior\WriteHtmlCacheBehavior [ RunTime:0.000214s ]
INFO: [ view_filter ] --END-- [ RunTime:0.000246s ]
INFO: [ app_end ] --START--
INFO: Run Behavior\ShowPageTraceBehavior [ RunTime:0.001016s ]
INFO: [ app_end ] --END-- [ RunTime:0.001100s ]

[ 2015-10-16T23:49:25+08:00 ] 127.0.0.1 /SCUMicroLove/Home/index
INFO: [ app_init ] --START--
INFO: Run Behavior\BuildLiteBehavior [ RunTime:0.000018s ]
INFO: [ app_init ] --END-- [ RunTime:0.000726s ]
INFO: [ app_begin ] --START--
INFO: Run Behavior\ReadHtmlCacheBehavior [ RunTime:0.000767s ]
INFO: [ app_begin ] --END-- [ RunTime:0.000902s ]
SQL: SHOW COLUMNS FROM `ml_photoand_word` [ RunTime:0.005578s ]
ERR: 1146:Table 'microlove.ml_photoand_word' doesn't exist
 [ SQL语句 ] : SHOW COLUMNS FROM `ml_photoand_word`
SQL: SHOW COLUMNS FROM `ml_photoandword` [ RunTime:0.010497s ]
SQL: SELECT * FROM `ml_photoandword`  [ RunTime:0.000233s ]
SQL: SHOW COLUMNS FROM `ml_claimant` [ RunTime:0.013366s ]
SQL: SHOW COLUMNS FROM `ml_claimant` [ RunTime:0.011398s ]
SQL: SELECT * FROM `ml_claimant`  [ RunTime:0.000207s ]
SQL: SHOW COLUMNS FROM `ml_wishstory_application` [ RunTime:0.003136s ]
ERR: 1146:Table 'microlove.ml_wishstory_application' doesn't exist
 [ SQL语句 ] : SHOW COLUMNS FROM `ml_wishstory_application`
SQL: SHOW COLUMNS FROM `ml_wishstoryapplication` [ RunTime:0.019102s ]
SQL: SELECT COUNT(*) AS tp_count FROM `ml_wishstoryapplication` WHERE ( stu_claimstate = 0 ) LIMIT 1   [ RunTime:0.000213s ]
SQL: SHOW COLUMNS FROM `ml_wishstoryapplication` [ RunTime:0.017477s ]
SQL: SELECT * FROM `ml_wishstoryapplication` WHERE ( stu_claimstate = 0 ) ORDER BY wishstory_id desc LIMIT 0,10   [ RunTime:0.000380s ]
INFO: [ view_parse ] --START--
INFO: [ template_filter ] --START--
INFO: Run Behavior\ContentReplaceBehavior [ RunTime:0.000094s ]
INFO: [ template_filter ] --END-- [ RunTime:0.000144s ]
INFO: Run Behavior\ParseTemplateBehavior [ RunTime:0.029821s ]
INFO: [ view_parse ] --END-- [ RunTime:0.029874s ]
INFO: [ view_filter ] --START--
INFO: Run Behavior\WriteHtmlCacheBehavior [ RunTime:0.000196s ]
INFO: [ view_filter ] --END-- [ RunTime:0.000228s ]
INFO: [ app_end ] --START--
INFO: Run Behavior\ShowPageTraceBehavior [ RunTime:0.000825s ]
INFO: [ app_end ] --END-- [ RunTime:0.000916s ]

