[ 2015-12-16T15:59:00+08:00 ] 127.0.0.1 /SCUMicroLove/Home/Index
INFO: [ app_init ] --START--
INFO: Run Behavior\BuildLiteBehavior [ RunTime:0.000014s ]
INFO: [ app_init ] --END-- [ RunTime:0.000664s ]
INFO: [ app_begin ] --START--
INFO: Run Behavior\ReadHtmlCacheBehavior [ RunTime:0.000941s ]
INFO: [ app_begin ] --END-- [ RunTime:0.000991s ]
SQL: SHOW COLUMNS FROM `ml_photoand_word` [ RunTime:0.036576s ]
ERR: 1146:Table 'microlove.ml_photoand_word' doesn't exist
 [ SQL语句 ] : SHOW COLUMNS FROM `ml_photoand_word`
SQL: SHOW COLUMNS FROM `ml_photoandword` [ RunTime:0.084815s ]
SQL: SELECT * FROM `ml_photoandword`  [ RunTime:0.030498s ]
SQL: SHOW COLUMNS FROM `ml_claimant` [ RunTime:0.042797s ]
SQL: SHOW COLUMNS FROM `ml_claimant` [ RunTime:0.003347s ]
SQL: SELECT * FROM `ml_claimant`  [ RunTime:0.012592s ]
SQL: SHOW COLUMNS FROM `ml_wishstory_application` [ RunTime:0.003310s ]
ERR: 1146:Table 'microlove.ml_wishstory_application' doesn't exist
 [ SQL语句 ] : SHOW COLUMNS FROM `ml_wishstory_application`
SQL: SHOW COLUMNS FROM `ml_wishstoryapplication` [ RunTime:0.056878s ]
SQL: SELECT COUNT(*) AS tp_count FROM `ml_wishstoryapplication` WHERE ( stu_claimstate = 0 ) LIMIT 1   [ RunTime:0.007570s ]
SQL: SHOW COLUMNS FROM `ml_wishstoryapplication` [ RunTime:0.003902s ]
SQL: SELECT * FROM `ml_wishstoryapplication` WHERE ( stu_claimstate = 0 ) ORDER BY wishstory_id desc LIMIT 0,10   [ RunTime:0.000362s ]
INFO: [ view_parse ] --START--
INFO: [ template_filter ] --START--
INFO: Run Behavior\ContentReplaceBehavior [ RunTime:0.000098s ]
INFO: [ template_filter ] --END-- [ RunTime:0.000156s ]
INFO: Run Behavior\ParseTemplateBehavior [ RunTime:0.074347s ]
INFO: [ view_parse ] --END-- [ RunTime:0.074402s ]
INFO: [ view_filter ] --START--
INFO: Run Behavior\WriteHtmlCacheBehavior [ RunTime:0.000732s ]
INFO: [ view_filter ] --END-- [ RunTime:0.000768s ]
INFO: [ app_end ] --START--
INFO: Run Behavior\ShowPageTraceBehavior [ RunTime:0.015973s ]
INFO: [ app_end ] --END-- [ RunTime:0.016067s ]

