[ 2015-10-06T11:17:24+08:00 ] 127.0.0.1 /SCUMicroLove/Home/Index
INFO: [ app_init ] --START--
INFO: Run Behavior\BuildLiteBehavior [ RunTime:0.000017s ]
INFO: [ app_init ] --END-- [ RunTime:0.010278s ]
INFO: [ app_begin ] --START--
INFO: Run Behavior\ReadHtmlCacheBehavior [ RunTime:0.007291s ]
INFO: [ app_begin ] --END-- [ RunTime:0.007349s ]
SQL: SHOW COLUMNS FROM `ml_photoand_word` [ RunTime:0.005859s ]
ERR: 1146:Table 'microlove.ml_photoand_word' doesn't exist
 [ SQL语句 ] : SHOW COLUMNS FROM `ml_photoand_word`
SQL: SHOW COLUMNS FROM `ml_photoandword` [ RunTime:0.052138s ]
SQL: SELECT * FROM `ml_photoandword`  [ RunTime:0.000311s ]
SQL: SHOW COLUMNS FROM `ml_wishstory_application` [ RunTime:0.003579s ]
ERR: 1146:Table 'microlove.ml_wishstory_application' doesn't exist
 [ SQL语句 ] : SHOW COLUMNS FROM `ml_wishstory_application`
SQL: SHOW COLUMNS FROM `ml_wishstoryapplication` [ RunTime:0.049386s ]
SQL: SELECT COUNT(*) AS tp_count FROM `ml_wishstoryapplication` WHERE ( stu_claimstate = 0 ) LIMIT 1   [ RunTime:0.000310s ]
SQL: SHOW COLUMNS FROM `ml_wishstoryapplication` [ RunTime:0.019863s ]
SQL: SELECT * FROM `ml_wishstoryapplication` WHERE ( stu_claimstate = 0 ) ORDER BY wishstory_id desc LIMIT 0,15   [ RunTime:0.000509s ]
INFO: [ view_parse ] --START--
INFO: [ template_filter ] --START--
INFO: Run Behavior\ContentReplaceBehavior [ RunTime:0.000103s ]
INFO: [ template_filter ] --END-- [ RunTime:0.000153s ]
INFO: Run Behavior\ParseTemplateBehavior [ RunTime:0.069054s ]
INFO: [ view_parse ] --END-- [ RunTime:0.069116s ]
INFO: [ view_filter ] --START--
INFO: Run Behavior\WriteHtmlCacheBehavior [ RunTime:0.005362s ]
INFO: [ view_filter ] --END-- [ RunTime:0.005409s ]
INFO: [ app_end ] --START--
INFO: Run Behavior\ShowPageTraceBehavior [ RunTime:0.020885s ]
INFO: [ app_end ] --END-- [ RunTime:0.020975s ]

[ 2015-10-06T11:17:28+08:00 ] 127.0.0.1 /SCUMicroLove/Home/Preview?id=16
INFO: [ app_init ] --START--
INFO: Run Behavior\BuildLiteBehavior [ RunTime:0.000018s ]
INFO: [ app_init ] --END-- [ RunTime:0.000505s ]
INFO: [ app_begin ] --START--
INFO: Run Behavior\ReadHtmlCacheBehavior [ RunTime:0.000929s ]
INFO: [ app_begin ] --END-- [ RunTime:0.001058s ]
SQL: SHOW COLUMNS FROM `ml_wishstory_application` [ RunTime:0.006184s ]
ERR: 1146:Table 'microlove.ml_wishstory_application' doesn't exist
 [ SQL语句 ] : SHOW COLUMNS FROM `ml_wishstory_application`
SQL: SHOW COLUMNS FROM `ml_photoand_word` [ RunTime:0.003553s ]
ERR: 1146:Table 'microlove.ml_photoand_word' doesn't exist
 [ SQL语句 ] : SHOW COLUMNS FROM `ml_photoand_word`
SQL: SHOW COLUMNS FROM `ml_photoandword` [ RunTime:0.010561s ]
SQL: SELECT * FROM `ml_photoandword`  [ RunTime:0.000231s ]
SQL: SHOW COLUMNS FROM `ml_wishstoryapplication` [ RunTime:0.020426s ]
SQL: SELECT * FROM `ml_wishstoryapplication` WHERE ( wishstory_id =16 )  [ RunTime:0.000236s ]
SQL: SHOW COLUMNS FROM `ml_photoandword` [ RunTime:0.008874s ]
SQL: SELECT * FROM `ml_photoandword` WHERE ( wishstory_id =16 )  [ RunTime:0.000208s ]
INFO: [ view_parse ] --START--
INFO: [ template_filter ] --START--
INFO: Run Behavior\ContentReplaceBehavior [ RunTime:0.000054s ]
INFO: [ template_filter ] --END-- [ RunTime:0.000097s ]
INFO: Run Behavior\ParseTemplateBehavior [ RunTime:0.020506s ]
INFO: [ view_parse ] --END-- [ RunTime:0.020564s ]
INFO: [ view_filter ] --START--
INFO: Run Behavior\WriteHtmlCacheBehavior [ RunTime:0.000320s ]
INFO: [ view_filter ] --END-- [ RunTime:0.000353s ]
INFO: [ app_end ] --START--
INFO: Run Behavior\ShowPageTraceBehavior [ RunTime:0.000511s ]
INFO: [ app_end ] --END-- [ RunTime:0.000544s ]

[ 2015-10-06T11:17:29+08:00 ] 127.0.0.1 /SCUMicroLove/Home/Preview?id=18
INFO: [ app_init ] --START--
INFO: Run Behavior\BuildLiteBehavior [ RunTime:0.000011s ]
INFO: [ app_init ] --END-- [ RunTime:0.000275s ]
INFO: [ app_begin ] --START--
INFO: Run Behavior\ReadHtmlCacheBehavior [ RunTime:0.000461s ]
INFO: [ app_begin ] --END-- [ RunTime:0.000500s ]
SQL: SHOW COLUMNS FROM `ml_wishstory_application` [ RunTime:0.005548s ]
ERR: 1146:Table 'microlove.ml_wishstory_application' doesn't exist
 [ SQL语句 ] : SHOW COLUMNS FROM `ml_wishstory_application`
SQL: SHOW COLUMNS FROM `ml_photoand_word` [ RunTime:0.003624s ]
ERR: 1146:Table 'microlove.ml_photoand_word' doesn't exist
 [ SQL语句 ] : SHOW COLUMNS FROM `ml_photoand_word`
SQL: SHOW COLUMNS FROM `ml_photoandword` [ RunTime:0.011814s ]
SQL: SELECT * FROM `ml_photoandword`  [ RunTime:0.000301s ]
SQL: SHOW COLUMNS FROM `ml_wishstoryapplication` [ RunTime:0.019314s ]
SQL: SELECT * FROM `ml_wishstoryapplication` WHERE ( wishstory_id =18 )  [ RunTime:0.000234s ]
SQL: SHOW COLUMNS FROM `ml_photoandword` [ RunTime:0.009082s ]
SQL: SELECT * FROM `ml_photoandword` WHERE ( wishstory_id =18 )  [ RunTime:0.000220s ]
INFO: [ view_parse ] --START--
INFO: [ template_filter ] --START--
INFO: Run Behavior\ContentReplaceBehavior [ RunTime:0.000065s ]
INFO: [ template_filter ] --END-- [ RunTime:0.000125s ]
INFO: Run Behavior\ParseTemplateBehavior [ RunTime:0.008200s ]
INFO: [ view_parse ] --END-- [ RunTime:0.008261s ]
INFO: [ view_filter ] --START--
INFO: Run Behavior\WriteHtmlCacheBehavior [ RunTime:0.000200s ]
INFO: [ view_filter ] --END-- [ RunTime:0.000232s ]
INFO: [ app_end ] --START--
INFO: Run Behavior\ShowPageTraceBehavior [ RunTime:0.000487s ]
INFO: [ app_end ] --END-- [ RunTime:0.000539s ]

[ 2015-10-06T11:17:30+08:00 ] 127.0.0.1 /SCUMicroLove/Home/Preview?id=21
INFO: [ app_init ] --START--
INFO: Run Behavior\BuildLiteBehavior [ RunTime:0.000012s ]
INFO: [ app_init ] --END-- [ RunTime:0.000291s ]
INFO: [ app_begin ] --START--
INFO: Run Behavior\ReadHtmlCacheBehavior [ RunTime:0.000408s ]
INFO: [ app_begin ] --END-- [ RunTime:0.000457s ]
SQL: SHOW COLUMNS FROM `ml_wishstory_application` [ RunTime:0.005186s ]
ERR: 1146:Table 'microlove.ml_wishstory_application' doesn't exist
 [ SQL语句 ] : SHOW COLUMNS FROM `ml_wishstory_application`
SQL: SHOW COLUMNS FROM `ml_photoand_word` [ RunTime:0.003408s ]
ERR: 1146:Table 'microlove.ml_photoand_word' doesn't exist
 [ SQL语句 ] : SHOW COLUMNS FROM `ml_photoand_word`
SQL: SHOW COLUMNS FROM `ml_photoandword` [ RunTime:0.011567s ]
SQL: SELECT * FROM `ml_photoandword`  [ RunTime:0.000224s ]
SQL: SHOW COLUMNS FROM `ml_wishstoryapplication` [ RunTime:0.020858s ]
SQL: SELECT * FROM `ml_wishstoryapplication` WHERE ( wishstory_id =21 )  [ RunTime:0.000314s ]
SQL: SHOW COLUMNS FROM `ml_photoandword` [ RunTime:0.008359s ]
SQL: SELECT * FROM `ml_photoandword` WHERE ( wishstory_id =21 )  [ RunTime:0.000222s ]
INFO: [ view_parse ] --START--
INFO: [ template_filter ] --START--
INFO: Run Behavior\ContentReplaceBehavior [ RunTime:0.000073s ]
INFO: [ template_filter ] --END-- [ RunTime:0.000128s ]
INFO: Run Behavior\ParseTemplateBehavior [ RunTime:0.007463s ]
INFO: [ view_parse ] --END-- [ RunTime:0.007526s ]
INFO: [ view_filter ] --START--
INFO: Run Behavior\WriteHtmlCacheBehavior [ RunTime:0.000192s ]
INFO: [ view_filter ] --END-- [ RunTime:0.000224s ]
INFO: [ app_end ] --START--
INFO: Run Behavior\ShowPageTraceBehavior [ RunTime:0.000479s ]
INFO: [ app_end ] --END-- [ RunTime:0.000512s ]

[ 2015-10-06T11:17:31+08:00 ] 127.0.0.1 /SCUMicroLove/Home/Preview?id=20
INFO: [ app_init ] --START--
INFO: Run Behavior\BuildLiteBehavior [ RunTime:0.000011s ]
INFO: [ app_init ] --END-- [ RunTime:0.000288s ]
INFO: [ app_begin ] --START--
INFO: Run Behavior\ReadHtmlCacheBehavior [ RunTime:0.000472s ]
INFO: [ app_begin ] --END-- [ RunTime:0.000510s ]
SQL: SHOW COLUMNS FROM `ml_wishstory_application` [ RunTime:0.005460s ]
ERR: 1146:Table 'microlove.ml_wishstory_application' doesn't exist
 [ SQL语句 ] : SHOW COLUMNS FROM `ml_wishstory_application`
SQL: SHOW COLUMNS FROM `ml_photoand_word` [ RunTime:0.003577s ]
ERR: 1146:Table 'microlove.ml_photoand_word' doesn't exist
 [ SQL语句 ] : SHOW COLUMNS FROM `ml_photoand_word`
SQL: SHOW COLUMNS FROM `ml_photoandword` [ RunTime:0.010176s ]
SQL: SELECT * FROM `ml_photoandword`  [ RunTime:0.000317s ]
SQL: SHOW COLUMNS FROM `ml_wishstoryapplication` [ RunTime:0.021834s ]
SQL: SELECT * FROM `ml_wishstoryapplication` WHERE ( wishstory_id =20 )  [ RunTime:0.000237s ]
SQL: SHOW COLUMNS FROM `ml_photoandword` [ RunTime:0.008338s ]
SQL: SELECT * FROM `ml_photoandword` WHERE ( wishstory_id =20 )  [ RunTime:0.000269s ]
INFO: [ view_parse ] --START--
INFO: [ template_filter ] --START--
INFO: Run Behavior\ContentReplaceBehavior [ RunTime:0.000053s ]
INFO: [ template_filter ] --END-- [ RunTime:0.000090s ]
INFO: Run Behavior\ParseTemplateBehavior [ RunTime:0.007414s ]
INFO: [ view_parse ] --END-- [ RunTime:0.007505s ]
INFO: [ view_filter ] --START--
INFO: Run Behavior\WriteHtmlCacheBehavior [ RunTime:0.000313s ]
INFO: [ view_filter ] --END-- [ RunTime:0.000363s ]
INFO: [ app_end ] --START--
INFO: Run Behavior\ShowPageTraceBehavior [ RunTime:0.000733s ]
INFO: [ app_end ] --END-- [ RunTime:0.000791s ]

[ 2015-10-06T11:17:32+08:00 ] 127.0.0.1 /SCUMicroLove/Home/Preview?id=24
INFO: [ app_init ] --START--
INFO: Run Behavior\BuildLiteBehavior [ RunTime:0.000020s ]
INFO: [ app_init ] --END-- [ RunTime:0.000470s ]
INFO: [ app_begin ] --START--
INFO: Run Behavior\ReadHtmlCacheBehavior [ RunTime:0.000746s ]
INFO: [ app_begin ] --END-- [ RunTime:0.000815s ]
SQL: SHOW COLUMNS FROM `ml_wishstory_application` [ RunTime:0.005398s ]
ERR: 1146:Table 'microlove.ml_wishstory_application' doesn't exist
 [ SQL语句 ] : SHOW COLUMNS FROM `ml_wishstory_application`
SQL: SHOW COLUMNS FROM `ml_photoand_word` [ RunTime:0.003314s ]
ERR: 1146:Table 'microlove.ml_photoand_word' doesn't exist
 [ SQL语句 ] : SHOW COLUMNS FROM `ml_photoand_word`
SQL: SHOW COLUMNS FROM `ml_photoandword` [ RunTime:0.009807s ]
SQL: SELECT * FROM `ml_photoandword`  [ RunTime:0.000265s ]
SQL: SHOW COLUMNS FROM `ml_wishstoryapplication` [ RunTime:0.019454s ]
SQL: SELECT * FROM `ml_wishstoryapplication` WHERE ( wishstory_id =24 )  [ RunTime:0.000251s ]
SQL: SHOW COLUMNS FROM `ml_photoandword` [ RunTime:0.009563s ]
SQL: SELECT * FROM `ml_photoandword` WHERE ( wishstory_id =24 )  [ RunTime:0.000204s ]
INFO: [ view_parse ] --START--
INFO: [ template_filter ] --START--
INFO: Run Behavior\ContentReplaceBehavior [ RunTime:0.000064s ]
INFO: [ template_filter ] --END-- [ RunTime:0.000134s ]
INFO: Run Behavior\ParseTemplateBehavior [ RunTime:0.008053s ]
INFO: [ view_parse ] --END-- [ RunTime:0.008109s ]
INFO: [ view_filter ] --START--
INFO: Run Behavior\WriteHtmlCacheBehavior [ RunTime:0.000399s ]
INFO: [ view_filter ] --END-- [ RunTime:0.000457s ]
INFO: [ app_end ] --START--
INFO: Run Behavior\ShowPageTraceBehavior [ RunTime:0.000624s ]
INFO: [ app_end ] --END-- [ RunTime:0.000698s ]

[ 2015-10-06T11:17:34+08:00 ] 127.0.0.1 /SCUMicroLove/Home/News
INFO: [ app_init ] --START--
INFO: Run Behavior\BuildLiteBehavior [ RunTime:0.000013s ]
INFO: [ app_init ] --END-- [ RunTime:0.000287s ]
INFO: [ app_begin ] --START--
INFO: Run Behavior\ReadHtmlCacheBehavior [ RunTime:0.000607s ]
INFO: [ app_begin ] --END-- [ RunTime:0.000656s ]
SQL: SHOW COLUMNS FROM `ml_photoand_word` [ RunTime:0.005723s ]
ERR: 1146:Table 'microlove.ml_photoand_word' doesn't exist
 [ SQL语句 ] : SHOW COLUMNS FROM `ml_photoand_word`
SQL: SHOW COLUMNS FROM `ml_photoandword` [ RunTime:0.009337s ]
SQL: SELECT * FROM `ml_photoandword`  [ RunTime:0.000251s ]
SQL: SHOW COLUMNS FROM `ml_news` [ RunTime:0.065871s ]
SQL: SHOW COLUMNS FROM `ml_news` [ RunTime:0.010715s ]
SQL: SELECT COUNT(*) AS tp_count FROM `ml_news` LIMIT 1   [ RunTime:0.000195s ]
SQL: SHOW COLUMNS FROM `ml_news` [ RunTime:0.010140s ]
SQL: SELECT * FROM `ml_news` ORDER BY news_id desc  [ RunTime:0.000344s ]
INFO: [ view_parse ] --START--
INFO: [ template_filter ] --START--
INFO: Run Behavior\ContentReplaceBehavior [ RunTime:0.000062s ]
INFO: [ template_filter ] --END-- [ RunTime:0.000107s ]
INFO: Run Behavior\ParseTemplateBehavior [ RunTime:0.052717s ]
INFO: [ view_parse ] --END-- [ RunTime:0.052774s ]
INFO: [ view_filter ] --START--
INFO: Run Behavior\WriteHtmlCacheBehavior [ RunTime:0.000219s ]
INFO: [ view_filter ] --END-- [ RunTime:0.000251s ]
INFO: [ app_end ] --START--
INFO: Run Behavior\ShowPageTraceBehavior [ RunTime:0.000799s ]
INFO: [ app_end ] --END-- [ RunTime:0.000857s ]

[ 2015-10-06T11:17:36+08:00 ] 127.0.0.1 /SCUMicroLove/Home/Preview?id=20
INFO: [ app_init ] --START--
INFO: Run Behavior\BuildLiteBehavior [ RunTime:0.000012s ]
INFO: [ app_init ] --END-- [ RunTime:0.000307s ]
INFO: [ app_begin ] --START--
INFO: Run Behavior\ReadHtmlCacheBehavior [ RunTime:0.000422s ]
INFO: [ app_begin ] --END-- [ RunTime:0.000471s ]
SQL: SHOW COLUMNS FROM `ml_wishstory_application` [ RunTime:0.006607s ]
ERR: 1146:Table 'microlove.ml_wishstory_application' doesn't exist
 [ SQL语句 ] : SHOW COLUMNS FROM `ml_wishstory_application`
SQL: SHOW COLUMNS FROM `ml_photoand_word` [ RunTime:0.003269s ]
ERR: 1146:Table 'microlove.ml_photoand_word' doesn't exist
 [ SQL语句 ] : SHOW COLUMNS FROM `ml_photoand_word`
SQL: SHOW COLUMNS FROM `ml_photoandword` [ RunTime:0.010690s ]
SQL: SELECT * FROM `ml_photoandword`  [ RunTime:0.000223s ]
SQL: SHOW COLUMNS FROM `ml_wishstoryapplication` [ RunTime:0.019131s ]
SQL: SELECT * FROM `ml_wishstoryapplication` WHERE ( wishstory_id =20 )  [ RunTime:0.000231s ]
SQL: SHOW COLUMNS FROM `ml_photoandword` [ RunTime:0.008345s ]
SQL: SELECT * FROM `ml_photoandword` WHERE ( wishstory_id =20 )  [ RunTime:0.000218s ]
INFO: [ view_parse ] --START--
INFO: [ template_filter ] --START--
INFO: Run Behavior\ContentReplaceBehavior [ RunTime:0.000055s ]
INFO: [ template_filter ] --END-- [ RunTime:0.000097s ]
INFO: Run Behavior\ParseTemplateBehavior [ RunTime:0.008113s ]
INFO: [ view_parse ] --END-- [ RunTime:0.008180s ]
INFO: [ view_filter ] --START--
INFO: Run Behavior\WriteHtmlCacheBehavior [ RunTime:0.000185s ]
INFO: [ view_filter ] --END-- [ RunTime:0.000213s ]
INFO: [ app_end ] --START--
INFO: Run Behavior\ShowPageTraceBehavior [ RunTime:0.000606s ]
INFO: [ app_end ] --END-- [ RunTime:0.000655s ]

[ 2015-10-06T11:17:40+08:00 ] 127.0.0.1 /SCUMicroLove/Home/Preview?id=22
INFO: [ app_init ] --START--
INFO: Run Behavior\BuildLiteBehavior [ RunTime:0.000017s ]
INFO: [ app_init ] --END-- [ RunTime:0.000312s ]
INFO: [ app_begin ] --START--
INFO: Run Behavior\ReadHtmlCacheBehavior [ RunTime:0.000464s ]
INFO: [ app_begin ] --END-- [ RunTime:0.000516s ]
SQL: SHOW COLUMNS FROM `ml_wishstory_application` [ RunTime:0.005591s ]
ERR: 1146:Table 'microlove.ml_wishstory_application' doesn't exist
 [ SQL语句 ] : SHOW COLUMNS FROM `ml_wishstory_application`
SQL: SHOW COLUMNS FROM `ml_photoand_word` [ RunTime:0.003330s ]
ERR: 1146:Table 'microlove.ml_photoand_word' doesn't exist
 [ SQL语句 ] : SHOW COLUMNS FROM `ml_photoand_word`
SQL: SHOW COLUMNS FROM `ml_photoandword` [ RunTime:0.009808s ]
SQL: SELECT * FROM `ml_photoandword`  [ RunTime:0.000428s ]
SQL: SHOW COLUMNS FROM `ml_wishstoryapplication` [ RunTime:0.020411s ]
SQL: SELECT * FROM `ml_wishstoryapplication` WHERE ( wishstory_id =22 )  [ RunTime:0.000292s ]
SQL: SHOW COLUMNS FROM `ml_photoandword` [ RunTime:0.008288s ]
SQL: SELECT * FROM `ml_photoandword` WHERE ( wishstory_id =22 )  [ RunTime:0.000201s ]
INFO: [ view_parse ] --START--
INFO: [ template_filter ] --START--
INFO: Run Behavior\ContentReplaceBehavior [ RunTime:0.000056s ]
INFO: [ template_filter ] --END-- [ RunTime:0.000098s ]
INFO: Run Behavior\ParseTemplateBehavior [ RunTime:0.007461s ]
INFO: [ view_parse ] --END-- [ RunTime:0.007509s ]
INFO: [ view_filter ] --START--
INFO: Run Behavior\WriteHtmlCacheBehavior [ RunTime:0.000177s ]
INFO: [ view_filter ] --END-- [ RunTime:0.000205s ]
INFO: [ app_end ] --START--
INFO: Run Behavior\ShowPageTraceBehavior [ RunTime:0.000463s ]
INFO: [ app_end ] --END-- [ RunTime:0.000495s ]

[ 2015-10-06T11:17:42+08:00 ] 127.0.0.1 /SCUMicroLove/Home/Introduction
INFO: [ app_init ] --START--
INFO: Run Behavior\BuildLiteBehavior [ RunTime:0.000011s ]
INFO: [ app_init ] --END-- [ RunTime:0.000272s ]
INFO: [ app_begin ] --START--
INFO: Run Behavior\ReadHtmlCacheBehavior [ RunTime:0.000413s ]
INFO: [ app_begin ] --END-- [ RunTime:0.000455s ]
SQL: SHOW COLUMNS FROM `ml_photoand_word` [ RunTime:0.006916s ]
ERR: 1146:Table 'microlove.ml_photoand_word' doesn't exist
 [ SQL语句 ] : SHOW COLUMNS FROM `ml_photoand_word`
SQL: SHOW COLUMNS FROM `ml_photoandword` [ RunTime:0.011481s ]
SQL: SELECT * FROM `ml_photoandword`  [ RunTime:0.000245s ]
INFO: [ view_parse ] --START--
INFO: [ template_filter ] --START--
INFO: Run Behavior\ContentReplaceBehavior [ RunTime:0.000056s ]
INFO: [ template_filter ] --END-- [ RunTime:0.000098s ]
INFO: Run Behavior\ParseTemplateBehavior [ RunTime:0.017875s ]
INFO: [ view_parse ] --END-- [ RunTime:0.017923s ]
INFO: [ view_filter ] --START--
INFO: Run Behavior\WriteHtmlCacheBehavior [ RunTime:0.000180s ]
INFO: [ view_filter ] --END-- [ RunTime:0.000209s ]
INFO: [ app_end ] --START--
INFO: Run Behavior\ShowPageTraceBehavior [ RunTime:0.000652s ]
INFO: [ app_end ] --END-- [ RunTime:0.000714s ]

[ 2015-10-06T11:17:42+08:00 ] 127.0.0.1 /SCUMicroLove/Home/Preview?id=22
INFO: [ app_init ] --START--
INFO: Run Behavior\BuildLiteBehavior [ RunTime:0.000013s ]
INFO: [ app_init ] --END-- [ RunTime:0.000367s ]
INFO: [ app_begin ] --START--
INFO: Run Behavior\ReadHtmlCacheBehavior [ RunTime:0.000432s ]
INFO: [ app_begin ] --END-- [ RunTime:0.000492s ]
SQL: SHOW COLUMNS FROM `ml_wishstory_application` [ RunTime:0.005128s ]
ERR: 1146:Table 'microlove.ml_wishstory_application' doesn't exist
 [ SQL语句 ] : SHOW COLUMNS FROM `ml_wishstory_application`
SQL: SHOW COLUMNS FROM `ml_photoand_word` [ RunTime:0.003335s ]
ERR: 1146:Table 'microlove.ml_photoand_word' doesn't exist
 [ SQL语句 ] : SHOW COLUMNS FROM `ml_photoand_word`
SQL: SHOW COLUMNS FROM `ml_photoandword` [ RunTime:0.008230s ]
SQL: SELECT * FROM `ml_photoandword`  [ RunTime:0.000256s ]
SQL: SHOW COLUMNS FROM `ml_wishstoryapplication` [ RunTime:0.020415s ]
SQL: SELECT * FROM `ml_wishstoryapplication` WHERE ( wishstory_id =22 )  [ RunTime:0.000273s ]
SQL: SHOW COLUMNS FROM `ml_photoandword` [ RunTime:0.037901s ]
SQL: SELECT * FROM `ml_photoandword` WHERE ( wishstory_id =22 )  [ RunTime:0.000280s ]
INFO: [ view_parse ] --START--
INFO: [ template_filter ] --START--
INFO: Run Behavior\ContentReplaceBehavior [ RunTime:0.000054s ]
INFO: [ template_filter ] --END-- [ RunTime:0.000095s ]
INFO: Run Behavior\ParseTemplateBehavior [ RunTime:0.008141s ]
INFO: [ view_parse ] --END-- [ RunTime:0.008185s ]
INFO: [ view_filter ] --START--
INFO: Run Behavior\WriteHtmlCacheBehavior [ RunTime:0.000183s ]
INFO: [ view_filter ] --END-- [ RunTime:0.000223s ]
INFO: [ app_end ] --START--
INFO: Run Behavior\ShowPageTraceBehavior [ RunTime:0.000483s ]
INFO: [ app_end ] --END-- [ RunTime:0.000515s ]

[ 2015-10-06T11:17:48+08:00 ] 127.0.0.1 /SCUMicroLove/Home/Preview?id=21
INFO: [ app_init ] --START--
INFO: Run Behavior\BuildLiteBehavior [ RunTime:0.000011s ]
INFO: [ app_init ] --END-- [ RunTime:0.000275s ]
INFO: [ app_begin ] --START--
INFO: Run Behavior\ReadHtmlCacheBehavior [ RunTime:0.000441s ]
INFO: [ app_begin ] --END-- [ RunTime:0.000486s ]
SQL: SHOW COLUMNS FROM `ml_wishstory_application` [ RunTime:0.005446s ]
ERR: 1146:Table 'microlove.ml_wishstory_application' doesn't exist
 [ SQL语句 ] : SHOW COLUMNS FROM `ml_wishstory_application`
SQL: SHOW COLUMNS FROM `ml_photoand_word` [ RunTime:0.003685s ]
ERR: 1146:Table 'microlove.ml_photoand_word' doesn't exist
 [ SQL语句 ] : SHOW COLUMNS FROM `ml_photoand_word`
SQL: SHOW COLUMNS FROM `ml_photoandword` [ RunTime:0.010411s ]
SQL: SELECT * FROM `ml_photoandword`  [ RunTime:0.000323s ]
SQL: SHOW COLUMNS FROM `ml_wishstoryapplication` [ RunTime:0.020001s ]
SQL: SELECT * FROM `ml_wishstoryapplication` WHERE ( wishstory_id =21 )  [ RunTime:0.000283s ]
SQL: SHOW COLUMNS FROM `ml_photoandword` [ RunTime:0.008734s ]
SQL: SELECT * FROM `ml_photoandword` WHERE ( wishstory_id =21 )  [ RunTime:0.000227s ]
INFO: [ view_parse ] --START--
INFO: [ template_filter ] --START--
INFO: Run Behavior\ContentReplaceBehavior [ RunTime:0.000068s ]
INFO: [ template_filter ] --END-- [ RunTime:0.000125s ]
INFO: Run Behavior\ParseTemplateBehavior [ RunTime:0.008702s ]
INFO: [ view_parse ] --END-- [ RunTime:0.008753s ]
INFO: [ view_filter ] --START--
INFO: Run Behavior\WriteHtmlCacheBehavior [ RunTime:0.000185s ]
INFO: [ view_filter ] --END-- [ RunTime:0.000214s ]
INFO: [ app_end ] --START--
INFO: Run Behavior\ShowPageTraceBehavior [ RunTime:0.000467s ]
INFO: [ app_end ] --END-- [ RunTime:0.000501s ]

[ 2015-10-06T11:17:51+08:00 ] 127.0.0.1 /SCUMicroLove/Home/LogIn
INFO: [ app_init ] --START--
INFO: Run Behavior\BuildLiteBehavior [ RunTime:0.000013s ]
INFO: [ app_init ] --END-- [ RunTime:0.000343s ]
INFO: [ app_begin ] --START--
INFO: Run Behavior\ReadHtmlCacheBehavior [ RunTime:0.000439s ]
INFO: [ app_begin ] --END-- [ RunTime:0.000477s ]
SQL: SHOW COLUMNS FROM `ml_photoand_word` [ RunTime:0.006242s ]
ERR: 1146:Table 'microlove.ml_photoand_word' doesn't exist
 [ SQL语句 ] : SHOW COLUMNS FROM `ml_photoand_word`
SQL: SHOW COLUMNS FROM `ml_photoandword` [ RunTime:0.010413s ]
SQL: SELECT * FROM `ml_photoandword`  [ RunTime:0.000252s ]
INFO: [ view_parse ] --START--
INFO: [ template_filter ] --START--
INFO: Run Behavior\ContentReplaceBehavior [ RunTime:0.000075s ]
INFO: [ template_filter ] --END-- [ RunTime:0.000143s ]
INFO: Run Behavior\ParseTemplateBehavior [ RunTime:0.021082s ]
INFO: [ view_parse ] --END-- [ RunTime:0.021133s ]
INFO: [ view_filter ] --START--
INFO: Run Behavior\WriteHtmlCacheBehavior [ RunTime:0.000200s ]
INFO: [ view_filter ] --END-- [ RunTime:0.000251s ]
INFO: [ app_end ] --START--
INFO: Run Behavior\ShowPageTraceBehavior [ RunTime:0.000494s ]
INFO: [ app_end ] --END-- [ RunTime:0.000527s ]

[ 2015-10-06T11:17:54+08:00 ] 127.0.0.1 /SCUMicroLove/Home/Inquire
INFO: [ app_init ] --START--
INFO: Run Behavior\BuildLiteBehavior [ RunTime:0.000013s ]
INFO: [ app_init ] --END-- [ RunTime:0.000384s ]
INFO: [ app_begin ] --START--
INFO: Run Behavior\ReadHtmlCacheBehavior [ RunTime:0.000440s ]
INFO: [ app_begin ] --END-- [ RunTime:0.000480s ]
SQL: SHOW COLUMNS FROM `ml_photoand_word` [ RunTime:0.006197s ]
ERR: 1146:Table 'microlove.ml_photoand_word' doesn't exist
 [ SQL语句 ] : SHOW COLUMNS FROM `ml_photoand_word`
SQL: SHOW COLUMNS FROM `ml_photoandword` [ RunTime:0.012201s ]
SQL: SELECT * FROM `ml_photoandword`  [ RunTime:0.000309s ]
SQL: SHOW COLUMNS FROM `ml_wishstory_application` [ RunTime:0.004223s ]
ERR: 1146:Table 'microlove.ml_wishstory_application' doesn't exist
 [ SQL语句 ] : SHOW COLUMNS FROM `ml_wishstory_application`
SQL: SHOW COLUMNS FROM `ml_wishstoryapplication` [ RunTime:0.025914s ]
SQL: SELECT COUNT(*) AS tp_count FROM `ml_wishstoryapplication` LIMIT 1   [ RunTime:0.000153s ]
SQL: SHOW COLUMNS FROM `ml_wishstoryapplication` [ RunTime:0.028640s ]
SQL: SELECT * FROM `ml_wishstoryapplication` ORDER BY wishstory_id desc LIMIT 0,10   [ RunTime:0.000351s ]
INFO: [ view_parse ] --START--
INFO: [ template_filter ] --START--
INFO: Run Behavior\ContentReplaceBehavior [ RunTime:0.000121s ]
INFO: [ template_filter ] --END-- [ RunTime:0.000213s ]
INFO: Run Behavior\ParseTemplateBehavior [ RunTime:0.047934s ]
INFO: [ view_parse ] --END-- [ RunTime:0.047996s ]
INFO: [ view_filter ] --START--
INFO: Run Behavior\WriteHtmlCacheBehavior [ RunTime:0.000280s ]
INFO: [ view_filter ] --END-- [ RunTime:0.000321s ]
INFO: [ app_end ] --START--
INFO: Run Behavior\ShowPageTraceBehavior [ RunTime:0.000637s ]
INFO: [ app_end ] --END-- [ RunTime:0.000696s ]

