[ 2015-10-25T23:22:57+08:00 ] 127.0.0.1 /SCUMicroLove/Home/Index
INFO: [ app_init ] --START--
INFO: Run Behavior\BuildLiteBehavior [ RunTime:0.000017s ]
INFO: [ app_init ] --END-- [ RunTime:0.005535s ]
INFO: [ app_begin ] --START--
INFO: Run Behavior\ReadHtmlCacheBehavior [ RunTime:0.005606s ]
INFO: [ app_begin ] --END-- [ RunTime:0.005666s ]
SQL: SHOW COLUMNS FROM `ml_photoand_word` [ RunTime:0.026756s ]
ERR: 1146:Table 'microlove.ml_photoand_word' doesn't exist
 [ SQL语句 ] : SHOW COLUMNS FROM `ml_photoand_word`
SQL: SHOW COLUMNS FROM `ml_photoandword` [ RunTime:0.031968s ]
SQL: SELECT * FROM `ml_photoandword`  [ RunTime:0.000323s ]
SQL: SHOW COLUMNS FROM `ml_claimant` [ RunTime:0.061773s ]
SQL: SHOW COLUMNS FROM `ml_claimant` [ RunTime:0.010550s ]
SQL: SELECT * FROM `ml_claimant`  [ RunTime:0.000251s ]
SQL: SHOW COLUMNS FROM `ml_wishstory_application` [ RunTime:0.003326s ]
ERR: 1146:Table 'microlove.ml_wishstory_application' doesn't exist
 [ SQL语句 ] : SHOW COLUMNS FROM `ml_wishstory_application`
SQL: SHOW COLUMNS FROM `ml_wishstoryapplication` [ RunTime:0.034088s ]
SQL: SELECT COUNT(*) AS tp_count FROM `ml_wishstoryapplication` WHERE ( stu_claimstate = 0 ) LIMIT 1   [ RunTime:0.000265s ]
SQL: SHOW COLUMNS FROM `ml_wishstoryapplication` [ RunTime:0.016680s ]
SQL: SELECT * FROM `ml_wishstoryapplication` WHERE ( stu_claimstate = 0 ) ORDER BY wishstory_id desc LIMIT 0,10   [ RunTime:0.000385s ]
INFO: [ view_parse ] --START--
INFO: [ template_filter ] --START--
INFO: Run Behavior\ContentReplaceBehavior [ RunTime:0.000084s ]
INFO: [ template_filter ] --END-- [ RunTime:0.000124s ]
INFO: Run Behavior\ParseTemplateBehavior [ RunTime:0.097599s ]
INFO: [ view_parse ] --END-- [ RunTime:0.097656s ]
INFO: [ view_filter ] --START--
INFO: Run Behavior\WriteHtmlCacheBehavior [ RunTime:0.004366s ]
INFO: [ view_filter ] --END-- [ RunTime:0.004407s ]
INFO: [ app_end ] --START--
INFO: Run Behavior\ShowPageTraceBehavior [ RunTime:0.018644s ]
INFO: [ app_end ] --END-- [ RunTime:0.018802s ]

