[ 2016-03-27T00:30:02+08:00 ] 68.180.230.246 /SCUMicroLove/Home/Preview?id=14
INFO: [ app_init ] --START--
INFO: Run Behavior\BuildLiteBehavior [ RunTime:0.000000s ]
INFO: [ app_init ] --END-- [ RunTime:0.000000s ]
INFO: [ app_begin ] --START--
INFO: Run Behavior\ReadHtmlCacheBehavior [ RunTime:0.000000s ]
INFO: [ app_begin ] --END-- [ RunTime:0.000000s ]
SQL: SHOW COLUMNS FROM `ml_wishstory_application` [ RunTime:0.000000s ]
ERR: 1146:Table 'microlove.ml_wishstory_application' doesn't exist
 [ SQL语句 ] : SHOW COLUMNS FROM `ml_wishstory_application`
SQL: SHOW COLUMNS FROM `ml_photoand_word` [ RunTime:0.015625s ]
ERR: 1146:Table 'microlove.ml_photoand_word' doesn't exist
 [ SQL语句 ] : SHOW COLUMNS FROM `ml_photoand_word`
SQL: SHOW COLUMNS FROM `ml_photoandword` [ RunTime:0.000000s ]
SQL: SELECT * FROM `ml_photoandword`  [ RunTime:0.000000s ]
SQL: SHOW COLUMNS FROM `ml_claimant` [ RunTime:0.015625s ]
SQL: SHOW COLUMNS FROM `ml_claimant` [ RunTime:0.000000s ]
SQL: SELECT * FROM `ml_claimant`  [ RunTime:0.000000s ]
SQL: SHOW COLUMNS FROM `ml_wishstoryapplication` [ RunTime:0.015625s ]
SQL: SELECT * FROM `ml_wishstoryapplication` WHERE ( wishstory_id =14 )  [ RunTime:0.000000s ]
SQL: SHOW COLUMNS FROM `ml_photoandword` [ RunTime:0.000000s ]
SQL: SELECT * FROM `ml_photoandword` WHERE ( wishstory_id =14 )  [ RunTime:0.015625s ]
INFO: [ view_parse ] --START--
INFO: [ template_filter ] --START--
INFO: Run Behavior\ContentReplaceBehavior [ RunTime:0.000000s ]
INFO: [ template_filter ] --END-- [ RunTime:0.000000s ]
INFO: Run Behavior\ParseTemplateBehavior [ RunTime:0.031250s ]
INFO: [ view_parse ] --END-- [ RunTime:0.031250s ]
INFO: [ view_filter ] --START--
INFO: Run Behavior\WriteHtmlCacheBehavior [ RunTime:0.000000s ]
INFO: [ view_filter ] --END-- [ RunTime:0.000000s ]
INFO: [ app_end ] --START--
INFO: Run Behavior\ShowPageTraceBehavior [ RunTime:0.000000s ]
INFO: [ app_end ] --END-- [ RunTime:0.000000s ]

[ 2016-03-27T00:33:40+08:00 ] 68.180.230.246 /SCUMicroLove/Home/Claimant?14
INFO: [ app_init ] --START--
INFO: Run Behavior\BuildLiteBehavior [ RunTime:0.000000s ]
INFO: [ app_init ] --END-- [ RunTime:0.000000s ]
INFO: [ app_begin ] --START--
INFO: Run Behavior\ReadHtmlCacheBehavior [ RunTime:0.000000s ]
INFO: [ app_begin ] --END-- [ RunTime:0.000000s ]
SQL: SHOW COLUMNS FROM `ml_photoand_word` [ RunTime:0.000000s ]
ERR: 1146:Table 'microlove.ml_photoand_word' doesn't exist
 [ SQL语句 ] : SHOW COLUMNS FROM `ml_photoand_word`
SQL: SHOW COLUMNS FROM `ml_photoandword` [ RunTime:0.000000s ]
SQL: SELECT * FROM `ml_photoandword`  [ RunTime:0.000000s ]
SQL: SHOW COLUMNS FROM `ml_claimant` [ RunTime:0.015625s ]
SQL: SHOW COLUMNS FROM `ml_claimant` [ RunTime:0.000000s ]
SQL: SELECT * FROM `ml_claimant`  [ RunTime:0.000000s ]
INFO: [ view_parse ] --START--
INFO: [ template_filter ] --START--
INFO: Run Behavior\ContentReplaceBehavior [ RunTime:0.000000s ]
INFO: [ template_filter ] --END-- [ RunTime:0.000000s ]
INFO: Run Behavior\ParseTemplateBehavior [ RunTime:0.031250s ]
INFO: [ view_parse ] --END-- [ RunTime:0.031250s ]
INFO: [ view_filter ] --START--
INFO: Run Behavior\WriteHtmlCacheBehavior [ RunTime:0.000000s ]
INFO: [ view_filter ] --END-- [ RunTime:0.000000s ]
INFO: [ app_end ] --START--
INFO: Run Behavior\ShowPageTraceBehavior [ RunTime:0.000000s ]
INFO: [ app_end ] --END-- [ RunTime:0.000000s ]

[ 2016-03-27T07:12:31+08:00 ] 68.180.230.246 /SCUMicroLove/Home/Preview?id=10
INFO: [ app_init ] --START--
INFO: Run Behavior\BuildLiteBehavior [ RunTime:0.000000s ]
INFO: [ app_init ] --END-- [ RunTime:0.015625s ]
INFO: [ app_begin ] --START--
INFO: Run Behavior\ReadHtmlCacheBehavior [ RunTime:0.000000s ]
INFO: [ app_begin ] --END-- [ RunTime:0.000000s ]
SQL: SHOW COLUMNS FROM `ml_wishstory_application` [ RunTime:0.000000s ]
ERR: 1146:Table 'microlove.ml_wishstory_application' doesn't exist
 [ SQL语句 ] : SHOW COLUMNS FROM `ml_wishstory_application`
SQL: SHOW COLUMNS FROM `ml_photoand_word` [ RunTime:0.000000s ]
ERR: 1146:Table 'microlove.ml_photoand_word' doesn't exist
 [ SQL语句 ] : SHOW COLUMNS FROM `ml_photoand_word`
SQL: SHOW COLUMNS FROM `ml_photoandword` [ RunTime:0.015625s ]
SQL: SELECT * FROM `ml_photoandword`  [ RunTime:0.000000s ]
SQL: SHOW COLUMNS FROM `ml_claimant` [ RunTime:0.000000s ]
SQL: SHOW COLUMNS FROM `ml_claimant` [ RunTime:0.000000s ]
SQL: SELECT * FROM `ml_claimant`  [ RunTime:0.000000s ]
SQL: SHOW COLUMNS FROM `ml_wishstoryapplication` [ RunTime:0.015625s ]
SQL: SELECT * FROM `ml_wishstoryapplication` WHERE ( wishstory_id =10 )  [ RunTime:0.000000s ]
SQL: SHOW COLUMNS FROM `ml_photoandword` [ RunTime:0.000000s ]
SQL: SELECT * FROM `ml_photoandword` WHERE ( wishstory_id =10 )  [ RunTime:0.000000s ]
INFO: [ view_parse ] --START--
INFO: [ template_filter ] --START--
INFO: Run Behavior\ContentReplaceBehavior [ RunTime:0.000000s ]
INFO: [ template_filter ] --END-- [ RunTime:0.000000s ]
INFO: Run Behavior\ParseTemplateBehavior [ RunTime:0.031250s ]
INFO: [ view_parse ] --END-- [ RunTime:0.031250s ]
INFO: [ view_filter ] --START--
INFO: Run Behavior\WriteHtmlCacheBehavior [ RunTime:0.000000s ]
INFO: [ view_filter ] --END-- [ RunTime:0.000000s ]
INFO: [ app_end ] --START--
INFO: Run Behavior\ShowPageTraceBehavior [ RunTime:0.000000s ]
INFO: [ app_end ] --END-- [ RunTime:0.000000s ]

[ 2016-03-27T07:23:20+08:00 ] 68.180.230.246 /SCUMicroLove/Home/Claimant?15
INFO: [ app_init ] --START--
INFO: Run Behavior\BuildLiteBehavior [ RunTime:0.000000s ]
INFO: [ app_init ] --END-- [ RunTime:0.000000s ]
INFO: [ app_begin ] --START--
INFO: Run Behavior\ReadHtmlCacheBehavior [ RunTime:0.000000s ]
INFO: [ app_begin ] --END-- [ RunTime:0.000000s ]
SQL: SHOW COLUMNS FROM `ml_photoand_word` [ RunTime:0.000000s ]
ERR: 1146:Table 'microlove.ml_photoand_word' doesn't exist
 [ SQL语句 ] : SHOW COLUMNS FROM `ml_photoand_word`
SQL: SHOW COLUMNS FROM `ml_photoandword` [ RunTime:0.015625s ]
SQL: SELECT * FROM `ml_photoandword`  [ RunTime:0.000000s ]
SQL: SHOW COLUMNS FROM `ml_claimant` [ RunTime:0.000000s ]
SQL: SHOW COLUMNS FROM `ml_claimant` [ RunTime:0.000000s ]
SQL: SELECT * FROM `ml_claimant`  [ RunTime:0.000000s ]
INFO: [ view_parse ] --START--
INFO: [ template_filter ] --START--
INFO: Run Behavior\ContentReplaceBehavior [ RunTime:0.000000s ]
INFO: [ template_filter ] --END-- [ RunTime:0.000000s ]
INFO: Run Behavior\ParseTemplateBehavior [ RunTime:0.031250s ]
INFO: [ view_parse ] --END-- [ RunTime:0.031250s ]
INFO: [ view_filter ] --START--
INFO: Run Behavior\WriteHtmlCacheBehavior [ RunTime:0.000000s ]
INFO: [ view_filter ] --END-- [ RunTime:0.000000s ]
INFO: [ app_end ] --START--
INFO: Run Behavior\ShowPageTraceBehavior [ RunTime:0.000000s ]
INFO: [ app_end ] --END-- [ RunTime:0.000000s ]

[ 2016-03-27T08:44:27+08:00 ] 68.180.230.246 /SCUMicroLove/Home/Claimant?10
INFO: [ app_init ] --START--
INFO: Run Behavior\BuildLiteBehavior [ RunTime:0.000000s ]
INFO: [ app_init ] --END-- [ RunTime:0.000000s ]
INFO: [ app_begin ] --START--
INFO: Run Behavior\ReadHtmlCacheBehavior [ RunTime:0.000000s ]
INFO: [ app_begin ] --END-- [ RunTime:0.000000s ]
SQL: SHOW COLUMNS FROM `ml_photoand_word` [ RunTime:0.000000s ]
ERR: 1146:Table 'microlove.ml_photoand_word' doesn't exist
 [ SQL语句 ] : SHOW COLUMNS FROM `ml_photoand_word`
SQL: SHOW COLUMNS FROM `ml_photoandword` [ RunTime:0.000000s ]
SQL: SELECT * FROM `ml_photoandword`  [ RunTime:0.000000s ]
SQL: SHOW COLUMNS FROM `ml_claimant` [ RunTime:0.000000s ]
SQL: SHOW COLUMNS FROM `ml_claimant` [ RunTime:0.000000s ]
SQL: SELECT * FROM `ml_claimant`  [ RunTime:0.000000s ]
INFO: [ view_parse ] --START--
INFO: [ template_filter ] --START--
INFO: Run Behavior\ContentReplaceBehavior [ RunTime:0.000000s ]
INFO: [ template_filter ] --END-- [ RunTime:0.000000s ]
INFO: Run Behavior\ParseTemplateBehavior [ RunTime:0.031250s ]
INFO: [ view_parse ] --END-- [ RunTime:0.031250s ]
INFO: [ view_filter ] --START--
INFO: Run Behavior\WriteHtmlCacheBehavior [ RunTime:0.000000s ]
INFO: [ view_filter ] --END-- [ RunTime:0.000000s ]
INFO: [ app_end ] --START--
INFO: Run Behavior\ShowPageTraceBehavior [ RunTime:0.000000s ]
INFO: [ app_end ] --END-- [ RunTime:0.000000s ]

[ 2016-03-27T15:55:51+08:00 ] 68.180.230.246 /SCUMicroLove/Home/Preview?id=21
INFO: [ app_init ] --START--
INFO: Run Behavior\BuildLiteBehavior [ RunTime:0.000000s ]
INFO: [ app_init ] --END-- [ RunTime:0.000000s ]
INFO: [ app_begin ] --START--
INFO: Run Behavior\ReadHtmlCacheBehavior [ RunTime:0.015625s ]
INFO: [ app_begin ] --END-- [ RunTime:0.015625s ]
SQL: SHOW COLUMNS FROM `ml_wishstory_application` [ RunTime:0.000000s ]
ERR: 1146:Table 'microlove.ml_wishstory_application' doesn't exist
 [ SQL语句 ] : SHOW COLUMNS FROM `ml_wishstory_application`
SQL: SHOW COLUMNS FROM `ml_photoand_word` [ RunTime:0.015625s ]
ERR: 1146:Table 'microlove.ml_photoand_word' doesn't exist
 [ SQL语句 ] : SHOW COLUMNS FROM `ml_photoand_word`
SQL: SHOW COLUMNS FROM `ml_photoandword` [ RunTime:0.000000s ]
SQL: SELECT * FROM `ml_photoandword`  [ RunTime:0.000000s ]
SQL: SHOW COLUMNS FROM `ml_claimant` [ RunTime:0.000000s ]
SQL: SHOW COLUMNS FROM `ml_claimant` [ RunTime:0.000000s ]
SQL: SELECT * FROM `ml_claimant`  [ RunTime:0.000000s ]
SQL: SHOW COLUMNS FROM `ml_wishstoryapplication` [ RunTime:0.015625s ]
SQL: SELECT * FROM `ml_wishstoryapplication` WHERE ( wishstory_id =21 )  [ RunTime:0.000000s ]
SQL: SHOW COLUMNS FROM `ml_photoandword` [ RunTime:0.000000s ]
SQL: SELECT * FROM `ml_photoandword` WHERE ( wishstory_id =21 )  [ RunTime:0.000000s ]
INFO: [ view_parse ] --START--
INFO: [ template_filter ] --START--
INFO: Run Behavior\ContentReplaceBehavior [ RunTime:0.000000s ]
INFO: [ template_filter ] --END-- [ RunTime:0.000000s ]
INFO: Run Behavior\ParseTemplateBehavior [ RunTime:0.031250s ]
INFO: [ view_parse ] --END-- [ RunTime:0.031250s ]
INFO: [ view_filter ] --START--
INFO: Run Behavior\WriteHtmlCacheBehavior [ RunTime:0.000000s ]
INFO: [ view_filter ] --END-- [ RunTime:0.000000s ]
INFO: [ app_end ] --START--
INFO: Run Behavior\ShowPageTraceBehavior [ RunTime:0.000000s ]
INFO: [ app_end ] --END-- [ RunTime:0.000000s ]

[ 2016-03-27T18:46:30+08:00 ] 42.156.139.41 /SCUMicroLove/Home/Preview?id=3
INFO: [ app_init ] --START--
INFO: Run Behavior\BuildLiteBehavior [ RunTime:0.015625s ]
INFO: [ app_init ] --END-- [ RunTime:0.015625s ]
INFO: [ app_begin ] --START--
INFO: Run Behavior\ReadHtmlCacheBehavior [ RunTime:0.000000s ]
INFO: [ app_begin ] --END-- [ RunTime:0.000000s ]
SQL: SHOW COLUMNS FROM `ml_wishstory_application` [ RunTime:0.000000s ]
ERR: 1146:Table 'microlove.ml_wishstory_application' doesn't exist
 [ SQL语句 ] : SHOW COLUMNS FROM `ml_wishstory_application`
SQL: SHOW COLUMNS FROM `ml_photoand_word` [ RunTime:0.000000s ]
ERR: 1146:Table 'microlove.ml_photoand_word' doesn't exist
 [ SQL语句 ] : SHOW COLUMNS FROM `ml_photoand_word`
SQL: SHOW COLUMNS FROM `ml_photoandword` [ RunTime:0.015625s ]
SQL: SELECT * FROM `ml_photoandword`  [ RunTime:0.000000s ]
SQL: SHOW COLUMNS FROM `ml_claimant` [ RunTime:0.015625s ]
SQL: SHOW COLUMNS FROM `ml_claimant` [ RunTime:0.000000s ]
SQL: SELECT * FROM `ml_claimant`  [ RunTime:0.000000s ]
SQL: SHOW COLUMNS FROM `ml_wishstoryapplication` [ RunTime:0.015625s ]
SQL: SELECT * FROM `ml_wishstoryapplication` WHERE ( wishstory_id =3 )  [ RunTime:0.000000s ]
SQL: SHOW COLUMNS FROM `ml_photoandword` [ RunTime:0.000000s ]
SQL: SELECT * FROM `ml_photoandword` WHERE ( wishstory_id =3 )  [ RunTime:0.000000s ]
INFO: [ view_parse ] --START--
INFO: [ template_filter ] --START--
INFO: Run Behavior\ContentReplaceBehavior [ RunTime:0.000000s ]
INFO: [ template_filter ] --END-- [ RunTime:0.000000s ]
INFO: Run Behavior\ParseTemplateBehavior [ RunTime:0.062500s ]
INFO: [ view_parse ] --END-- [ RunTime:0.062500s ]
INFO: [ view_filter ] --START--
INFO: Run Behavior\WriteHtmlCacheBehavior [ RunTime:0.000000s ]
INFO: [ view_filter ] --END-- [ RunTime:0.000000s ]
INFO: [ app_end ] --START--
INFO: Run Behavior\ShowPageTraceBehavior [ RunTime:0.000000s ]
INFO: [ app_end ] --END-- [ RunTime:0.000000s ]

[ 2016-03-27T18:46:31+08:00 ] 42.156.138.41 /SCUMicroLove/Home/Preview?id=10
INFO: [ app_init ] --START--
INFO: Run Behavior\BuildLiteBehavior [ RunTime:0.000000s ]
INFO: [ app_init ] --END-- [ RunTime:0.000000s ]
INFO: [ app_begin ] --START--
INFO: Run Behavior\ReadHtmlCacheBehavior [ RunTime:0.000000s ]
INFO: [ app_begin ] --END-- [ RunTime:0.000000s ]
SQL: SHOW COLUMNS FROM `ml_wishstory_application` [ RunTime:0.000000s ]
ERR: 1146:Table 'microlove.ml_wishstory_application' doesn't exist
 [ SQL语句 ] : SHOW COLUMNS FROM `ml_wishstory_application`
SQL: SHOW COLUMNS FROM `ml_photoand_word` [ RunTime:0.015625s ]
ERR: 1146:Table 'microlove.ml_photoand_word' doesn't exist
 [ SQL语句 ] : SHOW COLUMNS FROM `ml_photoand_word`
SQL: SHOW COLUMNS FROM `ml_photoandword` [ RunTime:0.000000s ]
SQL: SELECT * FROM `ml_photoandword`  [ RunTime:0.000000s ]
SQL: SHOW COLUMNS FROM `ml_claimant` [ RunTime:0.000000s ]
SQL: SHOW COLUMNS FROM `ml_claimant` [ RunTime:0.000000s ]
SQL: SELECT * FROM `ml_claimant`  [ RunTime:0.000000s ]
SQL: SHOW COLUMNS FROM `ml_wishstoryapplication` [ RunTime:0.015625s ]
SQL: SELECT * FROM `ml_wishstoryapplication` WHERE ( wishstory_id =10 )  [ RunTime:0.000000s ]
SQL: SHOW COLUMNS FROM `ml_photoandword` [ RunTime:0.015625s ]
SQL: SELECT * FROM `ml_photoandword` WHERE ( wishstory_id =10 )  [ RunTime:0.000000s ]
INFO: [ view_parse ] --START--
INFO: [ template_filter ] --START--
INFO: Run Behavior\ContentReplaceBehavior [ RunTime:0.000000s ]
INFO: [ template_filter ] --END-- [ RunTime:0.000000s ]
INFO: Run Behavior\ParseTemplateBehavior [ RunTime:0.046875s ]
INFO: [ view_parse ] --END-- [ RunTime:0.046875s ]
INFO: [ view_filter ] --START--
INFO: Run Behavior\WriteHtmlCacheBehavior [ RunTime:0.015625s ]
INFO: [ view_filter ] --END-- [ RunTime:0.015625s ]
INFO: [ app_end ] --START--
INFO: Run Behavior\ShowPageTraceBehavior [ RunTime:0.000000s ]
INFO: [ app_end ] --END-- [ RunTime:0.000000s ]

[ 2016-03-27T18:46:49+08:00 ] 42.156.137.41 /SCUMicroLove/Home/Preview?id=14
INFO: [ app_init ] --START--
INFO: Run Behavior\BuildLiteBehavior [ RunTime:0.000000s ]
INFO: [ app_init ] --END-- [ RunTime:0.000000s ]
INFO: [ app_begin ] --START--
INFO: Run Behavior\ReadHtmlCacheBehavior [ RunTime:0.015625s ]
INFO: [ app_begin ] --END-- [ RunTime:0.015625s ]
SQL: SHOW COLUMNS FROM `ml_wishstory_application` [ RunTime:0.000000s ]
ERR: 1146:Table 'microlove.ml_wishstory_application' doesn't exist
 [ SQL语句 ] : SHOW COLUMNS FROM `ml_wishstory_application`
SQL: SHOW COLUMNS FROM `ml_photoand_word` [ RunTime:0.015625s ]
ERR: 1146:Table 'microlove.ml_photoand_word' doesn't exist
 [ SQL语句 ] : SHOW COLUMNS FROM `ml_photoand_word`
SQL: SHOW COLUMNS FROM `ml_photoandword` [ RunTime:0.000000s ]
SQL: SELECT * FROM `ml_photoandword`  [ RunTime:0.000000s ]
SQL: SHOW COLUMNS FROM `ml_claimant` [ RunTime:0.000000s ]
SQL: SHOW COLUMNS FROM `ml_claimant` [ RunTime:0.015625s ]
SQL: SELECT * FROM `ml_claimant`  [ RunTime:0.000000s ]
SQL: SHOW COLUMNS FROM `ml_wishstoryapplication` [ RunTime:0.000000s ]
SQL: SELECT * FROM `ml_wishstoryapplication` WHERE ( wishstory_id =14 )  [ RunTime:0.000000s ]
SQL: SHOW COLUMNS FROM `ml_photoandword` [ RunTime:0.000000s ]
SQL: SELECT * FROM `ml_photoandword` WHERE ( wishstory_id =14 )  [ RunTime:0.000000s ]
INFO: [ view_parse ] --START--
INFO: [ template_filter ] --START--
INFO: Run Behavior\ContentReplaceBehavior [ RunTime:0.000000s ]
INFO: [ template_filter ] --END-- [ RunTime:0.000000s ]
INFO: Run Behavior\ParseTemplateBehavior [ RunTime:0.031250s ]
INFO: [ view_parse ] --END-- [ RunTime:0.031250s ]
INFO: [ view_filter ] --START--
INFO: Run Behavior\WriteHtmlCacheBehavior [ RunTime:0.000000s ]
INFO: [ view_filter ] --END-- [ RunTime:0.000000s ]
INFO: [ app_end ] --START--
INFO: Run Behavior\ShowPageTraceBehavior [ RunTime:0.000000s ]
INFO: [ app_end ] --END-- [ RunTime:0.000000s ]

[ 2016-03-27T18:46:58+08:00 ] 42.156.137.41 /SCUMicroLove/Home/Introduction
INFO: [ app_init ] --START--
INFO: Run Behavior\BuildLiteBehavior [ RunTime:0.000000s ]
INFO: [ app_init ] --END-- [ RunTime:0.000000s ]
INFO: [ app_begin ] --START--
INFO: Run Behavior\ReadHtmlCacheBehavior [ RunTime:0.000000s ]
INFO: [ app_begin ] --END-- [ RunTime:0.000000s ]
SQL: SHOW COLUMNS FROM `ml_photoand_word` [ RunTime:0.000000s ]
ERR: 1146:Table 'microlove.ml_photoand_word' doesn't exist
 [ SQL语句 ] : SHOW COLUMNS FROM `ml_photoand_word`
SQL: SHOW COLUMNS FROM `ml_photoandword` [ RunTime:0.000000s ]
SQL: SELECT * FROM `ml_photoandword`  [ RunTime:0.000000s ]
SQL: SHOW COLUMNS FROM `ml_claimant` [ RunTime:0.015625s ]
SQL: SHOW COLUMNS FROM `ml_claimant` [ RunTime:0.000000s ]
SQL: SELECT * FROM `ml_claimant`  [ RunTime:0.000000s ]
INFO: [ view_parse ] --START--
INFO: [ template_filter ] --START--
INFO: Run Behavior\ContentReplaceBehavior [ RunTime:0.000000s ]
INFO: [ template_filter ] --END-- [ RunTime:0.000000s ]
INFO: Run Behavior\ParseTemplateBehavior [ RunTime:0.031250s ]
INFO: [ view_parse ] --END-- [ RunTime:0.031250s ]
INFO: [ view_filter ] --START--
INFO: Run Behavior\WriteHtmlCacheBehavior [ RunTime:0.015625s ]
INFO: [ view_filter ] --END-- [ RunTime:0.015625s ]
INFO: [ app_end ] --START--
INFO: Run Behavior\ShowPageTraceBehavior [ RunTime:0.000000s ]
INFO: [ app_end ] --END-- [ RunTime:0.000000s ]

