[ 2016-06-01T10:40:38+08:00 ] ::1 /SCUMicroLove/Home/Index
INFO: [ app_init ] --START--
INFO: Run Behavior\BuildLiteBehavior [ RunTime:0.000020s ]
INFO: [ app_init ] --END-- [ RunTime:0.001982s ]
INFO: [ app_begin ] --START--
INFO: Run Behavior\ReadHtmlCacheBehavior [ RunTime:0.001261s ]
INFO: [ app_begin ] --END-- [ RunTime:0.001347s ]
NOTIC: [8192] mysql_connect(): The mysql extension is deprecated and will be removed in the future: use mysqli or PDO instead D:\Develop\PHP\Development Tools\httpd-2.4.12-win64-VC14\Apache24\htdocs\SCUMicroLove\ThinkPHP\Library\Think\Db\Driver\Mysql.class.php Á¨¨ 52 Ë°å.
NOTIC: [2] mysql_connect():  D:\Develop\PHP\Development Tools\httpd-2.4.12-win64-VC14\Apache24\htdocs\SCUMicroLove\ThinkPHP\Library\Think\Db\Driver\Mysql.class.php Á¨¨ 52 Ë°å.
ERR: ”…”⁄ƒø±Íº∆À„ª˙ª˝º´æ‹æ¯£¨Œﬁ∑®¡¨Ω”°£


[ 2016-06-01T10:40:39+08:00 ] ::1 /SCUMicroLove/Home/Index
INFO: [ app_init ] --START--
INFO: Run Behavior\BuildLiteBehavior [ RunTime:0.000017s ]
INFO: [ app_init ] --END-- [ RunTime:0.000665s ]
INFO: [ app_begin ] --START--
INFO: Run Behavior\ReadHtmlCacheBehavior [ RunTime:0.001553s ]
INFO: [ app_begin ] --END-- [ RunTime:0.001649s ]
NOTIC: [8192] mysql_connect(): The mysql extension is deprecated and will be removed in the future: use mysqli or PDO instead D:\Develop\PHP\Development Tools\httpd-2.4.12-win64-VC14\Apache24\htdocs\SCUMicroLove\ThinkPHP\Library\Think\Db\Driver\Mysql.class.php Á¨¨ 52 Ë°å.
NOTIC: [2] mysql_connect():  D:\Develop\PHP\Development Tools\httpd-2.4.12-win64-VC14\Apache24\htdocs\SCUMicroLove\ThinkPHP\Library\Think\Db\Driver\Mysql.class.php Á¨¨ 52 Ë°å.
ERR: ”…”⁄ƒø±Íº∆À„ª˙ª˝º´æ‹æ¯£¨Œﬁ∑®¡¨Ω”°£


[ 2016-06-01T10:40:55+08:00 ] ::1 /SCUMicroLove/Home/Index
INFO: [ app_init ] --START--
INFO: Run Behavior\BuildLiteBehavior [ RunTime:0.000026s ]
INFO: [ app_init ] --END-- [ RunTime:0.001160s ]
INFO: [ app_begin ] --START--
INFO: Run Behavior\ReadHtmlCacheBehavior [ RunTime:0.001122s ]
INFO: [ app_begin ] --END-- [ RunTime:0.001214s ]
NOTIC: [8192] mysql_connect(): The mysql extension is deprecated and will be removed in the future: use mysqli or PDO instead D:\Develop\PHP\Development Tools\httpd-2.4.12-win64-VC14\Apache24\htdocs\SCUMicroLove\ThinkPHP\Library\Think\Db\Driver\Mysql.class.php Á¨¨ 52 Ë°å.
SQL: SHOW COLUMNS FROM `ml_photoand_word` [ RunTime:0.007582s ]
ERR: 1146:Table 'microlove.ml_photoand_word' doesn't exist
 [ SQLËØ≠Âè• ] : SHOW COLUMNS FROM `ml_photoand_word`
SQL: SHOW COLUMNS FROM `ml_photoandword` [ RunTime:0.006846s ]
SQL: SELECT * FROM `ml_photoandword`  [ RunTime:0.000902s ]
SQL: SHOW COLUMNS FROM `ml_wishstory_application` [ RunTime:0.003735s ]
ERR: 1146:Table 'microlove.ml_wishstory_application' doesn't exist
 [ SQLËØ≠Âè• ] : SHOW COLUMNS FROM `ml_wishstory_application`
SQL: SHOW COLUMNS FROM `ml_wishstoryapplication` [ RunTime:0.007301s ]
SQL: SELECT COUNT(*) AS tp_count FROM `ml_wishstoryapplication` WHERE ( stu_claimstate =2 ) LIMIT 1   [ RunTime:0.001378s ]
SQL: SHOW COLUMNS FROM `ml_wishstoryapplication` [ RunTime:0.004528s ]
SQL: SELECT * FROM `ml_wishstoryapplication` WHERE ( stu_claimstate = 2 ) ORDER BY wishstory_id desc LIMIT 0,10   [ RunTime:0.000443s ]
INFO: [ view_parse ] --START--
INFO: [ template_filter ] --START--
INFO: Run Behavior\ContentReplaceBehavior [ RunTime:0.000117s ]
INFO: [ template_filter ] --END-- [ RunTime:0.000188s ]
INFO: Run Behavior\ParseTemplateBehavior [ RunTime:0.019171s ]
INFO: [ view_parse ] --END-- [ RunTime:0.019249s ]
INFO: [ view_filter ] --START--
INFO: Run Behavior\WriteHtmlCacheBehavior [ RunTime:0.000983s ]
INFO: [ view_filter ] --END-- [ RunTime:0.001044s ]
INFO: [ app_end ] --START--
INFO: Run Behavior\ShowPageTraceBehavior [ RunTime:0.001660s ]
INFO: [ app_end ] --END-- [ RunTime:0.001743s ]

[ 2016-06-01T10:40:58+08:00 ] ::1 /SCUMicroLove/Home/WishstoryApplication
INFO: [ app_init ] --START--
INFO: Run Behavior\BuildLiteBehavior [ RunTime:0.000017s ]
INFO: [ app_init ] --END-- [ RunTime:0.000595s ]
INFO: [ app_begin ] --START--
INFO: Run Behavior\ReadHtmlCacheBehavior [ RunTime:0.001385s ]
INFO: [ app_begin ] --END-- [ RunTime:0.001535s ]
NOTIC: [8192] mysql_connect(): The mysql extension is deprecated and will be removed in the future: use mysqli or PDO instead D:\Develop\PHP\Development Tools\httpd-2.4.12-win64-VC14\Apache24\htdocs\SCUMicroLove\ThinkPHP\Library\Think\Db\Driver\Mysql.class.php Á¨¨ 52 Ë°å.
SQL: SHOW COLUMNS FROM `ml_photoand_word` [ RunTime:0.003856s ]
ERR: 1146:Table 'microlove.ml_photoand_word' doesn't exist
 [ SQLËØ≠Âè• ] : SHOW COLUMNS FROM `ml_photoand_word`
SQL: SHOW COLUMNS FROM `ml_photoandword` [ RunTime:0.005234s ]
SQL: SELECT * FROM `ml_photoandword`  [ RunTime:0.000394s ]
SQL: SHOW COLUMNS FROM `ml_claimant` [ RunTime:0.005353s ]
SQL: SHOW COLUMNS FROM `ml_claimant` [ RunTime:0.004080s ]
SQL: SELECT * FROM `ml_claimant`  [ RunTime:0.000362s ]
INFO: [ view_parse ] --START--
INFO: [ template_filter ] --START--
INFO: Run Behavior\ContentReplaceBehavior [ RunTime:0.000157s ]
INFO: [ template_filter ] --END-- [ RunTime:0.000236s ]
INFO: Run Behavior\ParseTemplateBehavior [ RunTime:0.014432s ]
INFO: [ view_parse ] --END-- [ RunTime:0.014517s ]
INFO: [ view_filter ] --START--
INFO: Run Behavior\WriteHtmlCacheBehavior [ RunTime:0.000985s ]
INFO: [ view_filter ] --END-- [ RunTime:0.001075s ]
INFO: [ app_end ] --START--
INFO: Run Behavior\ShowPageTraceBehavior [ RunTime:0.001549s ]
INFO: [ app_end ] --END-- [ RunTime:0.001667s ]

[ 2016-06-01T10:44:26+08:00 ] ::1 /SCUMicroLove/Home/WishstoryApplication
INFO: [ app_init ] --START--
INFO: Run Behavior\BuildLiteBehavior [ RunTime:0.000027s ]
INFO: [ app_init ] --END-- [ RunTime:0.001199s ]
INFO: [ app_begin ] --START--
INFO: Run Behavior\ReadHtmlCacheBehavior [ RunTime:0.001052s ]
INFO: [ app_begin ] --END-- [ RunTime:0.001138s ]
NOTIC: [8192] mysql_connect(): The mysql extension is deprecated and will be removed in the future: use mysqli or PDO instead D:\Develop\PHP\Development Tools\httpd-2.4.12-win64-VC14\Apache24\htdocs\SCUMicroLove\ThinkPHP\Library\Think\Db\Driver\Mysql.class.php Á¨¨ 52 Ë°å.
SQL: SHOW COLUMNS FROM `ml_photoand_word` [ RunTime:0.004471s ]
ERR: 1146:Table 'microlove.ml_photoand_word' doesn't exist
 [ SQLËØ≠Âè• ] : SHOW COLUMNS FROM `ml_photoand_word`
SQL: SHOW COLUMNS FROM `ml_photoandword` [ RunTime:0.004324s ]
SQL: SELECT * FROM `ml_photoandword`  [ RunTime:0.000233s ]
SQL: SHOW COLUMNS FROM `ml_claimant` [ RunTime:0.004025s ]
SQL: SHOW COLUMNS FROM `ml_claimant` [ RunTime:0.005226s ]
SQL: SELECT * FROM `ml_claimant`  [ RunTime:0.000249s ]
INFO: [ view_parse ] --START--
INFO: [ template_filter ] --START--
INFO: Run Behavior\ContentReplaceBehavior [ RunTime:0.000159s ]
INFO: [ template_filter ] --END-- [ RunTime:0.000228s ]
INFO: Run Behavior\ParseTemplateBehavior [ RunTime:0.012126s ]
INFO: [ view_parse ] --END-- [ RunTime:0.012208s ]
INFO: [ view_filter ] --START--
INFO: Run Behavior\WriteHtmlCacheBehavior [ RunTime:0.000961s ]
INFO: [ view_filter ] --END-- [ RunTime:0.001025s ]
INFO: [ app_end ] --START--
INFO: Run Behavior\ShowPageTraceBehavior [ RunTime:0.002214s ]
INFO: [ app_end ] --END-- [ RunTime:0.002361s ]

[ 2016-06-01T10:46:08+08:00 ] ::1 /SCUMicroLove/Home/WishstoryApplication
INFO: [ app_init ] --START--
INFO: Run Behavior\BuildLiteBehavior [ RunTime:0.000038s ]
INFO: [ app_init ] --END-- [ RunTime:0.000941s ]
INFO: [ app_begin ] --START--
INFO: Run Behavior\ReadHtmlCacheBehavior [ RunTime:0.001799s ]
INFO: [ app_begin ] --END-- [ RunTime:0.001906s ]
NOTIC: [8192] mysql_connect(): The mysql extension is deprecated and will be removed in the future: use mysqli or PDO instead D:\Develop\PHP\Development Tools\httpd-2.4.12-win64-VC14\Apache24\htdocs\SCUMicroLove\ThinkPHP\Library\Think\Db\Driver\Mysql.class.php Á¨¨ 52 Ë°å.
SQL: SHOW COLUMNS FROM `ml_photoand_word` [ RunTime:0.004927s ]
ERR: 1146:Table 'microlove.ml_photoand_word' doesn't exist
 [ SQLËØ≠Âè• ] : SHOW COLUMNS FROM `ml_photoand_word`
SQL: SHOW COLUMNS FROM `ml_photoandword` [ RunTime:0.005249s ]
SQL: SELECT * FROM `ml_photoandword`  [ RunTime:0.000223s ]
SQL: SHOW COLUMNS FROM `ml_claimant` [ RunTime:0.006754s ]
SQL: SHOW COLUMNS FROM `ml_claimant` [ RunTime:0.005654s ]
SQL: SELECT * FROM `ml_claimant`  [ RunTime:0.000255s ]
INFO: [ view_parse ] --START--
INFO: [ template_filter ] --START--
INFO: Run Behavior\ContentReplaceBehavior [ RunTime:0.000163s ]
INFO: [ template_filter ] --END-- [ RunTime:0.000256s ]
INFO: Run Behavior\ParseTemplateBehavior [ RunTime:0.015177s ]
INFO: [ view_parse ] --END-- [ RunTime:0.015266s ]
INFO: [ view_filter ] --START--
INFO: Run Behavior\WriteHtmlCacheBehavior [ RunTime:0.000772s ]
INFO: [ view_filter ] --END-- [ RunTime:0.000828s ]
INFO: [ app_end ] --START--
INFO: Run Behavior\ShowPageTraceBehavior [ RunTime:0.001373s ]
INFO: [ app_end ] --END-- [ RunTime:0.001468s ]

[ 2016-06-01T10:51:26+08:00 ] ::1 /SCUMicroLove/Home/WishstoryApplication
INFO: [ app_init ] --START--
INFO: Run Behavior\BuildLiteBehavior [ RunTime:0.000032s ]
INFO: [ app_init ] --END-- [ RunTime:0.001117s ]
INFO: [ app_begin ] --START--
INFO: Run Behavior\ReadHtmlCacheBehavior [ RunTime:0.001015s ]
INFO: [ app_begin ] --END-- [ RunTime:0.001140s ]
NOTIC: [8192] mysql_connect(): The mysql extension is deprecated and will be removed in the future: use mysqli or PDO instead D:\Develop\PHP\Development Tools\httpd-2.4.12-win64-VC14\Apache24\htdocs\SCUMicroLove\ThinkPHP\Library\Think\Db\Driver\Mysql.class.php Á¨¨ 52 Ë°å.
SQL: SHOW COLUMNS FROM `ml_photoand_word` [ RunTime:0.003889s ]
ERR: 1146:Table 'microlove.ml_photoand_word' doesn't exist
 [ SQLËØ≠Âè• ] : SHOW COLUMNS FROM `ml_photoand_word`
SQL: SHOW COLUMNS FROM `ml_photoandword` [ RunTime:0.004748s ]
SQL: SELECT * FROM `ml_photoandword`  [ RunTime:0.000217s ]
SQL: SHOW COLUMNS FROM `ml_claimant` [ RunTime:0.005082s ]
SQL: SHOW COLUMNS FROM `ml_claimant` [ RunTime:0.004275s ]
SQL: SELECT * FROM `ml_claimant`  [ RunTime:0.000289s ]
INFO: [ view_parse ] --START--
INFO: [ template_filter ] --START--
INFO: Run Behavior\ContentReplaceBehavior [ RunTime:0.000154s ]
INFO: [ template_filter ] --END-- [ RunTime:0.000226s ]
INFO: Run Behavior\ParseTemplateBehavior [ RunTime:0.013033s ]
INFO: [ view_parse ] --END-- [ RunTime:0.013120s ]
INFO: [ view_filter ] --START--
INFO: Run Behavior\WriteHtmlCacheBehavior [ RunTime:0.000732s ]
INFO: [ view_filter ] --END-- [ RunTime:0.000784s ]
INFO: [ app_end ] --START--
INFO: Run Behavior\ShowPageTraceBehavior [ RunTime:0.001656s ]
INFO: [ app_end ] --END-- [ RunTime:0.001766s ]

[ 2016-06-01T10:51:42+08:00 ] ::1 /SCUMicroLove/Home/WishstoryApplication
INFO: [ app_init ] --START--
INFO: Run Behavior\BuildLiteBehavior [ RunTime:0.000019s ]
INFO: [ app_init ] --END-- [ RunTime:0.000578s ]
INFO: [ app_begin ] --START--
INFO: Run Behavior\ReadHtmlCacheBehavior [ RunTime:0.001045s ]
INFO: [ app_begin ] --END-- [ RunTime:0.001147s ]
NOTIC: [8192] mysql_connect(): The mysql extension is deprecated and will be removed in the future: use mysqli or PDO instead D:\Develop\PHP\Development Tools\httpd-2.4.12-win64-VC14\Apache24\htdocs\SCUMicroLove\ThinkPHP\Library\Think\Db\Driver\Mysql.class.php Á¨¨ 52 Ë°å.
SQL: SHOW COLUMNS FROM `ml_photoand_word` [ RunTime:0.004293s ]
ERR: 1146:Table 'microlove.ml_photoand_word' doesn't exist
 [ SQLËØ≠Âè• ] : SHOW COLUMNS FROM `ml_photoand_word`
SQL: SHOW COLUMNS FROM `ml_photoandword` [ RunTime:0.004296s ]
SQL: SELECT * FROM `ml_photoandword`  [ RunTime:0.000248s ]
SQL: SHOW COLUMNS FROM `ml_claimant` [ RunTime:0.005110s ]
SQL: SHOW COLUMNS FROM `ml_claimant` [ RunTime:0.005323s ]
SQL: SELECT * FROM `ml_claimant`  [ RunTime:0.000247s ]
INFO: [ view_parse ] --START--
INFO: [ template_filter ] --START--
INFO: Run Behavior\ContentReplaceBehavior [ RunTime:0.000159s ]
INFO: [ template_filter ] --END-- [ RunTime:0.000238s ]
INFO: Run Behavior\ParseTemplateBehavior [ RunTime:0.014297s ]
INFO: [ view_parse ] --END-- [ RunTime:0.014391s ]
INFO: [ view_filter ] --START--
INFO: Run Behavior\WriteHtmlCacheBehavior [ RunTime:0.000865s ]
INFO: [ view_filter ] --END-- [ RunTime:0.000957s ]
INFO: [ app_end ] --START--
INFO: Run Behavior\ShowPageTraceBehavior [ RunTime:0.001770s ]
INFO: [ app_end ] --END-- [ RunTime:0.001884s ]

[ 2016-06-01T11:05:19+08:00 ] ::1 /SCUMicroLove/Home/WishstoryApplication/add
INFO: [ app_init ] --START--
INFO: Run Behavior\BuildLiteBehavior [ RunTime:0.000019s ]
INFO: [ app_init ] --END-- [ RunTime:0.000668s ]
INFO: [ app_begin ] --START--
INFO: Run Behavior\ReadHtmlCacheBehavior [ RunTime:0.000935s ]
INFO: [ app_begin ] --END-- [ RunTime:0.001000s ]
NOTIC: [8192] mysql_connect(): The mysql extension is deprecated and will be removed in the future: use mysqli or PDO instead D:\Develop\PHP\Development Tools\httpd-2.4.12-win64-VC14\Apache24\htdocs\SCUMicroLove\ThinkPHP\Library\Think\Db\Driver\Mysql.class.php Á¨¨ 52 Ë°å.
SQL: SHOW COLUMNS FROM `ml_wishstory_application` [ RunTime:0.004112s ]
ERR: 1146:Table 'microlove.ml_wishstory_application' doesn't exist
 [ SQLËØ≠Âè• ] : SHOW COLUMNS FROM `ml_wishstory_application`
SQL: SHOW COLUMNS FROM `ml_wishstoryapplication` [ RunTime:0.006263s ]
SQL: INSERT INTO `ml_wishstoryapplication` (`stu_id`,`stu_name`,`stu_gender`,`stu_phone`,`stu_nation`,`stu_nativeplace`,`stu_grade`,`stu_academy`,`stu_major`,`wishstory_name`,`stu_wishstory`,`stu_family`,`stu_claimstate`,`applydate`,`querytoken`) VALUES ('2012151611032','ÈªÑ‰ªïÊ∏Ö','Áî∑',' scuadmin','Ê±âÊóè','ÂõõÂ∑ù','2013','ËÆ°ÁÆóÊú∫Â≠¶Èô¢','ËÆ°ÁÆóÊú∫','bmhmjh','hjgkjjgj','hjgh',0,'2016-06-01','123') [ RunTime:0.002455s ]
INFO: [ view_parse ] --START--
INFO: [ template_filter ] --START--
INFO: Run Behavior\ContentReplaceBehavior [ RunTime:0.000077s ]
INFO: [ template_filter ] --END-- [ RunTime:0.000175s ]
INFO: Run Behavior\ParseTemplateBehavior [ RunTime:0.010563s ]
INFO: [ view_parse ] --END-- [ RunTime:0.010649s ]
INFO: [ view_filter ] --START--
INFO: Run Behavior\WriteHtmlCacheBehavior [ RunTime:0.000731s ]
INFO: [ view_filter ] --END-- [ RunTime:0.000793s ]
INFO: [ app_end ] --START--
INFO: Run Behavior\ShowPageTraceBehavior [ RunTime:0.001211s ]
INFO: [ app_end ] --END-- [ RunTime:0.001333s ]

[ 2016-06-01T11:05:20+08:00 ] ::1 /SCUMicroLove/Home/WishstoryApplication
INFO: [ app_init ] --START--
INFO: Run Behavior\BuildLiteBehavior [ RunTime:0.000019s ]
INFO: [ app_init ] --END-- [ RunTime:0.000618s ]
INFO: [ app_begin ] --START--
INFO: Run Behavior\ReadHtmlCacheBehavior [ RunTime:0.000934s ]
INFO: [ app_begin ] --END-- [ RunTime:0.001000s ]
NOTIC: [8192] mysql_connect(): The mysql extension is deprecated and will be removed in the future: use mysqli or PDO instead D:\Develop\PHP\Development Tools\httpd-2.4.12-win64-VC14\Apache24\htdocs\SCUMicroLove\ThinkPHP\Library\Think\Db\Driver\Mysql.class.php Á¨¨ 52 Ë°å.
SQL: SHOW COLUMNS FROM `ml_photoand_word` [ RunTime:0.003967s ]
ERR: 1146:Table 'microlove.ml_photoand_word' doesn't exist
 [ SQLËØ≠Âè• ] : SHOW COLUMNS FROM `ml_photoand_word`
SQL: SHOW COLUMNS FROM `ml_photoandword` [ RunTime:0.004387s ]
SQL: SELECT * FROM `ml_photoandword`  [ RunTime:0.000278s ]
SQL: SHOW COLUMNS FROM `ml_claimant` [ RunTime:0.004371s ]
SQL: SHOW COLUMNS FROM `ml_claimant` [ RunTime:0.004176s ]
SQL: SELECT * FROM `ml_claimant`  [ RunTime:0.000230s ]
INFO: [ view_parse ] --START--
INFO: [ template_filter ] --START--
INFO: Run Behavior\ContentReplaceBehavior [ RunTime:0.000155s ]
INFO: [ template_filter ] --END-- [ RunTime:0.000225s ]
INFO: Run Behavior\ParseTemplateBehavior [ RunTime:0.012885s ]
INFO: [ view_parse ] --END-- [ RunTime:0.012965s ]
INFO: [ view_filter ] --START--
INFO: Run Behavior\WriteHtmlCacheBehavior [ RunTime:0.000778s ]
INFO: [ view_filter ] --END-- [ RunTime:0.000837s ]
INFO: [ app_end ] --START--
INFO: Run Behavior\ShowPageTraceBehavior [ RunTime:0.001241s ]
INFO: [ app_end ] --END-- [ RunTime:0.001353s ]

