[ 2016-05-17T20:37:05+08:00 ] ::1 /SCUMicroLove/Home/Index
INFO: [ app_init ] --START--
INFO: Run Behavior\BuildLiteBehavior [ RunTime:0.000024s ]
INFO: [ app_init ] --END-- [ RunTime:0.001873s ]
INFO: [ app_begin ] --START--
INFO: Run Behavior\ReadHtmlCacheBehavior [ RunTime:0.001965s ]
INFO: [ app_begin ] --END-- [ RunTime:0.002128s ]
NOTIC: [8192] mysql_connect(): The mysql extension is deprecated and will be removed in the future: use mysqli or PDO instead D:\Develop\PHP\Development Tools\httpd-2.4.12-win64-VC14\Apache24\htdocs\SCUMicroLove\ThinkPHP\Library\Think\Db\Driver\Mysql.class.php Á¨¨ 52 Ë°å.
NOTIC: [2] mysql_connect():  D:\Develop\PHP\Development Tools\httpd-2.4.12-win64-VC14\Apache24\htdocs\SCUMicroLove\ThinkPHP\Library\Think\Db\Driver\Mysql.class.php Á¨¨ 52 Ë°å.
ERR: ”…”⁄ƒø±Íº∆À„ª˙ª˝º´æ‹æ¯£¨Œﬁ∑®¡¨Ω”°£


[ 2016-05-17T20:37:19+08:00 ] ::1 /SCUMicroLove/Home/Index
INFO: [ app_init ] --START--
INFO: Run Behavior\BuildLiteBehavior [ RunTime:0.000037s ]
INFO: [ app_init ] --END-- [ RunTime:0.000940s ]
INFO: [ app_begin ] --START--
INFO: Run Behavior\ReadHtmlCacheBehavior [ RunTime:0.001370s ]
INFO: [ app_begin ] --END-- [ RunTime:0.001491s ]
NOTIC: [8192] mysql_connect(): The mysql extension is deprecated and will be removed in the future: use mysqli or PDO instead D:\Develop\PHP\Development Tools\httpd-2.4.12-win64-VC14\Apache24\htdocs\SCUMicroLove\ThinkPHP\Library\Think\Db\Driver\Mysql.class.php Á¨¨ 52 Ë°å.
SQL: SHOW COLUMNS FROM `ml_photoand_word` [ RunTime:0.010688s ]
ERR: 1146:Table 'microlove.ml_photoand_word' doesn't exist
 [ SQLËØ≠Âè• ] : SHOW COLUMNS FROM `ml_photoand_word`
SQL: SHOW COLUMNS FROM `ml_photoandword` [ RunTime:0.013117s ]
SQL: SELECT * FROM `ml_photoandword`  [ RunTime:0.001136s ]
SQL: SHOW COLUMNS FROM `ml_claimant` [ RunTime:0.010969s ]
SQL: SHOW COLUMNS FROM `ml_claimant` [ RunTime:0.008128s ]
SQL: SELECT * FROM `ml_claimant`  [ RunTime:0.000591s ]
SQL: SHOW COLUMNS FROM `ml_wishstory_application` [ RunTime:0.008237s ]
ERR: 1146:Table 'microlove.ml_wishstory_application' doesn't exist
 [ SQLËØ≠Âè• ] : SHOW COLUMNS FROM `ml_wishstory_application`
SQL: SHOW COLUMNS FROM `ml_wishstoryapplication` [ RunTime:0.010420s ]
SQL: SELECT COUNT(*) AS tp_count FROM `ml_wishstoryapplication` WHERE ( stu_claimstate = 0 ) LIMIT 1   [ RunTime:0.001454s ]
SQL: SHOW COLUMNS FROM `ml_wishstoryapplication` [ RunTime:0.008906s ]
SQL: SELECT * FROM `ml_wishstoryapplication` WHERE ( stu_claimstate = 1 ) ORDER BY wishstory_id desc LIMIT 0,10   [ RunTime:0.000862s ]
INFO: [ view_parse ] --START--
INFO: [ template_filter ] --START--
INFO: Run Behavior\ContentReplaceBehavior [ RunTime:0.000215s ]
INFO: [ template_filter ] --END-- [ RunTime:0.000362s ]
INFO: Run Behavior\ParseTemplateBehavior [ RunTime:0.031681s ]
INFO: [ view_parse ] --END-- [ RunTime:0.031877s ]
INFO: [ view_filter ] --START--
INFO: Run Behavior\WriteHtmlCacheBehavior [ RunTime:0.001952s ]
INFO: [ view_filter ] --END-- [ RunTime:0.002081s ]
INFO: [ app_end ] --START--
INFO: Run Behavior\ShowPageTraceBehavior [ RunTime:0.002019s ]
INFO: [ app_end ] --END-- [ RunTime:0.002129s ]

[ 2016-05-17T20:37:23+08:00 ] ::1 /SCUMicroLove/Home/Indexn
INFO: [ app_init ] --START--
INFO: Run Behavior\BuildLiteBehavior [ RunTime:0.000088s ]
INFO: [ app_init ] --END-- [ RunTime:0.001298s ]
INFO: [ app_begin ] --START--
INFO: Run Behavior\ReadHtmlCacheBehavior [ RunTime:0.001942s ]
INFO: [ app_begin ] --END-- [ RunTime:0.002101s ]
NOTIC: [8192] mysql_connect(): The mysql extension is deprecated and will be removed in the future: use mysqli or PDO instead D:\Develop\PHP\Development Tools\httpd-2.4.12-win64-VC14\Apache24\htdocs\SCUMicroLove\ThinkPHP\Library\Think\Db\Driver\Mysql.class.php Á¨¨ 52 Ë°å.
SQL: SHOW COLUMNS FROM `ml_photoand_word` [ RunTime:0.009564s ]
ERR: 1146:Table 'microlove.ml_photoand_word' doesn't exist
 [ SQLËØ≠Âè• ] : SHOW COLUMNS FROM `ml_photoand_word`
SQL: SHOW COLUMNS FROM `ml_photoandword` [ RunTime:0.009830s ]
SQL: SELECT * FROM `ml_photoandword`  [ RunTime:0.000379s ]
SQL: SHOW COLUMNS FROM `ml_claimant` [ RunTime:0.011171s ]
SQL: SHOW COLUMNS FROM `ml_claimant` [ RunTime:0.009379s ]
SQL: SELECT * FROM `ml_claimant`  [ RunTime:0.000314s ]
SQL: SHOW COLUMNS FROM `ml_wishstory_application` [ RunTime:0.009548s ]
ERR: 1146:Table 'microlove.ml_wishstory_application' doesn't exist
 [ SQLËØ≠Âè• ] : SHOW COLUMNS FROM `ml_wishstory_application`
SQL: SHOW COLUMNS FROM `ml_wishstoryapplication` [ RunTime:0.010328s ]
SQL: SELECT COUNT(*) AS tp_count FROM `ml_wishstoryapplication` WHERE ( stu_claimstate = 4 ) LIMIT 1   [ RunTime:0.000699s ]
SQL: SHOW COLUMNS FROM `ml_wishstoryapplication` [ RunTime:0.011383s ]
SQL: SELECT * FROM `ml_wishstoryapplication` WHERE ( stu_claimstate > 1 ) ORDER BY wishstory_id desc LIMIT 0,10   [ RunTime:0.001004s ]
INFO: [ view_parse ] --START--
INFO: [ template_filter ] --START--
INFO: Run Behavior\ContentReplaceBehavior [ RunTime:0.000242s ]
INFO: [ template_filter ] --END-- [ RunTime:0.000441s ]
INFO: Run Behavior\ParseTemplateBehavior [ RunTime:0.036442s ]
INFO: [ view_parse ] --END-- [ RunTime:0.036625s ]
INFO: [ view_filter ] --START--
INFO: Run Behavior\WriteHtmlCacheBehavior [ RunTime:0.002513s ]
INFO: [ view_filter ] --END-- [ RunTime:0.002656s ]
INFO: [ app_end ] --START--
INFO: Run Behavior\ShowPageTraceBehavior [ RunTime:0.002783s ]
INFO: [ app_end ] --END-- [ RunTime:0.002931s ]

[ 2016-05-17T20:37:26+08:00 ] ::1 /SCUMicroLove/Home/Claimant?20
INFO: [ app_init ] --START--
INFO: Run Behavior\BuildLiteBehavior [ RunTime:0.000040s ]
INFO: [ app_init ] --END-- [ RunTime:0.001236s ]
INFO: [ app_begin ] --START--
INFO: Run Behavior\ReadHtmlCacheBehavior [ RunTime:0.002473s ]
INFO: [ app_begin ] --END-- [ RunTime:0.002628s ]
NOTIC: [8192] mysql_connect(): The mysql extension is deprecated and will be removed in the future: use mysqli or PDO instead D:\Develop\PHP\Development Tools\httpd-2.4.12-win64-VC14\Apache24\htdocs\SCUMicroLove\ThinkPHP\Library\Think\Db\Driver\Mysql.class.php Á¨¨ 52 Ë°å.
SQL: SHOW COLUMNS FROM `ml_photoand_word` [ RunTime:0.009680s ]
ERR: 1146:Table 'microlove.ml_photoand_word' doesn't exist
 [ SQLËØ≠Âè• ] : SHOW COLUMNS FROM `ml_photoand_word`
SQL: SHOW COLUMNS FROM `ml_photoandword` [ RunTime:0.009218s ]
SQL: SELECT * FROM `ml_photoandword`  [ RunTime:0.000377s ]
SQL: SHOW COLUMNS FROM `ml_claimant` [ RunTime:0.010040s ]
SQL: SHOW COLUMNS FROM `ml_claimant` [ RunTime:0.010283s ]
SQL: SELECT * FROM `ml_claimant`  [ RunTime:0.000405s ]
INFO: [ view_parse ] --START--
INFO: [ template_filter ] --START--
INFO: Run Behavior\ContentReplaceBehavior [ RunTime:0.000218s ]
INFO: [ template_filter ] --END-- [ RunTime:0.000375s ]
INFO: Run Behavior\ParseTemplateBehavior [ RunTime:0.020408s ]
INFO: [ view_parse ] --END-- [ RunTime:0.020580s ]
INFO: [ view_filter ] --START--
INFO: Run Behavior\WriteHtmlCacheBehavior [ RunTime:0.001476s ]
INFO: [ view_filter ] --END-- [ RunTime:0.001678s ]
INFO: [ app_end ] --START--
INFO: Run Behavior\ShowPageTraceBehavior [ RunTime:0.001878s ]
INFO: [ app_end ] --END-- [ RunTime:0.002012s ]

