[ 2016-05-18T12:35:24+08:00 ] ::1 /SCUMicroLove/Home/Index
INFO: [ app_init ] --START--
INFO: Run Behavior\BuildLiteBehavior [ RunTime:0.000024s ]
INFO: [ app_init ] --END-- [ RunTime:0.002153s ]
INFO: [ app_begin ] --START--
INFO: Run Behavior\ReadHtmlCacheBehavior [ RunTime:0.001420s ]
INFO: [ app_begin ] --END-- [ RunTime:0.001510s ]
NOTIC: [8192] mysql_connect(): The mysql extension is deprecated and will be removed in the future: use mysqli or PDO instead D:\Develop\PHP\Development Tools\httpd-2.4.12-win64-VC14\Apache24\htdocs\SCUMicroLove\ThinkPHP\Library\Think\Db\Driver\Mysql.class.php 第 52 行.
SQL: SHOW COLUMNS FROM `ml_photoand_word` [ RunTime:0.008967s ]
ERR: 1146:Table 'microlove.ml_photoand_word' doesn't exist
 [ SQL语句 ] : SHOW COLUMNS FROM `ml_photoand_word`
SQL: SHOW COLUMNS FROM `ml_photoandword` [ RunTime:0.008042s ]
SQL: SELECT * FROM `ml_photoandword`  [ RunTime:0.001182s ]
SQL: SHOW COLUMNS FROM `ml_claimant` [ RunTime:0.007019s ]
SQL: SHOW COLUMNS FROM `ml_claimant` [ RunTime:0.004955s ]
SQL: SELECT * FROM `ml_claimant`  [ RunTime:0.000473s ]
SQL: SHOW COLUMNS FROM `ml_wishstory_application` [ RunTime:0.004579s ]
ERR: 1146:Table 'microlove.ml_wishstory_application' doesn't exist
 [ SQL语句 ] : SHOW COLUMNS FROM `ml_wishstory_application`
SQL: SHOW COLUMNS FROM `ml_wishstoryapplication` [ RunTime:0.007653s ]
SQL: SELECT COUNT(*) AS tp_count FROM `ml_wishstoryapplication` WHERE ( stu_claimstate = 0 ) LIMIT 1   [ RunTime:0.001739s ]
SQL: SHOW COLUMNS FROM `ml_wishstoryapplication` [ RunTime:0.005386s ]
SQL: SELECT * FROM `ml_wishstoryapplication` WHERE ( stu_claimstate = 1 ) ORDER BY wishstory_id desc LIMIT 0,10   [ RunTime:0.000595s ]
INFO: [ view_parse ] --START--
INFO: [ template_filter ] --START--
INFO: Run Behavior\ContentReplaceBehavior [ RunTime:0.000113s ]
INFO: [ template_filter ] --END-- [ RunTime:0.000182s ]
INFO: Run Behavior\ParseTemplateBehavior [ RunTime:0.020421s ]
INFO: [ view_parse ] --END-- [ RunTime:0.020515s ]
INFO: [ view_filter ] --START--
INFO: Run Behavior\WriteHtmlCacheBehavior [ RunTime:0.001490s ]
INFO: [ view_filter ] --END-- [ RunTime:0.001549s ]
INFO: [ app_end ] --START--
INFO: Run Behavior\ShowPageTraceBehavior [ RunTime:0.001791s ]
INFO: [ app_end ] --END-- [ RunTime:0.001857s ]

[ 2016-05-18T12:35:38+08:00 ] ::1 /SCUMicroLove/Home/Indexn
INFO: [ app_init ] --START--
INFO: Run Behavior\BuildLiteBehavior [ RunTime:0.000019s ]
INFO: [ app_init ] --END-- [ RunTime:0.000655s ]
INFO: [ app_begin ] --START--
INFO: Run Behavior\ReadHtmlCacheBehavior [ RunTime:0.001202s ]
INFO: [ app_begin ] --END-- [ RunTime:0.001310s ]
NOTIC: [8192] mysql_connect(): The mysql extension is deprecated and will be removed in the future: use mysqli or PDO instead D:\Develop\PHP\Development Tools\httpd-2.4.12-win64-VC14\Apache24\htdocs\SCUMicroLove\ThinkPHP\Library\Think\Db\Driver\Mysql.class.php 第 52 行.
SQL: SHOW COLUMNS FROM `ml_photoand_word` [ RunTime:0.005316s ]
ERR: 1146:Table 'microlove.ml_photoand_word' doesn't exist
 [ SQL语句 ] : SHOW COLUMNS FROM `ml_photoand_word`
SQL: SHOW COLUMNS FROM `ml_photoandword` [ RunTime:0.004797s ]
SQL: SELECT * FROM `ml_photoandword`  [ RunTime:0.000315s ]
SQL: SHOW COLUMNS FROM `ml_claimant` [ RunTime:0.005267s ]
SQL: SHOW COLUMNS FROM `ml_claimant` [ RunTime:0.006928s ]
SQL: SELECT * FROM `ml_claimant`  [ RunTime:0.000272s ]
SQL: SHOW COLUMNS FROM `ml_wishstory_application` [ RunTime:0.004520s ]
ERR: 1146:Table 'microlove.ml_wishstory_application' doesn't exist
 [ SQL语句 ] : SHOW COLUMNS FROM `ml_wishstory_application`
SQL: SHOW COLUMNS FROM `ml_wishstoryapplication` [ RunTime:0.006075s ]
SQL: SELECT COUNT(*) AS tp_count FROM `ml_wishstoryapplication` WHERE ( stu_claimstate = 4 ) LIMIT 1   [ RunTime:0.000651s ]
SQL: SHOW COLUMNS FROM `ml_wishstoryapplication` [ RunTime:0.005244s ]
SQL: SELECT * FROM `ml_wishstoryapplication` WHERE ( stu_claimstate > 1 ) ORDER BY wishstory_id desc LIMIT 0,10   [ RunTime:0.000598s ]
INFO: [ view_parse ] --START--
INFO: [ template_filter ] --START--
INFO: Run Behavior\ContentReplaceBehavior [ RunTime:0.000128s ]
INFO: [ template_filter ] --END-- [ RunTime:0.000218s ]
INFO: Run Behavior\ParseTemplateBehavior [ RunTime:0.016632s ]
INFO: [ view_parse ] --END-- [ RunTime:0.016774s ]
INFO: [ view_filter ] --START--
INFO: Run Behavior\WriteHtmlCacheBehavior [ RunTime:0.000782s ]
INFO: [ view_filter ] --END-- [ RunTime:0.000849s ]
INFO: [ app_end ] --START--
INFO: Run Behavior\ShowPageTraceBehavior [ RunTime:0.001153s ]
INFO: [ app_end ] --END-- [ RunTime:0.001226s ]

[ 2016-05-18T12:35:53+08:00 ] ::1 /SCUMicroLove/Home/Index
INFO: [ app_init ] --START--
INFO: Run Behavior\BuildLiteBehavior [ RunTime:0.000019s ]
INFO: [ app_init ] --END-- [ RunTime:0.000665s ]
INFO: [ app_begin ] --START--
INFO: Run Behavior\ReadHtmlCacheBehavior [ RunTime:0.001040s ]
INFO: [ app_begin ] --END-- [ RunTime:0.001120s ]
NOTIC: [8192] mysql_connect(): The mysql extension is deprecated and will be removed in the future: use mysqli or PDO instead D:\Develop\PHP\Development Tools\httpd-2.4.12-win64-VC14\Apache24\htdocs\SCUMicroLove\ThinkPHP\Library\Think\Db\Driver\Mysql.class.php 第 52 行.
SQL: SHOW COLUMNS FROM `ml_photoand_word` [ RunTime:0.007726s ]
ERR: 1146:Table 'microlove.ml_photoand_word' doesn't exist
 [ SQL语句 ] : SHOW COLUMNS FROM `ml_photoand_word`
SQL: SHOW COLUMNS FROM `ml_photoandword` [ RunTime:0.006574s ]
SQL: SELECT * FROM `ml_photoandword`  [ RunTime:0.000328s ]
SQL: SHOW COLUMNS FROM `ml_claimant` [ RunTime:0.008420s ]
SQL: SHOW COLUMNS FROM `ml_claimant` [ RunTime:0.005596s ]
SQL: SELECT * FROM `ml_claimant`  [ RunTime:0.000311s ]
SQL: SHOW COLUMNS FROM `ml_wishstory_application` [ RunTime:0.005366s ]
ERR: 1146:Table 'microlove.ml_wishstory_application' doesn't exist
 [ SQL语句 ] : SHOW COLUMNS FROM `ml_wishstory_application`
SQL: SHOW COLUMNS FROM `ml_wishstoryapplication` [ RunTime:0.008318s ]
SQL: SELECT COUNT(*) AS tp_count FROM `ml_wishstoryapplication` WHERE ( stu_claimstate = 0 ) LIMIT 1   [ RunTime:0.000268s ]
SQL: SHOW COLUMNS FROM `ml_wishstoryapplication` [ RunTime:0.006974s ]
SQL: SELECT * FROM `ml_wishstoryapplication` WHERE ( stu_claimstate = 1 ) ORDER BY wishstory_id desc LIMIT 0,10   [ RunTime:0.000403s ]
INFO: [ view_parse ] --START--
INFO: [ template_filter ] --START--
INFO: Run Behavior\ContentReplaceBehavior [ RunTime:0.000135s ]
INFO: [ template_filter ] --END-- [ RunTime:0.000234s ]
INFO: Run Behavior\ParseTemplateBehavior [ RunTime:0.019773s ]
INFO: [ view_parse ] --END-- [ RunTime:0.019922s ]
INFO: [ view_filter ] --START--
INFO: Run Behavior\WriteHtmlCacheBehavior [ RunTime:0.001203s ]
INFO: [ view_filter ] --END-- [ RunTime:0.001297s ]
INFO: [ app_end ] --START--
INFO: Run Behavior\ShowPageTraceBehavior [ RunTime:0.001020s ]
INFO: [ app_end ] --END-- [ RunTime:0.001091s ]

[ 2016-05-18T12:36:05+08:00 ] ::1 /SCUMicroLove/Home/Indexn
INFO: [ app_init ] --START--
INFO: Run Behavior\BuildLiteBehavior [ RunTime:0.000018s ]
INFO: [ app_init ] --END-- [ RunTime:0.000649s ]
INFO: [ app_begin ] --START--
INFO: Run Behavior\ReadHtmlCacheBehavior [ RunTime:0.001149s ]
INFO: [ app_begin ] --END-- [ RunTime:0.001269s ]
NOTIC: [8192] mysql_connect(): The mysql extension is deprecated and will be removed in the future: use mysqli or PDO instead D:\Develop\PHP\Development Tools\httpd-2.4.12-win64-VC14\Apache24\htdocs\SCUMicroLove\ThinkPHP\Library\Think\Db\Driver\Mysql.class.php 第 52 行.
SQL: SHOW COLUMNS FROM `ml_photoand_word` [ RunTime:0.004875s ]
ERR: 1146:Table 'microlove.ml_photoand_word' doesn't exist
 [ SQL语句 ] : SHOW COLUMNS FROM `ml_photoand_word`
SQL: SHOW COLUMNS FROM `ml_photoandword` [ RunTime:0.005211s ]
SQL: SELECT * FROM `ml_photoandword`  [ RunTime:0.000367s ]
SQL: SHOW COLUMNS FROM `ml_claimant` [ RunTime:0.005916s ]
SQL: SHOW COLUMNS FROM `ml_claimant` [ RunTime:0.005316s ]
SQL: SELECT * FROM `ml_claimant`  [ RunTime:0.000314s ]
SQL: SHOW COLUMNS FROM `ml_wishstory_application` [ RunTime:0.007084s ]
ERR: 1146:Table 'microlove.ml_wishstory_application' doesn't exist
 [ SQL语句 ] : SHOW COLUMNS FROM `ml_wishstory_application`
SQL: SHOW COLUMNS FROM `ml_wishstoryapplication` [ RunTime:0.006748s ]
SQL: SELECT COUNT(*) AS tp_count FROM `ml_wishstoryapplication` WHERE ( stu_claimstate = 4 ) LIMIT 1   [ RunTime:0.000266s ]
SQL: SHOW COLUMNS FROM `ml_wishstoryapplication` [ RunTime:0.007261s ]
SQL: SELECT * FROM `ml_wishstoryapplication` WHERE ( stu_claimstate > 1 ) ORDER BY wishstory_id desc LIMIT 0,10   [ RunTime:0.000421s ]
INFO: [ view_parse ] --START--
INFO: [ template_filter ] --START--
INFO: Run Behavior\ContentReplaceBehavior [ RunTime:0.000135s ]
INFO: [ template_filter ] --END-- [ RunTime:0.000226s ]
INFO: Run Behavior\ParseTemplateBehavior [ RunTime:0.015680s ]
INFO: [ view_parse ] --END-- [ RunTime:0.015807s ]
INFO: [ view_filter ] --START--
INFO: Run Behavior\WriteHtmlCacheBehavior [ RunTime:0.001155s ]
INFO: [ view_filter ] --END-- [ RunTime:0.001288s ]
INFO: [ app_end ] --START--
INFO: Run Behavior\ShowPageTraceBehavior [ RunTime:0.001911s ]
INFO: [ app_end ] --END-- [ RunTime:0.002050s ]

[ 2016-05-18T12:36:14+08:00 ] ::1 /SCUMicroLove/Home/Inquire
INFO: [ app_init ] --START--
INFO: Run Behavior\BuildLiteBehavior [ RunTime:0.000019s ]
INFO: [ app_init ] --END-- [ RunTime:0.000643s ]
INFO: [ app_begin ] --START--
INFO: Run Behavior\ReadHtmlCacheBehavior [ RunTime:0.001092s ]
INFO: [ app_begin ] --END-- [ RunTime:0.001299s ]
NOTIC: [8192] mysql_connect(): The mysql extension is deprecated and will be removed in the future: use mysqli or PDO instead D:\Develop\PHP\Development Tools\httpd-2.4.12-win64-VC14\Apache24\htdocs\SCUMicroLove\ThinkPHP\Library\Think\Db\Driver\Mysql.class.php 第 52 行.
SQL: SHOW COLUMNS FROM `ml_photoand_word` [ RunTime:0.006111s ]
ERR: 1146:Table 'microlove.ml_photoand_word' doesn't exist
 [ SQL语句 ] : SHOW COLUMNS FROM `ml_photoand_word`
SQL: SHOW COLUMNS FROM `ml_photoandword` [ RunTime:0.005597s ]
SQL: SELECT * FROM `ml_photoandword`  [ RunTime:0.000362s ]
SQL: SHOW COLUMNS FROM `ml_wishstory_application` [ RunTime:0.006390s ]
ERR: 1146:Table 'microlove.ml_wishstory_application' doesn't exist
 [ SQL语句 ] : SHOW COLUMNS FROM `ml_wishstory_application`
SQL: SHOW COLUMNS FROM `ml_wishstoryapplication` [ RunTime:0.005253s ]
SQL: SELECT COUNT(*) AS tp_count FROM `ml_wishstoryapplication` WHERE ( stu_claimstate=0 ) LIMIT 1   [ RunTime:0.000456s ]
NOTIC: [8] Undefined variable: num D:\Develop\PHP\Development Tools\httpd-2.4.12-win64-VC14\Apache24\htdocs\SCUMicroLove\Application\Home\Controller\InquireController.class.php 第 64 行.
NOTIC: [2] Division by zero D:\Develop\PHP\Development Tools\httpd-2.4.12-win64-VC14\Apache24\htdocs\SCUMicroLove\Application\Home\Controller\InquireController.class.php 第 64 行.

[ 2016-05-18T12:36:17+08:00 ] ::1 /SCUMicroLove/Home/Inquire
INFO: [ app_init ] --START--
INFO: Run Behavior\BuildLiteBehavior [ RunTime:0.000074s ]
INFO: [ app_init ] --END-- [ RunTime:0.001812s ]
INFO: [ app_begin ] --START--
INFO: Run Behavior\ReadHtmlCacheBehavior [ RunTime:0.003477s ]
INFO: [ app_begin ] --END-- [ RunTime:0.003769s ]
NOTIC: [8192] mysql_connect(): The mysql extension is deprecated and will be removed in the future: use mysqli or PDO instead D:\Develop\PHP\Development Tools\httpd-2.4.12-win64-VC14\Apache24\htdocs\SCUMicroLove\ThinkPHP\Library\Think\Db\Driver\Mysql.class.php 第 52 行.
SQL: SHOW COLUMNS FROM `ml_photoand_word` [ RunTime:0.013957s ]
ERR: 1146:Table 'microlove.ml_photoand_word' doesn't exist
 [ SQL语句 ] : SHOW COLUMNS FROM `ml_photoand_word`
SQL: SHOW COLUMNS FROM `ml_photoandword` [ RunTime:0.013160s ]
SQL: SELECT * FROM `ml_photoandword`  [ RunTime:0.000793s ]
SQL: SHOW COLUMNS FROM `ml_wishstory_application` [ RunTime:0.014280s ]
ERR: 1146:Table 'microlove.ml_wishstory_application' doesn't exist
 [ SQL语句 ] : SHOW COLUMNS FROM `ml_wishstory_application`
SQL: SHOW COLUMNS FROM `ml_wishstoryapplication` [ RunTime:0.014059s ]
SQL: SELECT COUNT(*) AS tp_count FROM `ml_wishstoryapplication` WHERE ( stu_claimstate=0 ) LIMIT 1   [ RunTime:0.000678s ]
NOTIC: [8] Undefined variable: num D:\Develop\PHP\Development Tools\httpd-2.4.12-win64-VC14\Apache24\htdocs\SCUMicroLove\Application\Home\Controller\InquireController.class.php 第 64 行.
NOTIC: [2] Division by zero D:\Develop\PHP\Development Tools\httpd-2.4.12-win64-VC14\Apache24\htdocs\SCUMicroLove\Application\Home\Controller\InquireController.class.php 第 64 行.

[ 2016-05-18T12:36:21+08:00 ] ::1 /SCUMicroLove/Home/Inquire
INFO: [ app_init ] --START--
INFO: Run Behavior\BuildLiteBehavior [ RunTime:0.000019s ]
INFO: [ app_init ] --END-- [ RunTime:0.000669s ]
INFO: [ app_begin ] --START--
INFO: Run Behavior\ReadHtmlCacheBehavior [ RunTime:0.001119s ]
INFO: [ app_begin ] --END-- [ RunTime:0.001220s ]
NOTIC: [8192] mysql_connect(): The mysql extension is deprecated and will be removed in the future: use mysqli or PDO instead D:\Develop\PHP\Development Tools\httpd-2.4.12-win64-VC14\Apache24\htdocs\SCUMicroLove\ThinkPHP\Library\Think\Db\Driver\Mysql.class.php 第 52 行.
SQL: SHOW COLUMNS FROM `ml_photoand_word` [ RunTime:0.030912s ]
ERR: 1146:Table 'microlove.ml_photoand_word' doesn't exist
 [ SQL语句 ] : SHOW COLUMNS FROM `ml_photoand_word`
SQL: SHOW COLUMNS FROM `ml_photoandword` [ RunTime:0.004839s ]
SQL: SELECT * FROM `ml_photoandword`  [ RunTime:0.000283s ]
SQL: SHOW COLUMNS FROM `ml_wishstory_application` [ RunTime:0.004692s ]
ERR: 1146:Table 'microlove.ml_wishstory_application' doesn't exist
 [ SQL语句 ] : SHOW COLUMNS FROM `ml_wishstory_application`
SQL: SHOW COLUMNS FROM `ml_wishstoryapplication` [ RunTime:0.005582s ]
SQL: SELECT COUNT(*) AS tp_count FROM `ml_wishstoryapplication` WHERE ( stu_claimstate=0 ) LIMIT 1   [ RunTime:0.000234s ]
NOTIC: [8] Undefined variable: num D:\Develop\PHP\Development Tools\httpd-2.4.12-win64-VC14\Apache24\htdocs\SCUMicroLove\Application\Home\Controller\InquireController.class.php 第 64 行.
NOTIC: [2] Division by zero D:\Develop\PHP\Development Tools\httpd-2.4.12-win64-VC14\Apache24\htdocs\SCUMicroLove\Application\Home\Controller\InquireController.class.php 第 64 行.

[ 2016-05-18T12:36:24+08:00 ] ::1 /SCUMicroLove/Home/Index
INFO: [ app_init ] --START--
INFO: Run Behavior\BuildLiteBehavior [ RunTime:0.000026s ]
INFO: [ app_init ] --END-- [ RunTime:0.000786s ]
INFO: [ app_begin ] --START--
INFO: Run Behavior\ReadHtmlCacheBehavior [ RunTime:0.001434s ]
INFO: [ app_begin ] --END-- [ RunTime:0.001523s ]
NOTIC: [8192] mysql_connect(): The mysql extension is deprecated and will be removed in the future: use mysqli or PDO instead D:\Develop\PHP\Development Tools\httpd-2.4.12-win64-VC14\Apache24\htdocs\SCUMicroLove\ThinkPHP\Library\Think\Db\Driver\Mysql.class.php 第 52 行.
SQL: SHOW COLUMNS FROM `ml_photoand_word` [ RunTime:0.004588s ]
ERR: 1146:Table 'microlove.ml_photoand_word' doesn't exist
 [ SQL语句 ] : SHOW COLUMNS FROM `ml_photoand_word`
SQL: SHOW COLUMNS FROM `ml_photoandword` [ RunTime:0.004932s ]
SQL: SELECT * FROM `ml_photoandword`  [ RunTime:0.000431s ]
SQL: SHOW COLUMNS FROM `ml_claimant` [ RunTime:0.006329s ]
SQL: SHOW COLUMNS FROM `ml_claimant` [ RunTime:0.005113s ]
SQL: SELECT * FROM `ml_claimant`  [ RunTime:0.000312s ]
SQL: SHOW COLUMNS FROM `ml_wishstory_application` [ RunTime:0.005473s ]
ERR: 1146:Table 'microlove.ml_wishstory_application' doesn't exist
 [ SQL语句 ] : SHOW COLUMNS FROM `ml_wishstory_application`
SQL: SHOW COLUMNS FROM `ml_wishstoryapplication` [ RunTime:0.005243s ]
SQL: SELECT COUNT(*) AS tp_count FROM `ml_wishstoryapplication` WHERE ( stu_claimstate = 0 ) LIMIT 1   [ RunTime:0.000264s ]
SQL: SHOW COLUMNS FROM `ml_wishstoryapplication` [ RunTime:0.005135s ]
SQL: SELECT * FROM `ml_wishstoryapplication` WHERE ( stu_claimstate = 1 ) ORDER BY wishstory_id desc LIMIT 0,10   [ RunTime:0.000470s ]
INFO: [ view_parse ] --START--
INFO: [ template_filter ] --START--
INFO: Run Behavior\ContentReplaceBehavior [ RunTime:0.000114s ]
INFO: [ template_filter ] --END-- [ RunTime:0.000185s ]
INFO: Run Behavior\ParseTemplateBehavior [ RunTime:0.015135s ]
INFO: [ view_parse ] --END-- [ RunTime:0.015256s ]
INFO: [ view_filter ] --START--
INFO: Run Behavior\WriteHtmlCacheBehavior [ RunTime:0.001096s ]
INFO: [ view_filter ] --END-- [ RunTime:0.001198s ]
INFO: [ app_end ] --START--
INFO: Run Behavior\ShowPageTraceBehavior [ RunTime:0.001095s ]
INFO: [ app_end ] --END-- [ RunTime:0.001167s ]

[ 2016-05-18T12:36:26+08:00 ] ::1 /SCUMicroLove/Home/WishstoryApplication
INFO: [ app_init ] --START--
INFO: Run Behavior\BuildLiteBehavior [ RunTime:0.000018s ]
INFO: [ app_init ] --END-- [ RunTime:0.000705s ]
INFO: [ app_begin ] --START--
INFO: Run Behavior\ReadHtmlCacheBehavior [ RunTime:0.001200s ]
INFO: [ app_begin ] --END-- [ RunTime:0.001295s ]
NOTIC: [8192] mysql_connect(): The mysql extension is deprecated and will be removed in the future: use mysqli or PDO instead D:\Develop\PHP\Development Tools\httpd-2.4.12-win64-VC14\Apache24\htdocs\SCUMicroLove\ThinkPHP\Library\Think\Db\Driver\Mysql.class.php 第 52 行.
SQL: SHOW COLUMNS FROM `ml_photoand_word` [ RunTime:0.005437s ]
ERR: 1146:Table 'microlove.ml_photoand_word' doesn't exist
 [ SQL语句 ] : SHOW COLUMNS FROM `ml_photoand_word`
SQL: SHOW COLUMNS FROM `ml_photoandword` [ RunTime:0.005175s ]
SQL: SELECT * FROM `ml_photoandword`  [ RunTime:0.000300s ]
SQL: SHOW COLUMNS FROM `ml_claimant` [ RunTime:0.006237s ]
SQL: SHOW COLUMNS FROM `ml_claimant` [ RunTime:0.005229s ]
SQL: SELECT * FROM `ml_claimant`  [ RunTime:0.000312s ]
INFO: [ view_parse ] --START--
INFO: [ template_filter ] --START--
INFO: Run Behavior\ContentReplaceBehavior [ RunTime:0.000135s ]
INFO: [ template_filter ] --END-- [ RunTime:0.000215s ]
INFO: Run Behavior\ParseTemplateBehavior [ RunTime:0.012439s ]
INFO: [ view_parse ] --END-- [ RunTime:0.012569s ]
INFO: [ view_filter ] --START--
INFO: Run Behavior\WriteHtmlCacheBehavior [ RunTime:0.000753s ]
INFO: [ view_filter ] --END-- [ RunTime:0.000814s ]
INFO: [ app_end ] --START--
INFO: Run Behavior\ShowPageTraceBehavior [ RunTime:0.001020s ]
INFO: [ app_end ] --END-- [ RunTime:0.001085s ]

[ 2016-05-18T12:37:08+08:00 ] ::1 /SCUMicroLove/Home/WishstoryApplication
INFO: [ app_init ] --START--
INFO: Run Behavior\BuildLiteBehavior [ RunTime:0.000017s ]
INFO: [ app_init ] --END-- [ RunTime:0.000711s ]
INFO: [ app_begin ] --START--
INFO: Run Behavior\ReadHtmlCacheBehavior [ RunTime:0.001044s ]
INFO: [ app_begin ] --END-- [ RunTime:0.001129s ]
NOTIC: [8192] mysql_connect(): The mysql extension is deprecated and will be removed in the future: use mysqli or PDO instead D:\Develop\PHP\Development Tools\httpd-2.4.12-win64-VC14\Apache24\htdocs\SCUMicroLove\ThinkPHP\Library\Think\Db\Driver\Mysql.class.php 第 52 行.
SQL: SHOW COLUMNS FROM `ml_photoand_word` [ RunTime:0.005318s ]
ERR: 1146:Table 'microlove.ml_photoand_word' doesn't exist
 [ SQL语句 ] : SHOW COLUMNS FROM `ml_photoand_word`
SQL: SHOW COLUMNS FROM `ml_photoandword` [ RunTime:0.005364s ]
SQL: SELECT * FROM `ml_photoandword`  [ RunTime:0.000368s ]
SQL: SHOW COLUMNS FROM `ml_claimant` [ RunTime:0.005154s ]
SQL: SHOW COLUMNS FROM `ml_claimant` [ RunTime:0.004938s ]
SQL: SELECT * FROM `ml_claimant`  [ RunTime:0.000307s ]
INFO: [ view_parse ] --START--
INFO: [ template_filter ] --START--
INFO: Run Behavior\ContentReplaceBehavior [ RunTime:0.000134s ]
INFO: [ template_filter ] --END-- [ RunTime:0.000210s ]
INFO: Run Behavior\ParseTemplateBehavior [ RunTime:0.010532s ]
INFO: [ view_parse ] --END-- [ RunTime:0.010613s ]
INFO: [ view_filter ] --START--
INFO: Run Behavior\WriteHtmlCacheBehavior [ RunTime:0.000736s ]
INFO: [ view_filter ] --END-- [ RunTime:0.000797s ]
INFO: [ app_end ] --START--
INFO: Run Behavior\ShowPageTraceBehavior [ RunTime:0.001000s ]
INFO: [ app_end ] --END-- [ RunTime:0.001066s ]

[ 2016-05-18T12:37:11+08:00 ] ::1 /SCUMicroLove/Home/ClaimantWord
INFO: [ app_init ] --START--
INFO: Run Behavior\BuildLiteBehavior [ RunTime:0.000018s ]
INFO: [ app_init ] --END-- [ RunTime:0.000651s ]
INFO: [ app_begin ] --START--
INFO: Run Behavior\ReadHtmlCacheBehavior [ RunTime:0.000897s ]
INFO: [ app_begin ] --END-- [ RunTime:0.000968s ]
NOTIC: [8192] mysql_connect(): The mysql extension is deprecated and will be removed in the future: use mysqli or PDO instead D:\Develop\PHP\Development Tools\httpd-2.4.12-win64-VC14\Apache24\htdocs\SCUMicroLove\ThinkPHP\Library\Think\Db\Driver\Mysql.class.php 第 52 行.
SQL: SHOW COLUMNS FROM `ml_photoand_word` [ RunTime:0.005189s ]
ERR: 1146:Table 'microlove.ml_photoand_word' doesn't exist
 [ SQL语句 ] : SHOW COLUMNS FROM `ml_photoand_word`
SQL: SHOW COLUMNS FROM `ml_photoandword` [ RunTime:0.004863s ]
SQL: SELECT * FROM `ml_photoandword`  [ RunTime:0.000341s ]
SQL: SHOW COLUMNS FROM `ml_claimant` [ RunTime:0.005737s ]
SQL: SHOW COLUMNS FROM `ml_claimant` [ RunTime:0.005167s ]
SQL: SELECT COUNT(*) AS tp_count FROM `ml_claimant` LIMIT 1   [ RunTime:0.000416s ]
SQL: SHOW COLUMNS FROM `ml_claimant` [ RunTime:0.004964s ]
SQL: SELECT * FROM `ml_claimant` LIMIT 0,10   [ RunTime:0.000544s ]
INFO: [ view_parse ] --START--
INFO: [ template_filter ] --START--
INFO: Run Behavior\ContentReplaceBehavior [ RunTime:0.000111s ]
INFO: [ template_filter ] --END-- [ RunTime:0.000185s ]
INFO: Run Behavior\ParseTemplateBehavior [ RunTime:0.015359s ]
INFO: [ view_parse ] --END-- [ RunTime:0.015453s ]
INFO: [ view_filter ] --START--
INFO: Run Behavior\WriteHtmlCacheBehavior [ RunTime:0.000820s ]
INFO: [ view_filter ] --END-- [ RunTime:0.000887s ]
INFO: [ app_end ] --START--
INFO: Run Behavior\ShowPageTraceBehavior [ RunTime:0.001015s ]
INFO: [ app_end ] --END-- [ RunTime:0.001078s ]

[ 2016-05-18T12:37:15+08:00 ] ::1 /SCUMicroLove/Home/PhotoandWord
INFO: [ app_init ] --START--
INFO: Run Behavior\BuildLiteBehavior [ RunTime:0.000043s ]
INFO: [ app_init ] --END-- [ RunTime:0.001028s ]
INFO: [ app_begin ] --START--
INFO: Run Behavior\ReadHtmlCacheBehavior [ RunTime:0.001349s ]
INFO: [ app_begin ] --END-- [ RunTime:0.001482s ]
NOTIC: [8192] mysql_connect(): The mysql extension is deprecated and will be removed in the future: use mysqli or PDO instead D:\Develop\PHP\Development Tools\httpd-2.4.12-win64-VC14\Apache24\htdocs\SCUMicroLove\ThinkPHP\Library\Think\Db\Driver\Mysql.class.php 第 52 行.
SQL: SHOW COLUMNS FROM `ml_photoand_word` [ RunTime:0.005850s ]
ERR: 1146:Table 'microlove.ml_photoand_word' doesn't exist
 [ SQL语句 ] : SHOW COLUMNS FROM `ml_photoand_word`
SQL: SHOW COLUMNS FROM `ml_photoandword` [ RunTime:0.005150s ]
SQL: SELECT * FROM `ml_photoandword`  [ RunTime:0.000328s ]
SQL: SHOW COLUMNS FROM `ml_claimant` [ RunTime:0.008130s ]
SQL: SHOW COLUMNS FROM `ml_claimant` [ RunTime:0.005055s ]
SQL: SELECT * FROM `ml_claimant`  [ RunTime:0.000305s ]
INFO: [ view_parse ] --START--
INFO: [ template_filter ] --START--
INFO: Run Behavior\ContentReplaceBehavior [ RunTime:0.000113s ]
INFO: [ template_filter ] --END-- [ RunTime:0.000190s ]
INFO: Run Behavior\ParseTemplateBehavior [ RunTime:0.018264s ]
INFO: [ view_parse ] --END-- [ RunTime:0.018350s ]
INFO: [ view_filter ] --START--
INFO: Run Behavior\WriteHtmlCacheBehavior [ RunTime:0.000760s ]
INFO: [ view_filter ] --END-- [ RunTime:0.000821s ]
INFO: [ app_end ] --START--
INFO: Run Behavior\ShowPageTraceBehavior [ RunTime:0.001300s ]
INFO: [ app_end ] --END-- [ RunTime:0.001393s ]

[ 2016-05-18T12:37:18+08:00 ] ::1 /SCUMicroLove/Home/Inquire
INFO: [ app_init ] --START--
INFO: Run Behavior\BuildLiteBehavior [ RunTime:0.000038s ]
INFO: [ app_init ] --END-- [ RunTime:0.000981s ]
INFO: [ app_begin ] --START--
INFO: Run Behavior\ReadHtmlCacheBehavior [ RunTime:0.000892s ]
INFO: [ app_begin ] --END-- [ RunTime:0.000969s ]
NOTIC: [8192] mysql_connect(): The mysql extension is deprecated and will be removed in the future: use mysqli or PDO instead D:\Develop\PHP\Development Tools\httpd-2.4.12-win64-VC14\Apache24\htdocs\SCUMicroLove\ThinkPHP\Library\Think\Db\Driver\Mysql.class.php 第 52 行.
SQL: SHOW COLUMNS FROM `ml_photoand_word` [ RunTime:0.005456s ]
ERR: 1146:Table 'microlove.ml_photoand_word' doesn't exist
 [ SQL语句 ] : SHOW COLUMNS FROM `ml_photoand_word`
SQL: SHOW COLUMNS FROM `ml_photoandword` [ RunTime:0.004729s ]
SQL: SELECT * FROM `ml_photoandword`  [ RunTime:0.000290s ]
SQL: SHOW COLUMNS FROM `ml_wishstory_application` [ RunTime:0.005461s ]
ERR: 1146:Table 'microlove.ml_wishstory_application' doesn't exist
 [ SQL语句 ] : SHOW COLUMNS FROM `ml_wishstory_application`
SQL: SHOW COLUMNS FROM `ml_wishstoryapplication` [ RunTime:0.005570s ]
SQL: SELECT COUNT(*) AS tp_count FROM `ml_wishstoryapplication` WHERE ( stu_claimstate=0 ) LIMIT 1   [ RunTime:0.000241s ]
NOTIC: [8] Undefined variable: num D:\Develop\PHP\Development Tools\httpd-2.4.12-win64-VC14\Apache24\htdocs\SCUMicroLove\Application\Home\Controller\InquireController.class.php 第 64 行.
NOTIC: [2] Division by zero D:\Develop\PHP\Development Tools\httpd-2.4.12-win64-VC14\Apache24\htdocs\SCUMicroLove\Application\Home\Controller\InquireController.class.php 第 64 行.

[ 2016-05-18T12:37:20+08:00 ] ::1 /SCUMicroLove/Home/Inquire
INFO: [ app_init ] --START--
INFO: Run Behavior\BuildLiteBehavior [ RunTime:0.000049s ]
INFO: [ app_init ] --END-- [ RunTime:0.001756s ]
INFO: [ app_begin ] --START--
INFO: Run Behavior\ReadHtmlCacheBehavior [ RunTime:0.002826s ]
INFO: [ app_begin ] --END-- [ RunTime:0.003041s ]
NOTIC: [8192] mysql_connect(): The mysql extension is deprecated and will be removed in the future: use mysqli or PDO instead D:\Develop\PHP\Development Tools\httpd-2.4.12-win64-VC14\Apache24\htdocs\SCUMicroLove\ThinkPHP\Library\Think\Db\Driver\Mysql.class.php 第 52 行.
SQL: SHOW COLUMNS FROM `ml_photoand_word` [ RunTime:0.035227s ]
ERR: 1146:Table 'microlove.ml_photoand_word' doesn't exist
 [ SQL语句 ] : SHOW COLUMNS FROM `ml_photoand_word`
SQL: SHOW COLUMNS FROM `ml_photoandword` [ RunTime:0.014672s ]
SQL: SELECT * FROM `ml_photoandword`  [ RunTime:0.000801s ]
SQL: SHOW COLUMNS FROM `ml_wishstory_application` [ RunTime:0.012530s ]
ERR: 1146:Table 'microlove.ml_wishstory_application' doesn't exist
 [ SQL语句 ] : SHOW COLUMNS FROM `ml_wishstory_application`
SQL: SHOW COLUMNS FROM `ml_wishstoryapplication` [ RunTime:0.015814s ]
SQL: SELECT COUNT(*) AS tp_count FROM `ml_wishstoryapplication` WHERE ( stu_claimstate=0 ) LIMIT 1   [ RunTime:0.000606s ]
NOTIC: [8] Undefined variable: num D:\Develop\PHP\Development Tools\httpd-2.4.12-win64-VC14\Apache24\htdocs\SCUMicroLove\Application\Home\Controller\InquireController.class.php 第 64 行.
NOTIC: [2] Division by zero D:\Develop\PHP\Development Tools\httpd-2.4.12-win64-VC14\Apache24\htdocs\SCUMicroLove\Application\Home\Controller\InquireController.class.php 第 64 行.

[ 2016-05-18T12:37:21+08:00 ] ::1 /SCUMicroLove/Home/Inquire
INFO: [ app_init ] --START--
INFO: Run Behavior\BuildLiteBehavior [ RunTime:0.000033s ]
INFO: [ app_init ] --END-- [ RunTime:0.001218s ]
INFO: [ app_begin ] --START--
INFO: Run Behavior\ReadHtmlCacheBehavior [ RunTime:0.001625s ]
INFO: [ app_begin ] --END-- [ RunTime:0.001763s ]
NOTIC: [8192] mysql_connect(): The mysql extension is deprecated and will be removed in the future: use mysqli or PDO instead D:\Develop\PHP\Development Tools\httpd-2.4.12-win64-VC14\Apache24\htdocs\SCUMicroLove\ThinkPHP\Library\Think\Db\Driver\Mysql.class.php 第 52 行.
SQL: SHOW COLUMNS FROM `ml_photoand_word` [ RunTime:0.008210s ]
ERR: 1146:Table 'microlove.ml_photoand_word' doesn't exist
 [ SQL语句 ] : SHOW COLUMNS FROM `ml_photoand_word`
SQL: SHOW COLUMNS FROM `ml_photoandword` [ RunTime:0.009274s ]
SQL: SELECT * FROM `ml_photoandword`  [ RunTime:0.000552s ]
SQL: SHOW COLUMNS FROM `ml_wishstory_application` [ RunTime:0.008910s ]
ERR: 1146:Table 'microlove.ml_wishstory_application' doesn't exist
 [ SQL语句 ] : SHOW COLUMNS FROM `ml_wishstory_application`
SQL: SHOW COLUMNS FROM `ml_wishstoryapplication` [ RunTime:0.009483s ]
SQL: SELECT COUNT(*) AS tp_count FROM `ml_wishstoryapplication` WHERE ( stu_claimstate=0 ) LIMIT 1   [ RunTime:0.000446s ]
NOTIC: [8] Undefined variable: num D:\Develop\PHP\Development Tools\httpd-2.4.12-win64-VC14\Apache24\htdocs\SCUMicroLove\Application\Home\Controller\InquireController.class.php 第 64 行.
NOTIC: [2] Division by zero D:\Develop\PHP\Development Tools\httpd-2.4.12-win64-VC14\Apache24\htdocs\SCUMicroLove\Application\Home\Controller\InquireController.class.php 第 64 行.

[ 2016-05-18T12:37:25+08:00 ] ::1 /SCUMicroLove/Home/Introduction
INFO: [ app_init ] --START--
INFO: Run Behavior\BuildLiteBehavior [ RunTime:0.000019s ]
INFO: [ app_init ] --END-- [ RunTime:0.000664s ]
INFO: [ app_begin ] --START--
INFO: Run Behavior\ReadHtmlCacheBehavior [ RunTime:0.000901s ]
INFO: [ app_begin ] --END-- [ RunTime:0.001000s ]
NOTIC: [8192] mysql_connect(): The mysql extension is deprecated and will be removed in the future: use mysqli or PDO instead D:\Develop\PHP\Development Tools\httpd-2.4.12-win64-VC14\Apache24\htdocs\SCUMicroLove\ThinkPHP\Library\Think\Db\Driver\Mysql.class.php 第 52 行.
SQL: SHOW COLUMNS FROM `ml_photoand_word` [ RunTime:0.004757s ]
ERR: 1146:Table 'microlove.ml_photoand_word' doesn't exist
 [ SQL语句 ] : SHOW COLUMNS FROM `ml_photoand_word`
SQL: SHOW COLUMNS FROM `ml_photoandword` [ RunTime:0.004942s ]
SQL: SELECT * FROM `ml_photoandword`  [ RunTime:0.000370s ]
SQL: SHOW COLUMNS FROM `ml_claimant` [ RunTime:0.006406s ]
SQL: SHOW COLUMNS FROM `ml_claimant` [ RunTime:0.006003s ]
SQL: SELECT * FROM `ml_claimant`  [ RunTime:0.000319s ]
INFO: [ view_parse ] --START--
INFO: [ template_filter ] --START--
INFO: Run Behavior\ContentReplaceBehavior [ RunTime:0.000172s ]
INFO: [ template_filter ] --END-- [ RunTime:0.000281s ]
INFO: Run Behavior\ParseTemplateBehavior [ RunTime:0.014825s ]
INFO: [ view_parse ] --END-- [ RunTime:0.014917s ]
INFO: [ view_filter ] --START--
INFO: Run Behavior\WriteHtmlCacheBehavior [ RunTime:0.000977s ]
INFO: [ view_filter ] --END-- [ RunTime:0.001069s ]
INFO: [ app_end ] --START--
INFO: Run Behavior\ShowPageTraceBehavior [ RunTime:0.001241s ]
INFO: [ app_end ] --END-- [ RunTime:0.001358s ]

[ 2016-05-18T12:37:27+08:00 ] ::1 /SCUMicroLove/Home/WishstoryApplication
INFO: [ app_init ] --START--
INFO: Run Behavior\BuildLiteBehavior [ RunTime:0.000019s ]
INFO: [ app_init ] --END-- [ RunTime:0.000712s ]
INFO: [ app_begin ] --START--
INFO: Run Behavior\ReadHtmlCacheBehavior [ RunTime:0.000977s ]
INFO: [ app_begin ] --END-- [ RunTime:0.001047s ]
NOTIC: [8192] mysql_connect(): The mysql extension is deprecated and will be removed in the future: use mysqli or PDO instead D:\Develop\PHP\Development Tools\httpd-2.4.12-win64-VC14\Apache24\htdocs\SCUMicroLove\ThinkPHP\Library\Think\Db\Driver\Mysql.class.php 第 52 行.
SQL: SHOW COLUMNS FROM `ml_photoand_word` [ RunTime:0.005601s ]
ERR: 1146:Table 'microlove.ml_photoand_word' doesn't exist
 [ SQL语句 ] : SHOW COLUMNS FROM `ml_photoand_word`
SQL: SHOW COLUMNS FROM `ml_photoandword` [ RunTime:0.005362s ]
SQL: SELECT * FROM `ml_photoandword`  [ RunTime:0.000244s ]
SQL: SHOW COLUMNS FROM `ml_claimant` [ RunTime:0.005654s ]
SQL: SHOW COLUMNS FROM `ml_claimant` [ RunTime:0.006709s ]
SQL: SELECT * FROM `ml_claimant`  [ RunTime:0.000328s ]
INFO: [ view_parse ] --START--
INFO: [ template_filter ] --START--
INFO: Run Behavior\ContentReplaceBehavior [ RunTime:0.000144s ]
INFO: [ template_filter ] --END-- [ RunTime:0.000238s ]
INFO: Run Behavior\ParseTemplateBehavior [ RunTime:0.011715s ]
INFO: [ view_parse ] --END-- [ RunTime:0.011801s ]
INFO: [ view_filter ] --START--
INFO: Run Behavior\WriteHtmlCacheBehavior [ RunTime:0.000767s ]
INFO: [ view_filter ] --END-- [ RunTime:0.000824s ]
INFO: [ app_end ] --START--
INFO: Run Behavior\ShowPageTraceBehavior [ RunTime:0.000998s ]
INFO: [ app_end ] --END-- [ RunTime:0.001058s ]

[ 2016-05-18T12:37:29+08:00 ] ::1 /SCUMicroLove/Home/Inquire
INFO: [ app_init ] --START--
INFO: Run Behavior\BuildLiteBehavior [ RunTime:0.000019s ]
INFO: [ app_init ] --END-- [ RunTime:0.000648s ]
INFO: [ app_begin ] --START--
INFO: Run Behavior\ReadHtmlCacheBehavior [ RunTime:0.001008s ]
INFO: [ app_begin ] --END-- [ RunTime:0.001085s ]
NOTIC: [8192] mysql_connect(): The mysql extension is deprecated and will be removed in the future: use mysqli or PDO instead D:\Develop\PHP\Development Tools\httpd-2.4.12-win64-VC14\Apache24\htdocs\SCUMicroLove\ThinkPHP\Library\Think\Db\Driver\Mysql.class.php 第 52 行.
SQL: SHOW COLUMNS FROM `ml_photoand_word` [ RunTime:0.004662s ]
ERR: 1146:Table 'microlove.ml_photoand_word' doesn't exist
 [ SQL语句 ] : SHOW COLUMNS FROM `ml_photoand_word`
SQL: SHOW COLUMNS FROM `ml_photoandword` [ RunTime:0.005126s ]
SQL: SELECT * FROM `ml_photoandword`  [ RunTime:0.000326s ]
SQL: SHOW COLUMNS FROM `ml_wishstory_application` [ RunTime:0.004607s ]
ERR: 1146:Table 'microlove.ml_wishstory_application' doesn't exist
 [ SQL语句 ] : SHOW COLUMNS FROM `ml_wishstory_application`
SQL: SHOW COLUMNS FROM `ml_wishstoryapplication` [ RunTime:0.005459s ]
SQL: SELECT COUNT(*) AS tp_count FROM `ml_wishstoryapplication` WHERE ( stu_claimstate=0 ) LIMIT 1   [ RunTime:0.000265s ]
NOTIC: [8] Undefined variable: num D:\Develop\PHP\Development Tools\httpd-2.4.12-win64-VC14\Apache24\htdocs\SCUMicroLove\Application\Home\Controller\InquireController.class.php 第 64 行.
NOTIC: [2] Division by zero D:\Develop\PHP\Development Tools\httpd-2.4.12-win64-VC14\Apache24\htdocs\SCUMicroLove\Application\Home\Controller\InquireController.class.php 第 64 行.

[ 2016-05-18T12:38:08+08:00 ] ::1 /SCUMicroLove/Home/Inquire
INFO: [ app_init ] --START--
INFO: Run Behavior\BuildLiteBehavior [ RunTime:0.000068s ]
INFO: [ app_init ] --END-- [ RunTime:0.001798s ]
INFO: [ app_begin ] --START--
INFO: Run Behavior\ReadHtmlCacheBehavior [ RunTime:0.002729s ]
INFO: [ app_begin ] --END-- [ RunTime:0.002934s ]
NOTIC: [8192] mysql_connect(): The mysql extension is deprecated and will be removed in the future: use mysqli or PDO instead D:\Develop\PHP\Development Tools\httpd-2.4.12-win64-VC14\Apache24\htdocs\SCUMicroLove\ThinkPHP\Library\Think\Db\Driver\Mysql.class.php 第 52 行.
SQL: SHOW COLUMNS FROM `ml_photoand_word` [ RunTime:0.013940s ]
ERR: 1146:Table 'microlove.ml_photoand_word' doesn't exist
 [ SQL语句 ] : SHOW COLUMNS FROM `ml_photoand_word`
SQL: SHOW COLUMNS FROM `ml_photoandword` [ RunTime:0.013738s ]
SQL: SELECT * FROM `ml_photoandword`  [ RunTime:0.000786s ]
SQL: SHOW COLUMNS FROM `ml_wishstory_application` [ RunTime:0.021403s ]
ERR: 1146:Table 'microlove.ml_wishstory_application' doesn't exist
 [ SQL语句 ] : SHOW COLUMNS FROM `ml_wishstory_application`
SQL: SHOW COLUMNS FROM `ml_wishstoryapplication` [ RunTime:0.021530s ]
SQL: SELECT COUNT(*) AS tp_count FROM `ml_wishstoryapplication` WHERE ( stu_claimstate=0 ) LIMIT 1   [ RunTime:0.000633s ]
NOTIC: [8] Undefined variable: num D:\Develop\PHP\Development Tools\httpd-2.4.12-win64-VC14\Apache24\htdocs\SCUMicroLove\Application\Home\Controller\InquireController.class.php 第 64 行.
NOTIC: [2] Division by zero D:\Develop\PHP\Development Tools\httpd-2.4.12-win64-VC14\Apache24\htdocs\SCUMicroLove\Application\Home\Controller\InquireController.class.php 第 64 行.

[ 2016-05-18T12:38:08+08:00 ] ::1 /SCUMicroLove/Home/Inquire
INFO: [ app_init ] --START--
INFO: Run Behavior\BuildLiteBehavior [ RunTime:0.000027s ]
INFO: [ app_init ] --END-- [ RunTime:0.001090s ]
INFO: [ app_begin ] --START--
INFO: Run Behavior\ReadHtmlCacheBehavior [ RunTime:0.001342s ]
INFO: [ app_begin ] --END-- [ RunTime:0.001445s ]
NOTIC: [8192] mysql_connect(): The mysql extension is deprecated and will be removed in the future: use mysqli or PDO instead D:\Develop\PHP\Development Tools\httpd-2.4.12-win64-VC14\Apache24\htdocs\SCUMicroLove\ThinkPHP\Library\Think\Db\Driver\Mysql.class.php 第 52 行.
SQL: SHOW COLUMNS FROM `ml_photoand_word` [ RunTime:0.007598s ]
ERR: 1146:Table 'microlove.ml_photoand_word' doesn't exist
 [ SQL语句 ] : SHOW COLUMNS FROM `ml_photoand_word`
SQL: SHOW COLUMNS FROM `ml_photoandword` [ RunTime:0.008071s ]
SQL: SELECT * FROM `ml_photoandword`  [ RunTime:0.000480s ]
SQL: SHOW COLUMNS FROM `ml_wishstory_application` [ RunTime:0.007367s ]
ERR: 1146:Table 'microlove.ml_wishstory_application' doesn't exist
 [ SQL语句 ] : SHOW COLUMNS FROM `ml_wishstory_application`
SQL: SHOW COLUMNS FROM `ml_wishstoryapplication` [ RunTime:0.009384s ]
SQL: SELECT COUNT(*) AS tp_count FROM `ml_wishstoryapplication` WHERE ( stu_claimstate=0 ) LIMIT 1   [ RunTime:0.000388s ]
NOTIC: [8] Undefined variable: num D:\Develop\PHP\Development Tools\httpd-2.4.12-win64-VC14\Apache24\htdocs\SCUMicroLove\Application\Home\Controller\InquireController.class.php 第 64 行.
NOTIC: [2] Division by zero D:\Develop\PHP\Development Tools\httpd-2.4.12-win64-VC14\Apache24\htdocs\SCUMicroLove\Application\Home\Controller\InquireController.class.php 第 64 行.

[ 2016-05-18T12:38:08+08:00 ] ::1 /SCUMicroLove/Home/Inquire
INFO: [ app_init ] --START--
INFO: Run Behavior\BuildLiteBehavior [ RunTime:0.000030s ]
INFO: [ app_init ] --END-- [ RunTime:0.001115s ]
INFO: [ app_begin ] --START--
INFO: Run Behavior\ReadHtmlCacheBehavior [ RunTime:0.001954s ]
INFO: [ app_begin ] --END-- [ RunTime:0.002168s ]
NOTIC: [8192] mysql_connect(): The mysql extension is deprecated and will be removed in the future: use mysqli or PDO instead D:\Develop\PHP\Development Tools\httpd-2.4.12-win64-VC14\Apache24\htdocs\SCUMicroLove\ThinkPHP\Library\Think\Db\Driver\Mysql.class.php 第 52 行.
SQL: SHOW COLUMNS FROM `ml_photoand_word` [ RunTime:0.007323s ]
ERR: 1146:Table 'microlove.ml_photoand_word' doesn't exist
 [ SQL语句 ] : SHOW COLUMNS FROM `ml_photoand_word`
SQL: SHOW COLUMNS FROM `ml_photoandword` [ RunTime:0.008564s ]
SQL: SELECT * FROM `ml_photoandword`  [ RunTime:0.000494s ]
SQL: SHOW COLUMNS FROM `ml_wishstory_application` [ RunTime:0.007149s ]
ERR: 1146:Table 'microlove.ml_wishstory_application' doesn't exist
 [ SQL语句 ] : SHOW COLUMNS FROM `ml_wishstory_application`
SQL: SHOW COLUMNS FROM `ml_wishstoryapplication` [ RunTime:0.008891s ]
SQL: SELECT COUNT(*) AS tp_count FROM `ml_wishstoryapplication` WHERE ( stu_claimstate=0 ) LIMIT 1   [ RunTime:0.000388s ]
NOTIC: [8] Undefined variable: num D:\Develop\PHP\Development Tools\httpd-2.4.12-win64-VC14\Apache24\htdocs\SCUMicroLove\Application\Home\Controller\InquireController.class.php 第 64 行.
NOTIC: [2] Division by zero D:\Develop\PHP\Development Tools\httpd-2.4.12-win64-VC14\Apache24\htdocs\SCUMicroLove\Application\Home\Controller\InquireController.class.php 第 64 行.

[ 2016-05-18T12:38:08+08:00 ] ::1 /SCUMicroLove/Home/Inquire
INFO: [ app_init ] --START--
INFO: Run Behavior\BuildLiteBehavior [ RunTime:0.000029s ]
INFO: [ app_init ] --END-- [ RunTime:0.000963s ]
INFO: [ app_begin ] --START--
INFO: Run Behavior\ReadHtmlCacheBehavior [ RunTime:0.001392s ]
INFO: [ app_begin ] --END-- [ RunTime:0.001513s ]
NOTIC: [8192] mysql_connect(): The mysql extension is deprecated and will be removed in the future: use mysqli or PDO instead D:\Develop\PHP\Development Tools\httpd-2.4.12-win64-VC14\Apache24\htdocs\SCUMicroLove\ThinkPHP\Library\Think\Db\Driver\Mysql.class.php 第 52 行.
SQL: SHOW COLUMNS FROM `ml_photoand_word` [ RunTime:0.007255s ]
ERR: 1146:Table 'microlove.ml_photoand_word' doesn't exist
 [ SQL语句 ] : SHOW COLUMNS FROM `ml_photoand_word`
SQL: SHOW COLUMNS FROM `ml_photoandword` [ RunTime:0.008236s ]
SQL: SELECT * FROM `ml_photoandword`  [ RunTime:0.000467s ]
SQL: SHOW COLUMNS FROM `ml_wishstory_application` [ RunTime:0.007230s ]
ERR: 1146:Table 'microlove.ml_wishstory_application' doesn't exist
 [ SQL语句 ] : SHOW COLUMNS FROM `ml_wishstory_application`
SQL: SHOW COLUMNS FROM `ml_wishstoryapplication` [ RunTime:0.009115s ]
SQL: SELECT COUNT(*) AS tp_count FROM `ml_wishstoryapplication` WHERE ( stu_claimstate=0 ) LIMIT 1   [ RunTime:0.000379s ]
NOTIC: [8] Undefined variable: num D:\Develop\PHP\Development Tools\httpd-2.4.12-win64-VC14\Apache24\htdocs\SCUMicroLove\Application\Home\Controller\InquireController.class.php 第 64 行.
NOTIC: [2] Division by zero D:\Develop\PHP\Development Tools\httpd-2.4.12-win64-VC14\Apache24\htdocs\SCUMicroLove\Application\Home\Controller\InquireController.class.php 第 64 行.

[ 2016-05-18T12:38:08+08:00 ] ::1 /SCUMicroLove/Home/Inquire
INFO: [ app_init ] --START--
INFO: Run Behavior\BuildLiteBehavior [ RunTime:0.000020s ]
INFO: [ app_init ] --END-- [ RunTime:0.000677s ]
INFO: [ app_begin ] --START--
INFO: Run Behavior\ReadHtmlCacheBehavior [ RunTime:0.000901s ]
INFO: [ app_begin ] --END-- [ RunTime:0.000971s ]
NOTIC: [8192] mysql_connect(): The mysql extension is deprecated and will be removed in the future: use mysqli or PDO instead D:\Develop\PHP\Development Tools\httpd-2.4.12-win64-VC14\Apache24\htdocs\SCUMicroLove\ThinkPHP\Library\Think\Db\Driver\Mysql.class.php 第 52 行.
SQL: SHOW COLUMNS FROM `ml_photoand_word` [ RunTime:0.004665s ]
ERR: 1146:Table 'microlove.ml_photoand_word' doesn't exist
 [ SQL语句 ] : SHOW COLUMNS FROM `ml_photoand_word`
SQL: SHOW COLUMNS FROM `ml_photoandword` [ RunTime:0.004777s ]
SQL: SELECT * FROM `ml_photoandword`  [ RunTime:0.000322s ]
SQL: SHOW COLUMNS FROM `ml_wishstory_application` [ RunTime:0.004741s ]
ERR: 1146:Table 'microlove.ml_wishstory_application' doesn't exist
 [ SQL语句 ] : SHOW COLUMNS FROM `ml_wishstory_application`
SQL: SHOW COLUMNS FROM `ml_wishstoryapplication` [ RunTime:0.005887s ]
SQL: SELECT COUNT(*) AS tp_count FROM `ml_wishstoryapplication` WHERE ( stu_claimstate=0 ) LIMIT 1   [ RunTime:0.000267s ]
NOTIC: [8] Undefined variable: num D:\Develop\PHP\Development Tools\httpd-2.4.12-win64-VC14\Apache24\htdocs\SCUMicroLove\Application\Home\Controller\InquireController.class.php 第 64 行.
NOTIC: [2] Division by zero D:\Develop\PHP\Development Tools\httpd-2.4.12-win64-VC14\Apache24\htdocs\SCUMicroLove\Application\Home\Controller\InquireController.class.php 第 64 行.

[ 2016-05-18T12:38:16+08:00 ] ::1 /SCUMicroLove/Home/Introduction
INFO: [ app_init ] --START--
INFO: Run Behavior\BuildLiteBehavior [ RunTime:0.000020s ]
INFO: [ app_init ] --END-- [ RunTime:0.000827s ]
INFO: [ app_begin ] --START--
INFO: Run Behavior\ReadHtmlCacheBehavior [ RunTime:0.000863s ]
INFO: [ app_begin ] --END-- [ RunTime:0.000934s ]
NOTIC: [8192] mysql_connect(): The mysql extension is deprecated and will be removed in the future: use mysqli or PDO instead D:\Develop\PHP\Development Tools\httpd-2.4.12-win64-VC14\Apache24\htdocs\SCUMicroLove\ThinkPHP\Library\Think\Db\Driver\Mysql.class.php 第 52 行.
SQL: SHOW COLUMNS FROM `ml_photoand_word` [ RunTime:0.004576s ]
ERR: 1146:Table 'microlove.ml_photoand_word' doesn't exist
 [ SQL语句 ] : SHOW COLUMNS FROM `ml_photoand_word`
SQL: SHOW COLUMNS FROM `ml_photoandword` [ RunTime:0.005471s ]
SQL: SELECT * FROM `ml_photoandword`  [ RunTime:0.000332s ]
SQL: SHOW COLUMNS FROM `ml_claimant` [ RunTime:0.005110s ]
SQL: SHOW COLUMNS FROM `ml_claimant` [ RunTime:0.005798s ]
SQL: SELECT * FROM `ml_claimant`  [ RunTime:0.000311s ]
INFO: [ view_parse ] --START--
INFO: [ template_filter ] --START--
INFO: Run Behavior\ContentReplaceBehavior [ RunTime:0.000156s ]
INFO: [ template_filter ] --END-- [ RunTime:0.000235s ]
INFO: Run Behavior\ParseTemplateBehavior [ RunTime:0.012476s ]
INFO: [ view_parse ] --END-- [ RunTime:0.012561s ]
INFO: [ view_filter ] --START--
INFO: Run Behavior\WriteHtmlCacheBehavior [ RunTime:0.000747s ]
INFO: [ view_filter ] --END-- [ RunTime:0.000806s ]
INFO: [ app_end ] --START--
INFO: Run Behavior\ShowPageTraceBehavior [ RunTime:0.001167s ]
INFO: [ app_end ] --END-- [ RunTime:0.001255s ]

[ 2016-05-18T12:38:20+08:00 ] ::1 /SCUMicroLove/Home/WishstoryApplication
INFO: [ app_init ] --START--
INFO: Run Behavior\BuildLiteBehavior [ RunTime:0.000020s ]
INFO: [ app_init ] --END-- [ RunTime:0.000732s ]
INFO: [ app_begin ] --START--
INFO: Run Behavior\ReadHtmlCacheBehavior [ RunTime:0.001418s ]
INFO: [ app_begin ] --END-- [ RunTime:0.001552s ]
NOTIC: [8192] mysql_connect(): The mysql extension is deprecated and will be removed in the future: use mysqli or PDO instead D:\Develop\PHP\Development Tools\httpd-2.4.12-win64-VC14\Apache24\htdocs\SCUMicroLove\ThinkPHP\Library\Think\Db\Driver\Mysql.class.php 第 52 行.
SQL: SHOW COLUMNS FROM `ml_photoand_word` [ RunTime:0.006481s ]
ERR: 1146:Table 'microlove.ml_photoand_word' doesn't exist
 [ SQL语句 ] : SHOW COLUMNS FROM `ml_photoand_word`
SQL: SHOW COLUMNS FROM `ml_photoandword` [ RunTime:0.005132s ]
SQL: SELECT * FROM `ml_photoandword`  [ RunTime:0.000290s ]
SQL: SHOW COLUMNS FROM `ml_claimant` [ RunTime:0.008477s ]
SQL: SHOW COLUMNS FROM `ml_claimant` [ RunTime:0.005799s ]
SQL: SELECT * FROM `ml_claimant`  [ RunTime:0.000279s ]
INFO: [ view_parse ] --START--
INFO: [ template_filter ] --START--
INFO: Run Behavior\ContentReplaceBehavior [ RunTime:0.000133s ]
INFO: [ template_filter ] --END-- [ RunTime:0.000214s ]
INFO: Run Behavior\ParseTemplateBehavior [ RunTime:0.013050s ]
INFO: [ view_parse ] --END-- [ RunTime:0.013150s ]
INFO: [ view_filter ] --START--
INFO: Run Behavior\WriteHtmlCacheBehavior [ RunTime:0.000656s ]
INFO: [ view_filter ] --END-- [ RunTime:0.000711s ]
INFO: [ app_end ] --START--
INFO: Run Behavior\ShowPageTraceBehavior [ RunTime:0.000914s ]
INFO: [ app_end ] --END-- [ RunTime:0.000973s ]

[ 2016-05-18T12:38:29+08:00 ] ::1 /SCUMicroLove/Home/WishstoryApplication
INFO: [ app_init ] --START--
INFO: Run Behavior\BuildLiteBehavior [ RunTime:0.000019s ]
INFO: [ app_init ] --END-- [ RunTime:0.000565s ]
INFO: [ app_begin ] --START--
INFO: Run Behavior\ReadHtmlCacheBehavior [ RunTime:0.000947s ]
INFO: [ app_begin ] --END-- [ RunTime:0.001045s ]
NOTIC: [8192] mysql_connect(): The mysql extension is deprecated and will be removed in the future: use mysqli or PDO instead D:\Develop\PHP\Development Tools\httpd-2.4.12-win64-VC14\Apache24\htdocs\SCUMicroLove\ThinkPHP\Library\Think\Db\Driver\Mysql.class.php 第 52 行.
SQL: SHOW COLUMNS FROM `ml_photoand_word` [ RunTime:0.004688s ]
ERR: 1146:Table 'microlove.ml_photoand_word' doesn't exist
 [ SQL语句 ] : SHOW COLUMNS FROM `ml_photoand_word`
SQL: SHOW COLUMNS FROM `ml_photoandword` [ RunTime:0.005492s ]
SQL: SELECT * FROM `ml_photoandword`  [ RunTime:0.000334s ]
SQL: SHOW COLUMNS FROM `ml_claimant` [ RunTime:0.005422s ]
SQL: SHOW COLUMNS FROM `ml_claimant` [ RunTime:0.005113s ]
SQL: SELECT * FROM `ml_claimant`  [ RunTime:0.000312s ]
INFO: [ view_parse ] --START--
INFO: [ template_filter ] --START--
INFO: Run Behavior\ContentReplaceBehavior [ RunTime:0.000132s ]
INFO: [ template_filter ] --END-- [ RunTime:0.000208s ]
INFO: Run Behavior\ParseTemplateBehavior [ RunTime:0.010306s ]
INFO: [ view_parse ] --END-- [ RunTime:0.010409s ]
INFO: [ view_filter ] --START--
INFO: Run Behavior\WriteHtmlCacheBehavior [ RunTime:0.000746s ]
INFO: [ view_filter ] --END-- [ RunTime:0.000807s ]
INFO: [ app_end ] --START--
INFO: Run Behavior\ShowPageTraceBehavior [ RunTime:0.000992s ]
INFO: [ app_end ] --END-- [ RunTime:0.001056s ]

[ 2016-05-18T12:39:43+08:00 ] ::1 /SCUMicroLove/Home/Index
INFO: [ app_init ] --START--
INFO: Run Behavior\BuildLiteBehavior [ RunTime:0.000020s ]
INFO: [ app_init ] --END-- [ RunTime:0.000671s ]
INFO: [ app_begin ] --START--
INFO: Run Behavior\ReadHtmlCacheBehavior [ RunTime:0.000851s ]
INFO: [ app_begin ] --END-- [ RunTime:0.000921s ]
NOTIC: [8192] mysql_connect(): The mysql extension is deprecated and will be removed in the future: use mysqli or PDO instead D:\Develop\PHP\Development Tools\httpd-2.4.12-win64-VC14\Apache24\htdocs\SCUMicroLove\ThinkPHP\Library\Think\Db\Driver\Mysql.class.php 第 52 行.
SQL: SHOW COLUMNS FROM `ml_photoand_word` [ RunTime:0.004761s ]
ERR: 1146:Table 'microlove.ml_photoand_word' doesn't exist
 [ SQL语句 ] : SHOW COLUMNS FROM `ml_photoand_word`
SQL: SHOW COLUMNS FROM `ml_photoandword` [ RunTime:0.004719s ]
SQL: SELECT * FROM `ml_photoandword`  [ RunTime:0.000330s ]
SQL: SHOW COLUMNS FROM `ml_claimant` [ RunTime:0.005077s ]
SQL: SHOW COLUMNS FROM `ml_claimant` [ RunTime:0.005495s ]
SQL: SELECT * FROM `ml_claimant`  [ RunTime:0.000256s ]
SQL: SHOW COLUMNS FROM `ml_wishstory_application` [ RunTime:0.004725s ]
ERR: 1146:Table 'microlove.ml_wishstory_application' doesn't exist
 [ SQL语句 ] : SHOW COLUMNS FROM `ml_wishstory_application`
SQL: SHOW COLUMNS FROM `ml_wishstoryapplication` [ RunTime:0.005463s ]
SQL: SELECT COUNT(*) AS tp_count FROM `ml_wishstoryapplication` WHERE ( stu_claimstate = 0 ) LIMIT 1   [ RunTime:0.000273s ]
SQL: SHOW COLUMNS FROM `ml_wishstoryapplication` [ RunTime:0.005261s ]
SQL: SELECT * FROM `ml_wishstoryapplication` WHERE ( stu_claimstate = 1 ) ORDER BY wishstory_id desc LIMIT 0,10   [ RunTime:0.000345s ]
INFO: [ view_parse ] --START--
INFO: [ template_filter ] --START--
INFO: Run Behavior\ContentReplaceBehavior [ RunTime:0.000119s ]
INFO: [ template_filter ] --END-- [ RunTime:0.000197s ]
INFO: Run Behavior\ParseTemplateBehavior [ RunTime:0.015007s ]
INFO: [ view_parse ] --END-- [ RunTime:0.015089s ]
INFO: [ view_filter ] --START--
INFO: Run Behavior\WriteHtmlCacheBehavior [ RunTime:0.000790s ]
INFO: [ view_filter ] --END-- [ RunTime:0.000850s ]
INFO: [ app_end ] --START--
INFO: Run Behavior\ShowPageTraceBehavior [ RunTime:0.001031s ]
INFO: [ app_end ] --END-- [ RunTime:0.001097s ]

