[ 2016-04-04T03:08:37+08:00 ] 66.249.65.114 /SCUMicroLove/Home/index
INFO: [ app_init ] --START--
INFO: Run Behavior\BuildLiteBehavior [ RunTime:0.000000s ]
INFO: [ app_init ] --END-- [ RunTime:0.015625s ]
INFO: [ app_begin ] --START--
INFO: Run Behavior\ReadHtmlCacheBehavior [ RunTime:0.000000s ]
INFO: [ app_begin ] --END-- [ RunTime:0.000000s ]
SQL: SHOW COLUMNS FROM `ml_photoand_word` [ RunTime:0.000000s ]
ERR: 1146:Table 'microlove.ml_photoand_word' doesn't exist
 [ SQL语句 ] : SHOW COLUMNS FROM `ml_photoand_word`
SQL: SHOW COLUMNS FROM `ml_photoandword` [ RunTime:0.031250s ]
SQL: SELECT * FROM `ml_photoandword`  [ RunTime:0.000000s ]
SQL: SHOW COLUMNS FROM `ml_claimant` [ RunTime:0.031250s ]
SQL: SHOW COLUMNS FROM `ml_claimant` [ RunTime:0.000000s ]
SQL: SELECT * FROM `ml_claimant`  [ RunTime:0.000000s ]
SQL: SHOW COLUMNS FROM `ml_wishstory_application` [ RunTime:0.000000s ]
ERR: 1146:Table 'microlove.ml_wishstory_application' doesn't exist
 [ SQL语句 ] : SHOW COLUMNS FROM `ml_wishstory_application`
SQL: SHOW COLUMNS FROM `ml_wishstoryapplication` [ RunTime:0.031250s ]
SQL: SELECT COUNT(*) AS tp_count FROM `ml_wishstoryapplication` WHERE ( stu_claimstate = 0 ) LIMIT 1   [ RunTime:0.000000s ]
SQL: SHOW COLUMNS FROM `ml_wishstoryapplication` [ RunTime:0.000000s ]
SQL: SELECT * FROM `ml_wishstoryapplication` WHERE ( stu_claimstate = 0 ) ORDER BY wishstory_id desc LIMIT 0,10   [ RunTime:0.000000s ]
INFO: [ view_parse ] --START--
INFO: [ template_filter ] --START--
INFO: Run Behavior\ContentReplaceBehavior [ RunTime:0.000000s ]
INFO: [ template_filter ] --END-- [ RunTime:0.000000s ]
INFO: Run Behavior\ParseTemplateBehavior [ RunTime:0.078125s ]
INFO: [ view_parse ] --END-- [ RunTime:0.078125s ]
INFO: [ view_filter ] --START--
INFO: Run Behavior\WriteHtmlCacheBehavior [ RunTime:0.015625s ]
INFO: [ view_filter ] --END-- [ RunTime:0.015625s ]
INFO: [ app_end ] --START--
INFO: Run Behavior\ShowPageTraceBehavior [ RunTime:0.031250s ]
INFO: [ app_end ] --END-- [ RunTime:0.031250s ]

[ 2016-04-04T04:24:20+08:00 ] 66.249.65.111 /SCUMicroLove/Home/LogIn
INFO: [ app_init ] --START--
INFO: Run Behavior\BuildLiteBehavior [ RunTime:0.000000s ]
INFO: [ app_init ] --END-- [ RunTime:0.000000s ]
INFO: [ app_begin ] --START--
INFO: Run Behavior\ReadHtmlCacheBehavior [ RunTime:0.000000s ]
INFO: [ app_begin ] --END-- [ RunTime:0.000000s ]
SQL: SHOW COLUMNS FROM `ml_photoand_word` [ RunTime:0.000000s ]
ERR: 1146:Table 'microlove.ml_photoand_word' doesn't exist
 [ SQL语句 ] : SHOW COLUMNS FROM `ml_photoand_word`
SQL: SHOW COLUMNS FROM `ml_photoandword` [ RunTime:0.015625s ]
SQL: SELECT * FROM `ml_photoandword`  [ RunTime:0.000000s ]
SQL: SHOW COLUMNS FROM `ml_claimant` [ RunTime:0.000000s ]
SQL: SHOW COLUMNS FROM `ml_claimant` [ RunTime:0.015625s ]
SQL: SELECT * FROM `ml_claimant`  [ RunTime:0.000000s ]
INFO: [ view_parse ] --START--
INFO: [ template_filter ] --START--
INFO: Run Behavior\ContentReplaceBehavior [ RunTime:0.000000s ]
INFO: [ template_filter ] --END-- [ RunTime:0.000000s ]
INFO: Run Behavior\ParseTemplateBehavior [ RunTime:0.031250s ]
INFO: [ view_parse ] --END-- [ RunTime:0.031250s ]
INFO: [ view_filter ] --START--
INFO: Run Behavior\WriteHtmlCacheBehavior [ RunTime:0.000000s ]
INFO: [ view_filter ] --END-- [ RunTime:0.000000s ]
INFO: [ app_end ] --START--
INFO: Run Behavior\ShowPageTraceBehavior [ RunTime:0.015625s ]
INFO: [ app_end ] --END-- [ RunTime:0.015625s ]

[ 2016-04-04T05:40:07+08:00 ] 66.249.65.114 /SCUMicroLove/Home/Indexn
INFO: [ app_init ] --START--
INFO: Run Behavior\BuildLiteBehavior [ RunTime:0.000000s ]
INFO: [ app_init ] --END-- [ RunTime:0.000000s ]
INFO: [ app_begin ] --START--
INFO: Run Behavior\ReadHtmlCacheBehavior [ RunTime:0.000000s ]
INFO: [ app_begin ] --END-- [ RunTime:0.000000s ]
SQL: SHOW COLUMNS FROM `ml_photoand_word` [ RunTime:0.000000s ]
ERR: 1146:Table 'microlove.ml_photoand_word' doesn't exist
 [ SQL语句 ] : SHOW COLUMNS FROM `ml_photoand_word`
SQL: SHOW COLUMNS FROM `ml_photoandword` [ RunTime:0.015625s ]
SQL: SELECT * FROM `ml_photoandword`  [ RunTime:0.000000s ]
SQL: SHOW COLUMNS FROM `ml_claimant` [ RunTime:0.000000s ]
SQL: SHOW COLUMNS FROM `ml_claimant` [ RunTime:0.015625s ]
SQL: SELECT * FROM `ml_claimant`  [ RunTime:0.000000s ]
SQL: SHOW COLUMNS FROM `ml_wishstory_application` [ RunTime:0.000000s ]
ERR: 1146:Table 'microlove.ml_wishstory_application' doesn't exist
 [ SQL语句 ] : SHOW COLUMNS FROM `ml_wishstory_application`
SQL: SHOW COLUMNS FROM `ml_wishstoryapplication` [ RunTime:0.015625s ]
SQL: SELECT COUNT(*) AS tp_count FROM `ml_wishstoryapplication` WHERE ( stu_claimstate > 1 ) LIMIT 1   [ RunTime:0.000000s ]
SQL: SHOW COLUMNS FROM `ml_wishstoryapplication` [ RunTime:0.015625s ]
SQL: SELECT * FROM `ml_wishstoryapplication` WHERE ( stu_claimstate > 1 ) ORDER BY wishstory_id desc LIMIT 0,10   [ RunTime:0.000000s ]
INFO: [ view_parse ] --START--
INFO: [ template_filter ] --START--
INFO: Run Behavior\ContentReplaceBehavior [ RunTime:0.000000s ]
INFO: [ template_filter ] --END-- [ RunTime:0.000000s ]
INFO: Run Behavior\ParseTemplateBehavior [ RunTime:0.078125s ]
INFO: [ view_parse ] --END-- [ RunTime:0.078125s ]
INFO: [ view_filter ] --START--
INFO: Run Behavior\WriteHtmlCacheBehavior [ RunTime:0.000000s ]
INFO: [ view_filter ] --END-- [ RunTime:0.000000s ]
INFO: [ app_end ] --START--
INFO: Run Behavior\ShowPageTraceBehavior [ RunTime:0.000000s ]
INFO: [ app_end ] --END-- [ RunTime:0.000000s ]

[ 2016-04-04T06:55:54+08:00 ] 66.249.65.114 /SCUMicroLove/Home/Inquire
INFO: [ app_init ] --START--
INFO: Run Behavior\BuildLiteBehavior [ RunTime:0.000000s ]
INFO: [ app_init ] --END-- [ RunTime:0.000000s ]
INFO: [ app_begin ] --START--
INFO: Run Behavior\ReadHtmlCacheBehavior [ RunTime:0.000000s ]
INFO: [ app_begin ] --END-- [ RunTime:0.000000s ]
SQL: SHOW COLUMNS FROM `ml_photoand_word` [ RunTime:0.000000s ]
ERR: 1146:Table 'microlove.ml_photoand_word' doesn't exist
 [ SQL语句 ] : SHOW COLUMNS FROM `ml_photoand_word`
SQL: SHOW COLUMNS FROM `ml_photoandword` [ RunTime:0.000000s ]
SQL: SELECT * FROM `ml_photoandword`  [ RunTime:0.000000s ]
SQL: SHOW COLUMNS FROM `ml_claimant` [ RunTime:0.000000s ]
SQL: SHOW COLUMNS FROM `ml_claimant` [ RunTime:0.000000s ]
SQL: SELECT * FROM `ml_claimant`  [ RunTime:0.000000s ]
SQL: SHOW COLUMNS FROM `ml_wishstory_application` [ RunTime:0.000000s ]
ERR: 1146:Table 'microlove.ml_wishstory_application' doesn't exist
 [ SQL语句 ] : SHOW COLUMNS FROM `ml_wishstory_application`
SQL: SHOW COLUMNS FROM `ml_wishstoryapplication` [ RunTime:0.015625s ]
SQL: SELECT COUNT(*) AS tp_count FROM `ml_wishstoryapplication` LIMIT 1   [ RunTime:0.000000s ]
SQL: SHOW COLUMNS FROM `ml_wishstoryapplication` [ RunTime:0.000000s ]
SQL: SELECT * FROM `ml_wishstoryapplication` ORDER BY wishstory_id desc LIMIT 0,10   [ RunTime:0.000000s ]
INFO: [ view_parse ] --START--
INFO: [ template_filter ] --START--
INFO: Run Behavior\ContentReplaceBehavior [ RunTime:0.000000s ]
INFO: [ template_filter ] --END-- [ RunTime:0.000000s ]
INFO: Run Behavior\ParseTemplateBehavior [ RunTime:0.046875s ]
INFO: [ view_parse ] --END-- [ RunTime:0.046875s ]
INFO: [ view_filter ] --START--
INFO: Run Behavior\WriteHtmlCacheBehavior [ RunTime:0.000000s ]
INFO: [ view_filter ] --END-- [ RunTime:0.000000s ]
INFO: [ app_end ] --START--
INFO: Run Behavior\ShowPageTraceBehavior [ RunTime:0.015625s ]
INFO: [ app_end ] --END-- [ RunTime:0.015625s ]

[ 2016-04-04T08:11:42+08:00 ] 66.249.65.114 /SCUMicroLove/Home/Introduction
INFO: [ app_init ] --START--
INFO: Run Behavior\BuildLiteBehavior [ RunTime:0.000000s ]
INFO: [ app_init ] --END-- [ RunTime:0.015625s ]
INFO: [ app_begin ] --START--
INFO: Run Behavior\ReadHtmlCacheBehavior [ RunTime:0.000000s ]
INFO: [ app_begin ] --END-- [ RunTime:0.000000s ]
SQL: SHOW COLUMNS FROM `ml_photoand_word` [ RunTime:0.015625s ]
ERR: 1146:Table 'microlove.ml_photoand_word' doesn't exist
 [ SQL语句 ] : SHOW COLUMNS FROM `ml_photoand_word`
SQL: SHOW COLUMNS FROM `ml_photoandword` [ RunTime:0.000000s ]
SQL: SELECT * FROM `ml_photoandword`  [ RunTime:0.000000s ]
SQL: SHOW COLUMNS FROM `ml_claimant` [ RunTime:0.000000s ]
SQL: SHOW COLUMNS FROM `ml_claimant` [ RunTime:0.015625s ]
SQL: SELECT * FROM `ml_claimant`  [ RunTime:0.000000s ]
INFO: [ view_parse ] --START--
INFO: [ template_filter ] --START--
INFO: Run Behavior\ContentReplaceBehavior [ RunTime:0.000000s ]
INFO: [ template_filter ] --END-- [ RunTime:0.000000s ]
INFO: Run Behavior\ParseTemplateBehavior [ RunTime:0.031250s ]
INFO: [ view_parse ] --END-- [ RunTime:0.031250s ]
INFO: [ view_filter ] --START--
INFO: Run Behavior\WriteHtmlCacheBehavior [ RunTime:0.000000s ]
INFO: [ view_filter ] --END-- [ RunTime:0.000000s ]
INFO: [ app_end ] --START--
INFO: Run Behavior\ShowPageTraceBehavior [ RunTime:0.000000s ]
INFO: [ app_end ] --END-- [ RunTime:0.000000s ]

[ 2016-04-04T09:27:29+08:00 ] 66.249.65.108 /SCUMicroLove/Home/PhotoandWord
INFO: [ app_init ] --START--
INFO: Run Behavior\BuildLiteBehavior [ RunTime:0.000000s ]
INFO: [ app_init ] --END-- [ RunTime:0.000000s ]
INFO: [ app_begin ] --START--
INFO: Run Behavior\ReadHtmlCacheBehavior [ RunTime:0.015625s ]
INFO: [ app_begin ] --END-- [ RunTime:0.015625s ]
SQL: SHOW COLUMNS FROM `ml_photoand_word` [ RunTime:0.031250s ]
ERR: 1146:Table 'microlove.ml_photoand_word' doesn't exist
 [ SQL语句 ] : SHOW COLUMNS FROM `ml_photoand_word`
SQL: SHOW COLUMNS FROM `ml_photoandword` [ RunTime:0.000000s ]
SQL: SELECT * FROM `ml_photoandword`  [ RunTime:0.015625s ]
SQL: SHOW COLUMNS FROM `ml_claimant` [ RunTime:0.015625s ]
SQL: SHOW COLUMNS FROM `ml_claimant` [ RunTime:0.000000s ]
SQL: SELECT * FROM `ml_claimant`  [ RunTime:0.000000s ]
INFO: [ view_parse ] --START--
INFO: [ template_filter ] --START--
INFO: Run Behavior\ContentReplaceBehavior [ RunTime:0.000000s ]
INFO: [ template_filter ] --END-- [ RunTime:0.000000s ]
INFO: Run Behavior\ParseTemplateBehavior [ RunTime:0.062500s ]
INFO: [ view_parse ] --END-- [ RunTime:0.062500s ]
INFO: [ view_filter ] --START--
INFO: Run Behavior\WriteHtmlCacheBehavior [ RunTime:0.000000s ]
INFO: [ view_filter ] --END-- [ RunTime:0.000000s ]
INFO: [ app_end ] --START--
INFO: Run Behavior\ShowPageTraceBehavior [ RunTime:0.000000s ]
INFO: [ app_end ] --END-- [ RunTime:0.000000s ]

[ 2016-04-04T10:43:16+08:00 ] 66.249.65.114 /SCUMicroLove/Home/WishstoryApplication
INFO: [ app_init ] --START--
INFO: Run Behavior\BuildLiteBehavior [ RunTime:0.000000s ]
INFO: [ app_init ] --END-- [ RunTime:0.000000s ]
INFO: [ app_begin ] --START--
INFO: Run Behavior\ReadHtmlCacheBehavior [ RunTime:0.000000s ]
INFO: [ app_begin ] --END-- [ RunTime:0.000000s ]
SQL: SHOW COLUMNS FROM `ml_photoand_word` [ RunTime:0.000000s ]
ERR: 1146:Table 'microlove.ml_photoand_word' doesn't exist
 [ SQL语句 ] : SHOW COLUMNS FROM `ml_photoand_word`
SQL: SHOW COLUMNS FROM `ml_photoandword` [ RunTime:0.000000s ]
SQL: SELECT * FROM `ml_photoandword`  [ RunTime:0.000000s ]
SQL: SHOW COLUMNS FROM `ml_claimant` [ RunTime:0.000000s ]
SQL: SHOW COLUMNS FROM `ml_claimant` [ RunTime:0.000000s ]
SQL: SELECT * FROM `ml_claimant`  [ RunTime:0.000000s ]
INFO: [ view_parse ] --START--
INFO: [ template_filter ] --START--
INFO: Run Behavior\ContentReplaceBehavior [ RunTime:0.000000s ]
INFO: [ template_filter ] --END-- [ RunTime:0.000000s ]
INFO: Run Behavior\ParseTemplateBehavior [ RunTime:0.046875s ]
INFO: [ view_parse ] --END-- [ RunTime:0.046875s ]
INFO: [ view_filter ] --START--
INFO: Run Behavior\WriteHtmlCacheBehavior [ RunTime:0.000000s ]
INFO: [ view_filter ] --END-- [ RunTime:0.000000s ]
INFO: [ app_end ] --START--
INFO: Run Behavior\ShowPageTraceBehavior [ RunTime:0.000000s ]
INFO: [ app_end ] --END-- [ RunTime:0.000000s ]

[ 2016-04-04T18:34:52+08:00 ] 42.120.160.41 /SCUMicroLove/Home/Preview?id=20
INFO: [ app_init ] --START--
INFO: Run Behavior\BuildLiteBehavior [ RunTime:0.000000s ]
INFO: [ app_init ] --END-- [ RunTime:0.000000s ]
INFO: [ app_begin ] --START--
INFO: Run Behavior\ReadHtmlCacheBehavior [ RunTime:0.000000s ]
INFO: [ app_begin ] --END-- [ RunTime:0.000000s ]
SQL: SHOW COLUMNS FROM `ml_wishstory_application` [ RunTime:0.000000s ]
ERR: 1146:Table 'microlove.ml_wishstory_application' doesn't exist
 [ SQL语句 ] : SHOW COLUMNS FROM `ml_wishstory_application`
SQL: SHOW COLUMNS FROM `ml_photoand_word` [ RunTime:0.015625s ]
ERR: 1146:Table 'microlove.ml_photoand_word' doesn't exist
 [ SQL语句 ] : SHOW COLUMNS FROM `ml_photoand_word`
SQL: SHOW COLUMNS FROM `ml_photoandword` [ RunTime:0.000000s ]
SQL: SELECT * FROM `ml_photoandword`  [ RunTime:0.000000s ]
SQL: SHOW COLUMNS FROM `ml_claimant` [ RunTime:0.015625s ]
SQL: SHOW COLUMNS FROM `ml_claimant` [ RunTime:0.000000s ]
SQL: SELECT * FROM `ml_claimant`  [ RunTime:0.000000s ]
SQL: SHOW COLUMNS FROM `ml_wishstoryapplication` [ RunTime:0.031250s ]
SQL: SELECT * FROM `ml_wishstoryapplication` WHERE ( wishstory_id =20 )  [ RunTime:0.000000s ]
SQL: SHOW COLUMNS FROM `ml_photoandword` [ RunTime:0.015625s ]
SQL: SELECT * FROM `ml_photoandword` WHERE ( wishstory_id =20 )  [ RunTime:0.000000s ]
INFO: [ view_parse ] --START--
INFO: [ template_filter ] --START--
INFO: Run Behavior\ContentReplaceBehavior [ RunTime:0.000000s ]
INFO: [ template_filter ] --END-- [ RunTime:0.000000s ]
INFO: Run Behavior\ParseTemplateBehavior [ RunTime:0.046875s ]
INFO: [ view_parse ] --END-- [ RunTime:0.046875s ]
INFO: [ view_filter ] --START--
INFO: Run Behavior\WriteHtmlCacheBehavior [ RunTime:0.000000s ]
INFO: [ view_filter ] --END-- [ RunTime:0.000000s ]
INFO: [ app_end ] --START--
INFO: Run Behavior\ShowPageTraceBehavior [ RunTime:0.000000s ]
INFO: [ app_end ] --END-- [ RunTime:0.015625s ]

[ 2016-04-04T18:34:58+08:00 ] 42.156.136.41 /SCUMicroLove/Home/Preview?id=3
INFO: [ app_init ] --START--
INFO: Run Behavior\BuildLiteBehavior [ RunTime:0.000000s ]
INFO: [ app_init ] --END-- [ RunTime:0.000000s ]
INFO: [ app_begin ] --START--
INFO: Run Behavior\ReadHtmlCacheBehavior [ RunTime:0.000000s ]
INFO: [ app_begin ] --END-- [ RunTime:0.000000s ]
SQL: SHOW COLUMNS FROM `ml_wishstory_application` [ RunTime:0.000000s ]
ERR: 1146:Table 'microlove.ml_wishstory_application' doesn't exist
 [ SQL语句 ] : SHOW COLUMNS FROM `ml_wishstory_application`
SQL: SHOW COLUMNS FROM `ml_photoand_word` [ RunTime:0.000000s ]
ERR: 1146:Table 'microlove.ml_photoand_word' doesn't exist
 [ SQL语句 ] : SHOW COLUMNS FROM `ml_photoand_word`
SQL: SHOW COLUMNS FROM `ml_photoandword` [ RunTime:0.015625s ]
SQL: SELECT * FROM `ml_photoandword`  [ RunTime:0.000000s ]
SQL: SHOW COLUMNS FROM `ml_claimant` [ RunTime:0.000000s ]
SQL: SHOW COLUMNS FROM `ml_claimant` [ RunTime:0.000000s ]
SQL: SELECT * FROM `ml_claimant`  [ RunTime:0.000000s ]
SQL: SHOW COLUMNS FROM `ml_wishstoryapplication` [ RunTime:0.015625s ]
SQL: SELECT * FROM `ml_wishstoryapplication` WHERE ( wishstory_id =3 )  [ RunTime:0.000000s ]
SQL: SHOW COLUMNS FROM `ml_photoandword` [ RunTime:0.000000s ]
SQL: SELECT * FROM `ml_photoandword` WHERE ( wishstory_id =3 )  [ RunTime:0.015625s ]
INFO: [ view_parse ] --START--
INFO: [ template_filter ] --START--
INFO: Run Behavior\ContentReplaceBehavior [ RunTime:0.000000s ]
INFO: [ template_filter ] --END-- [ RunTime:0.000000s ]
INFO: Run Behavior\ParseTemplateBehavior [ RunTime:0.015625s ]
INFO: [ view_parse ] --END-- [ RunTime:0.015625s ]
INFO: [ view_filter ] --START--
INFO: Run Behavior\WriteHtmlCacheBehavior [ RunTime:0.000000s ]
INFO: [ view_filter ] --END-- [ RunTime:0.000000s ]
INFO: [ app_end ] --START--
INFO: Run Behavior\ShowPageTraceBehavior [ RunTime:0.015625s ]
INFO: [ app_end ] --END-- [ RunTime:0.015625s ]

[ 2016-04-04T18:34:59+08:00 ] 42.156.139.41 /SCUMicroLove/Home/Preview?id=7
INFO: [ app_init ] --START--
INFO: Run Behavior\BuildLiteBehavior [ RunTime:0.000000s ]
INFO: [ app_init ] --END-- [ RunTime:0.000000s ]
INFO: [ app_begin ] --START--
INFO: Run Behavior\ReadHtmlCacheBehavior [ RunTime:0.000000s ]
INFO: [ app_begin ] --END-- [ RunTime:0.000000s ]
SQL: SHOW COLUMNS FROM `ml_wishstory_application` [ RunTime:0.000000s ]
ERR: 1146:Table 'microlove.ml_wishstory_application' doesn't exist
 [ SQL语句 ] : SHOW COLUMNS FROM `ml_wishstory_application`
SQL: SHOW COLUMNS FROM `ml_photoand_word` [ RunTime:0.000000s ]
ERR: 1146:Table 'microlove.ml_photoand_word' doesn't exist
 [ SQL语句 ] : SHOW COLUMNS FROM `ml_photoand_word`
SQL: SHOW COLUMNS FROM `ml_photoandword` [ RunTime:0.000000s ]
SQL: SELECT * FROM `ml_photoandword`  [ RunTime:0.000000s ]
SQL: SHOW COLUMNS FROM `ml_claimant` [ RunTime:0.000000s ]
SQL: SHOW COLUMNS FROM `ml_claimant` [ RunTime:0.015625s ]
SQL: SELECT * FROM `ml_claimant`  [ RunTime:0.000000s ]
SQL: SHOW COLUMNS FROM `ml_wishstoryapplication` [ RunTime:0.000000s ]
SQL: SELECT * FROM `ml_wishstoryapplication` WHERE ( wishstory_id =7 )  [ RunTime:0.000000s ]
SQL: SHOW COLUMNS FROM `ml_photoandword` [ RunTime:0.015625s ]
SQL: SELECT * FROM `ml_photoandword` WHERE ( wishstory_id =7 )  [ RunTime:0.000000s ]
INFO: [ view_parse ] --START--
INFO: [ template_filter ] --START--
INFO: Run Behavior\ContentReplaceBehavior [ RunTime:0.000000s ]
INFO: [ template_filter ] --END-- [ RunTime:0.000000s ]
INFO: Run Behavior\ParseTemplateBehavior [ RunTime:0.031250s ]
INFO: [ view_parse ] --END-- [ RunTime:0.031250s ]
INFO: [ view_filter ] --START--
INFO: Run Behavior\WriteHtmlCacheBehavior [ RunTime:0.000000s ]
INFO: [ view_filter ] --END-- [ RunTime:0.000000s ]
INFO: [ app_end ] --START--
INFO: Run Behavior\ShowPageTraceBehavior [ RunTime:0.000000s ]
INFO: [ app_end ] --END-- [ RunTime:0.000000s ]

[ 2016-04-04T18:35:11+08:00 ] 42.156.137.41 /SCUMicroLove/Home/Preview?id=2
INFO: [ app_init ] --START--
INFO: Run Behavior\BuildLiteBehavior [ RunTime:0.000000s ]
INFO: [ app_init ] --END-- [ RunTime:0.000000s ]
INFO: [ app_begin ] --START--
INFO: Run Behavior\ReadHtmlCacheBehavior [ RunTime:0.000000s ]
INFO: [ app_begin ] --END-- [ RunTime:0.000000s ]
SQL: SHOW COLUMNS FROM `ml_wishstory_application` [ RunTime:0.015625s ]
ERR: 1146:Table 'microlove.ml_wishstory_application' doesn't exist
 [ SQL语句 ] : SHOW COLUMNS FROM `ml_wishstory_application`
SQL: SHOW COLUMNS FROM `ml_photoand_word` [ RunTime:0.000000s ]
ERR: 1146:Table 'microlove.ml_photoand_word' doesn't exist
 [ SQL语句 ] : SHOW COLUMNS FROM `ml_photoand_word`
SQL: SHOW COLUMNS FROM `ml_photoandword` [ RunTime:0.000000s ]
SQL: SELECT * FROM `ml_photoandword`  [ RunTime:0.000000s ]
SQL: SHOW COLUMNS FROM `ml_claimant` [ RunTime:0.015625s ]
SQL: SHOW COLUMNS FROM `ml_claimant` [ RunTime:0.000000s ]
SQL: SELECT * FROM `ml_claimant`  [ RunTime:0.000000s ]
SQL: SHOW COLUMNS FROM `ml_wishstoryapplication` [ RunTime:0.000000s ]
SQL: SELECT * FROM `ml_wishstoryapplication` WHERE ( wishstory_id =2 )  [ RunTime:0.000000s ]
SQL: SHOW COLUMNS FROM `ml_photoandword` [ RunTime:0.015625s ]
SQL: SELECT * FROM `ml_photoandword` WHERE ( wishstory_id =2 )  [ RunTime:0.000000s ]
INFO: [ view_parse ] --START--
INFO: [ template_filter ] --START--
INFO: Run Behavior\ContentReplaceBehavior [ RunTime:0.000000s ]
INFO: [ template_filter ] --END-- [ RunTime:0.000000s ]
INFO: Run Behavior\ParseTemplateBehavior [ RunTime:0.015625s ]
INFO: [ view_parse ] --END-- [ RunTime:0.015625s ]
INFO: [ view_filter ] --START--
INFO: Run Behavior\WriteHtmlCacheBehavior [ RunTime:0.000000s ]
INFO: [ view_filter ] --END-- [ RunTime:0.000000s ]
INFO: [ app_end ] --START--
INFO: Run Behavior\ShowPageTraceBehavior [ RunTime:0.015625s ]
INFO: [ app_end ] --END-- [ RunTime:0.015625s ]

[ 2016-04-04T18:35:13+08:00 ] 42.156.138.41 /SCUMicroLove/Home/Preview?id=14
INFO: [ app_init ] --START--
INFO: Run Behavior\BuildLiteBehavior [ RunTime:0.000000s ]
INFO: [ app_init ] --END-- [ RunTime:0.000000s ]
INFO: [ app_begin ] --START--
INFO: Run Behavior\ReadHtmlCacheBehavior [ RunTime:0.000000s ]
INFO: [ app_begin ] --END-- [ RunTime:0.000000s ]
SQL: SHOW COLUMNS FROM `ml_wishstory_application` [ RunTime:0.000000s ]
ERR: 1146:Table 'microlove.ml_wishstory_application' doesn't exist
 [ SQL语句 ] : SHOW COLUMNS FROM `ml_wishstory_application`
SQL: SHOW COLUMNS FROM `ml_photoand_word` [ RunTime:0.015625s ]
ERR: 1146:Table 'microlove.ml_photoand_word' doesn't exist
 [ SQL语句 ] : SHOW COLUMNS FROM `ml_photoand_word`
SQL: SHOW COLUMNS FROM `ml_photoandword` [ RunTime:0.000000s ]
SQL: SELECT * FROM `ml_photoandword`  [ RunTime:0.000000s ]
SQL: SHOW COLUMNS FROM `ml_claimant` [ RunTime:0.015625s ]
SQL: SHOW COLUMNS FROM `ml_claimant` [ RunTime:0.015625s ]
SQL: SELECT * FROM `ml_claimant`  [ RunTime:0.000000s ]
SQL: SHOW COLUMNS FROM `ml_wishstoryapplication` [ RunTime:0.000000s ]
SQL: SELECT * FROM `ml_wishstoryapplication` WHERE ( wishstory_id =14 )  [ RunTime:0.015625s ]
SQL: SHOW COLUMNS FROM `ml_photoandword` [ RunTime:0.000000s ]
SQL: SELECT * FROM `ml_photoandword` WHERE ( wishstory_id =14 )  [ RunTime:0.015625s ]
INFO: [ view_parse ] --START--
INFO: [ template_filter ] --START--
INFO: Run Behavior\ContentReplaceBehavior [ RunTime:0.000000s ]
INFO: [ template_filter ] --END-- [ RunTime:0.000000s ]
INFO: Run Behavior\ParseTemplateBehavior [ RunTime:0.078125s ]
INFO: [ view_parse ] --END-- [ RunTime:0.078125s ]
INFO: [ view_filter ] --START--
INFO: Run Behavior\WriteHtmlCacheBehavior [ RunTime:0.000000s ]
INFO: [ view_filter ] --END-- [ RunTime:0.000000s ]
INFO: [ app_end ] --START--
INFO: Run Behavior\ShowPageTraceBehavior [ RunTime:0.000000s ]
INFO: [ app_end ] --END-- [ RunTime:0.000000s ]

[ 2016-04-04T18:35:24+08:00 ] 42.156.139.41 /SCUMicroLove/Home/Preview?id=22
INFO: [ app_init ] --START--
INFO: Run Behavior\BuildLiteBehavior [ RunTime:0.000000s ]
INFO: [ app_init ] --END-- [ RunTime:0.000000s ]
INFO: [ app_begin ] --START--
INFO: Run Behavior\ReadHtmlCacheBehavior [ RunTime:0.000000s ]
INFO: [ app_begin ] --END-- [ RunTime:0.000000s ]
SQL: SHOW COLUMNS FROM `ml_wishstory_application` [ RunTime:0.015625s ]
ERR: 1146:Table 'microlove.ml_wishstory_application' doesn't exist
 [ SQL语句 ] : SHOW COLUMNS FROM `ml_wishstory_application`
SQL: SHOW COLUMNS FROM `ml_photoand_word` [ RunTime:0.000000s ]
ERR: 1146:Table 'microlove.ml_photoand_word' doesn't exist
 [ SQL语句 ] : SHOW COLUMNS FROM `ml_photoand_word`
SQL: SHOW COLUMNS FROM `ml_photoandword` [ RunTime:0.000000s ]
SQL: SELECT * FROM `ml_photoandword`  [ RunTime:0.000000s ]
SQL: SHOW COLUMNS FROM `ml_claimant` [ RunTime:0.015625s ]
SQL: SHOW COLUMNS FROM `ml_claimant` [ RunTime:0.000000s ]
SQL: SELECT * FROM `ml_claimant`  [ RunTime:0.000000s ]
SQL: SHOW COLUMNS FROM `ml_wishstoryapplication` [ RunTime:0.000000s ]
SQL: SELECT * FROM `ml_wishstoryapplication` WHERE ( wishstory_id =22 )  [ RunTime:0.000000s ]
SQL: SHOW COLUMNS FROM `ml_photoandword` [ RunTime:0.015625s ]
SQL: SELECT * FROM `ml_photoandword` WHERE ( wishstory_id =22 )  [ RunTime:0.000000s ]
INFO: [ view_parse ] --START--
INFO: [ template_filter ] --START--
INFO: Run Behavior\ContentReplaceBehavior [ RunTime:0.000000s ]
INFO: [ template_filter ] --END-- [ RunTime:0.000000s ]
INFO: Run Behavior\ParseTemplateBehavior [ RunTime:0.015625s ]
INFO: [ view_parse ] --END-- [ RunTime:0.015625s ]
INFO: [ view_filter ] --START--
INFO: Run Behavior\WriteHtmlCacheBehavior [ RunTime:0.000000s ]
INFO: [ view_filter ] --END-- [ RunTime:0.000000s ]
INFO: [ app_end ] --START--
INFO: Run Behavior\ShowPageTraceBehavior [ RunTime:0.000000s ]
INFO: [ app_end ] --END-- [ RunTime:0.000000s ]

[ 2016-04-04T18:35:24+08:00 ] 42.156.138.41 /SCUMicroLove/Home/Introduction
INFO: [ app_init ] --START--
INFO: Run Behavior\BuildLiteBehavior [ RunTime:0.000000s ]
INFO: [ app_init ] --END-- [ RunTime:0.000000s ]
INFO: [ app_begin ] --START--
INFO: Run Behavior\ReadHtmlCacheBehavior [ RunTime:0.000000s ]
INFO: [ app_begin ] --END-- [ RunTime:0.000000s ]
SQL: SHOW COLUMNS FROM `ml_photoand_word` [ RunTime:0.000000s ]
ERR: 1146:Table 'microlove.ml_photoand_word' doesn't exist
 [ SQL语句 ] : SHOW COLUMNS FROM `ml_photoand_word`
SQL: SHOW COLUMNS FROM `ml_photoandword` [ RunTime:0.000000s ]
SQL: SELECT * FROM `ml_photoandword`  [ RunTime:0.000000s ]
SQL: SHOW COLUMNS FROM `ml_claimant` [ RunTime:0.000000s ]
SQL: SHOW COLUMNS FROM `ml_claimant` [ RunTime:0.000000s ]
SQL: SELECT * FROM `ml_claimant`  [ RunTime:0.015625s ]
INFO: [ view_parse ] --START--
INFO: [ template_filter ] --START--
INFO: Run Behavior\ContentReplaceBehavior [ RunTime:0.000000s ]
INFO: [ template_filter ] --END-- [ RunTime:0.000000s ]
INFO: Run Behavior\ParseTemplateBehavior [ RunTime:0.046875s ]
INFO: [ view_parse ] --END-- [ RunTime:0.046875s ]
INFO: [ view_filter ] --START--
INFO: Run Behavior\WriteHtmlCacheBehavior [ RunTime:0.015625s ]
INFO: [ view_filter ] --END-- [ RunTime:0.015625s ]
INFO: [ app_end ] --START--
INFO: Run Behavior\ShowPageTraceBehavior [ RunTime:0.000000s ]
INFO: [ app_end ] --END-- [ RunTime:0.000000s ]

