[ 2016-04-20T15:51:40+08:00 ] ::1 /SCUMicroLove/Home/LogIn
INFO: [ app_init ] --START--
INFO: Run Behavior\BuildLiteBehavior [ RunTime:0.000052s ]
INFO: [ app_init ] --END-- [ RunTime:0.003585s ]
INFO: [ app_begin ] --START--
INFO: Run Behavior\ReadHtmlCacheBehavior [ RunTime:0.003358s ]
INFO: [ app_begin ] --END-- [ RunTime:0.003665s ]
NOTIC: [8192] mysql_connect(): The mysql extension is deprecated and will be removed in the future: use mysqli or PDO instead D:\Develop\PHP\Development Tools\httpd-2.4.12-win64-VC14\Apache24\htdocs\SCUMicroLove\ThinkPHP\Library\Think\Db\Driver\Mysql.class.php 第 52 行.
SQL: SHOW COLUMNS FROM `ml_photoand_word` [ RunTime:0.020682s ]
ERR: 1146:Table 'microlove.ml_photoand_word' doesn't exist
 [ SQL语句 ] : SHOW COLUMNS FROM `ml_photoand_word`
SQL: SHOW COLUMNS FROM `ml_photoandword` [ RunTime:0.018685s ]
SQL: SELECT * FROM `ml_photoandword`  [ RunTime:0.001887s ]
SQL: SHOW COLUMNS FROM `ml_claimant` [ RunTime:0.015709s ]
SQL: SHOW COLUMNS FROM `ml_claimant` [ RunTime:0.014007s ]
SQL: SELECT * FROM `ml_claimant`  [ RunTime:0.001119s ]
INFO: [ view_parse ] --START--
INFO: [ template_filter ] --START--
INFO: Run Behavior\ContentReplaceBehavior [ RunTime:0.000365s ]
INFO: [ template_filter ] --END-- [ RunTime:0.000721s ]
INFO: Run Behavior\ParseTemplateBehavior [ RunTime:0.041170s ]
INFO: [ view_parse ] --END-- [ RunTime:0.041396s ]
INFO: [ view_filter ] --START--
INFO: Run Behavior\WriteHtmlCacheBehavior [ RunTime:0.002461s ]
INFO: [ view_filter ] --END-- [ RunTime:0.002626s ]
INFO: [ app_end ] --START--
INFO: Run Behavior\ShowPageTraceBehavior [ RunTime:0.005730s ]
INFO: [ app_end ] --END-- [ RunTime:0.005995s ]

[ 2016-04-20T15:51:45+08:00 ] ::1 /SCUMicroLove/Home/Index
INFO: [ app_init ] --START--
INFO: Run Behavior\BuildLiteBehavior [ RunTime:0.000136s ]
INFO: [ app_init ] --END-- [ RunTime:0.002279s ]
INFO: [ app_begin ] --START--
INFO: Run Behavior\ReadHtmlCacheBehavior [ RunTime:0.003220s ]
INFO: [ app_begin ] --END-- [ RunTime:0.003447s ]
NOTIC: [8192] mysql_connect(): The mysql extension is deprecated and will be removed in the future: use mysqli or PDO instead D:\Develop\PHP\Development Tools\httpd-2.4.12-win64-VC14\Apache24\htdocs\SCUMicroLove\ThinkPHP\Library\Think\Db\Driver\Mysql.class.php 第 52 行.
SQL: SHOW COLUMNS FROM `ml_photoand_word` [ RunTime:0.012671s ]
ERR: 1146:Table 'microlove.ml_photoand_word' doesn't exist
 [ SQL语句 ] : SHOW COLUMNS FROM `ml_photoand_word`
SQL: SHOW COLUMNS FROM `ml_photoandword` [ RunTime:0.013243s ]
SQL: SELECT * FROM `ml_photoandword`  [ RunTime:0.000849s ]
SQL: SHOW COLUMNS FROM `ml_claimant` [ RunTime:0.015401s ]
SQL: SHOW COLUMNS FROM `ml_claimant` [ RunTime:0.013680s ]
SQL: SELECT * FROM `ml_claimant`  [ RunTime:0.000742s ]
SQL: SHOW COLUMNS FROM `ml_wishstory_application` [ RunTime:0.013127s ]
ERR: 1146:Table 'microlove.ml_wishstory_application' doesn't exist
 [ SQL语句 ] : SHOW COLUMNS FROM `ml_wishstory_application`
SQL: SHOW COLUMNS FROM `ml_wishstoryapplication` [ RunTime:0.017279s ]
SQL: SELECT COUNT(*) AS tp_count FROM `ml_wishstoryapplication` WHERE ( stu_claimstate = 0 ) LIMIT 1   [ RunTime:0.002557s ]
SQL: SHOW COLUMNS FROM `ml_wishstoryapplication` [ RunTime:0.014363s ]
SQL: SELECT * FROM `ml_wishstoryapplication` WHERE ( stu_claimstate = 0 ) ORDER BY wishstory_id desc LIMIT 0,10   [ RunTime:0.001486s ]
INFO: [ view_parse ] --START--
INFO: [ template_filter ] --START--
INFO: Run Behavior\ContentReplaceBehavior [ RunTime:0.000356s ]
INFO: [ template_filter ] --END-- [ RunTime:0.000556s ]
INFO: Run Behavior\ParseTemplateBehavior [ RunTime:0.049283s ]
INFO: [ view_parse ] --END-- [ RunTime:0.049521s ]
INFO: [ view_filter ] --START--
INFO: Run Behavior\WriteHtmlCacheBehavior [ RunTime:0.002260s ]
INFO: [ view_filter ] --END-- [ RunTime:0.002428s ]
INFO: [ app_end ] --START--
INFO: Run Behavior\ShowPageTraceBehavior [ RunTime:0.003303s ]
INFO: [ app_end ] --END-- [ RunTime:0.003508s ]

[ 2016-04-20T15:51:53+08:00 ] ::1 /SCUMicroLove/Home/Index?page=2
INFO: [ app_init ] --START--
INFO: Run Behavior\BuildLiteBehavior [ RunTime:0.000081s ]
INFO: [ app_init ] --END-- [ RunTime:0.002439s ]
INFO: [ app_begin ] --START--
INFO: Run Behavior\ReadHtmlCacheBehavior [ RunTime:0.007985s ]
INFO: [ app_begin ] --END-- [ RunTime:0.008365s ]
NOTIC: [8192] mysql_connect(): The mysql extension is deprecated and will be removed in the future: use mysqli or PDO instead D:\Develop\PHP\Development Tools\httpd-2.4.12-win64-VC14\Apache24\htdocs\SCUMicroLove\ThinkPHP\Library\Think\Db\Driver\Mysql.class.php 第 52 行.
SQL: SHOW COLUMNS FROM `ml_photoand_word` [ RunTime:0.020113s ]
ERR: 1146:Table 'microlove.ml_photoand_word' doesn't exist
 [ SQL语句 ] : SHOW COLUMNS FROM `ml_photoand_word`
SQL: SHOW COLUMNS FROM `ml_photoandword` [ RunTime:0.022943s ]
SQL: SELECT * FROM `ml_photoandword`  [ RunTime:0.001047s ]
SQL: SHOW COLUMNS FROM `ml_claimant` [ RunTime:0.017320s ]
SQL: SHOW COLUMNS FROM `ml_claimant` [ RunTime:0.022394s ]
SQL: SELECT * FROM `ml_claimant`  [ RunTime:0.000725s ]
SQL: SHOW COLUMNS FROM `ml_wishstory_application` [ RunTime:0.017647s ]
ERR: 1146:Table 'microlove.ml_wishstory_application' doesn't exist
 [ SQL语句 ] : SHOW COLUMNS FROM `ml_wishstory_application`
SQL: SHOW COLUMNS FROM `ml_wishstoryapplication` [ RunTime:0.017744s ]
SQL: SELECT COUNT(*) AS tp_count FROM `ml_wishstoryapplication` WHERE ( stu_claimstate = 0 ) LIMIT 1   [ RunTime:0.000553s ]
SQL: SHOW COLUMNS FROM `ml_wishstoryapplication` [ RunTime:0.016941s ]
SQL: SELECT * FROM `ml_wishstoryapplication` WHERE ( stu_claimstate = 0 ) ORDER BY wishstory_id desc LIMIT 10,10   [ RunTime:0.001321s ]
INFO: [ view_parse ] --START--
INFO: [ template_filter ] --START--
INFO: Run Behavior\ContentReplaceBehavior [ RunTime:0.000474s ]
INFO: [ template_filter ] --END-- [ RunTime:0.000695s ]
INFO: Run Behavior\ParseTemplateBehavior [ RunTime:0.046301s ]
INFO: [ view_parse ] --END-- [ RunTime:0.046540s ]
INFO: [ view_filter ] --START--
INFO: Run Behavior\WriteHtmlCacheBehavior [ RunTime:0.002059s ]
INFO: [ view_filter ] --END-- [ RunTime:0.002225s ]
INFO: [ app_end ] --START--
INFO: Run Behavior\ShowPageTraceBehavior [ RunTime:0.004654s ]
INFO: [ app_end ] --END-- [ RunTime:0.004917s ]

[ 2016-04-20T15:51:58+08:00 ] ::1 /SCUMicroLove/Home/Indexn
INFO: [ app_init ] --START--
INFO: Run Behavior\BuildLiteBehavior [ RunTime:0.000068s ]
INFO: [ app_init ] --END-- [ RunTime:0.002441s ]
INFO: [ app_begin ] --START--
INFO: Run Behavior\ReadHtmlCacheBehavior [ RunTime:0.005971s ]
INFO: [ app_begin ] --END-- [ RunTime:0.006508s ]
NOTIC: [8192] mysql_connect(): The mysql extension is deprecated and will be removed in the future: use mysqli or PDO instead D:\Develop\PHP\Development Tools\httpd-2.4.12-win64-VC14\Apache24\htdocs\SCUMicroLove\ThinkPHP\Library\Think\Db\Driver\Mysql.class.php 第 52 行.
SQL: SHOW COLUMNS FROM `ml_photoand_word` [ RunTime:0.015339s ]
ERR: 1146:Table 'microlove.ml_photoand_word' doesn't exist
 [ SQL语句 ] : SHOW COLUMNS FROM `ml_photoand_word`
SQL: SHOW COLUMNS FROM `ml_photoandword` [ RunTime:0.015906s ]
SQL: SELECT * FROM `ml_photoandword`  [ RunTime:0.000905s ]
SQL: SHOW COLUMNS FROM `ml_claimant` [ RunTime:0.016044s ]
SQL: SHOW COLUMNS FROM `ml_claimant` [ RunTime:0.017230s ]
SQL: SELECT * FROM `ml_claimant`  [ RunTime:0.000877s ]
SQL: SHOW COLUMNS FROM `ml_wishstory_application` [ RunTime:0.016856s ]
ERR: 1146:Table 'microlove.ml_wishstory_application' doesn't exist
 [ SQL语句 ] : SHOW COLUMNS FROM `ml_wishstory_application`
SQL: SHOW COLUMNS FROM `ml_wishstoryapplication` [ RunTime:0.019257s ]
SQL: SELECT COUNT(*) AS tp_count FROM `ml_wishstoryapplication` WHERE ( stu_claimstate > 1 ) LIMIT 1   [ RunTime:0.001366s ]
SQL: SHOW COLUMNS FROM `ml_wishstoryapplication` [ RunTime:0.016666s ]
SQL: SELECT * FROM `ml_wishstoryapplication` WHERE ( stu_claimstate > 1 ) ORDER BY wishstory_id desc LIMIT 0,10   [ RunTime:0.001666s ]
INFO: [ view_parse ] --START--
INFO: [ template_filter ] --START--
INFO: Run Behavior\ContentReplaceBehavior [ RunTime:0.000429s ]
INFO: [ template_filter ] --END-- [ RunTime:0.000669s ]
INFO: Run Behavior\ParseTemplateBehavior [ RunTime:0.057804s ]
INFO: [ view_parse ] --END-- [ RunTime:0.058040s ]
INFO: [ view_filter ] --START--
INFO: Run Behavior\WriteHtmlCacheBehavior [ RunTime:0.001604s ]
INFO: [ view_filter ] --END-- [ RunTime:0.001731s ]
INFO: [ app_end ] --START--
INFO: Run Behavior\ShowPageTraceBehavior [ RunTime:0.003700s ]
INFO: [ app_end ] --END-- [ RunTime:0.003957s ]

[ 2016-04-20T15:52:03+08:00 ] ::1 /SCUMicroLove/Home/Preview?id=25
INFO: [ app_init ] --START--
INFO: Run Behavior\BuildLiteBehavior [ RunTime:0.000080s ]
INFO: [ app_init ] --END-- [ RunTime:0.014933s ]
INFO: [ app_begin ] --START--
INFO: Run Behavior\ReadHtmlCacheBehavior [ RunTime:0.004708s ]
INFO: [ app_begin ] --END-- [ RunTime:0.010125s ]
NOTIC: [8192] mysql_connect(): The mysql extension is deprecated and will be removed in the future: use mysqli or PDO instead D:\Develop\PHP\Development Tools\httpd-2.4.12-win64-VC14\Apache24\htdocs\SCUMicroLove\ThinkPHP\Library\Think\Db\Driver\Mysql.class.php 第 52 行.
SQL: SHOW COLUMNS FROM `ml_wishstory_application` [ RunTime:0.019681s ]
ERR: 1146:Table 'microlove.ml_wishstory_application' doesn't exist
 [ SQL语句 ] : SHOW COLUMNS FROM `ml_wishstory_application`
SQL: SHOW COLUMNS FROM `ml_photoand_word` [ RunTime:0.019178s ]
ERR: 1146:Table 'microlove.ml_photoand_word' doesn't exist
 [ SQL语句 ] : SHOW COLUMNS FROM `ml_photoand_word`
SQL: SHOW COLUMNS FROM `ml_photoandword` [ RunTime:0.020093s ]
SQL: SELECT * FROM `ml_photoandword`  [ RunTime:0.000852s ]
SQL: SHOW COLUMNS FROM `ml_claimant` [ RunTime:0.028385s ]
SQL: SHOW COLUMNS FROM `ml_claimant` [ RunTime:0.021473s ]
SQL: SELECT * FROM `ml_claimant`  [ RunTime:0.000873s ]
SQL: SHOW COLUMNS FROM `ml_wishstoryapplication` [ RunTime:0.032302s ]
SQL: SELECT * FROM `ml_wishstoryapplication` WHERE ( wishstory_id =25 )  [ RunTime:0.001371s ]
SQL: SHOW COLUMNS FROM `ml_photoandword` [ RunTime:0.023101s ]
SQL: SELECT * FROM `ml_photoandword` WHERE ( wishstory_id =25 )  [ RunTime:0.001288s ]
INFO: [ view_parse ] --START--
INFO: [ template_filter ] --START--
INFO: Run Behavior\ContentReplaceBehavior [ RunTime:0.000369s ]
INFO: [ template_filter ] --END-- [ RunTime:0.000696s ]
INFO: Run Behavior\ParseTemplateBehavior [ RunTime:0.060194s ]
INFO: [ view_parse ] --END-- [ RunTime:0.060570s ]
INFO: [ view_filter ] --START--
INFO: Run Behavior\WriteHtmlCacheBehavior [ RunTime:0.004928s ]
INFO: [ view_filter ] --END-- [ RunTime:0.005213s ]
INFO: [ app_end ] --START--
INFO: Run Behavior\ShowPageTraceBehavior [ RunTime:0.006223s ]
INFO: [ app_end ] --END-- [ RunTime:0.006524s ]

[ 2016-04-20T15:52:09+08:00 ] ::1 /SCUMicroLove/Home/Introduction
INFO: [ app_init ] --START--
INFO: Run Behavior\BuildLiteBehavior [ RunTime:0.000087s ]
INFO: [ app_init ] --END-- [ RunTime:0.004059s ]
INFO: [ app_begin ] --START--
INFO: Run Behavior\ReadHtmlCacheBehavior [ RunTime:0.004234s ]
INFO: [ app_begin ] --END-- [ RunTime:0.004673s ]
NOTIC: [8192] mysql_connect(): The mysql extension is deprecated and will be removed in the future: use mysqli or PDO instead D:\Develop\PHP\Development Tools\httpd-2.4.12-win64-VC14\Apache24\htdocs\SCUMicroLove\ThinkPHP\Library\Think\Db\Driver\Mysql.class.php 第 52 行.
SQL: SHOW COLUMNS FROM `ml_photoand_word` [ RunTime:0.019930s ]
ERR: 1146:Table 'microlove.ml_photoand_word' doesn't exist
 [ SQL语句 ] : SHOW COLUMNS FROM `ml_photoand_word`
SQL: SHOW COLUMNS FROM `ml_photoandword` [ RunTime:0.021874s ]
SQL: SELECT * FROM `ml_photoandword`  [ RunTime:0.000962s ]
SQL: SHOW COLUMNS FROM `ml_claimant` [ RunTime:0.020540s ]
SQL: SHOW COLUMNS FROM `ml_claimant` [ RunTime:0.025309s ]
SQL: SELECT * FROM `ml_claimant`  [ RunTime:0.000871s ]
INFO: [ view_parse ] --START--
INFO: [ template_filter ] --START--
INFO: Run Behavior\ContentReplaceBehavior [ RunTime:0.000568s ]
INFO: [ template_filter ] --END-- [ RunTime:0.000976s ]
INFO: Run Behavior\ParseTemplateBehavior [ RunTime:0.063717s ]
INFO: [ view_parse ] --END-- [ RunTime:0.064097s ]
INFO: [ view_filter ] --START--
INFO: Run Behavior\WriteHtmlCacheBehavior [ RunTime:0.004767s ]
INFO: [ view_filter ] --END-- [ RunTime:0.005057s ]
INFO: [ app_end ] --START--
INFO: Run Behavior\ShowPageTraceBehavior [ RunTime:0.009180s ]
INFO: [ app_end ] --END-- [ RunTime:0.009945s ]

[ 2016-04-20T15:52:24+08:00 ] ::1 /SCUMicroLove/Home/WishstoryApplication
INFO: [ app_init ] --START--
INFO: Run Behavior\BuildLiteBehavior [ RunTime:0.000050s ]
INFO: [ app_init ] --END-- [ RunTime:0.001761s ]
INFO: [ app_begin ] --START--
INFO: Run Behavior\ReadHtmlCacheBehavior [ RunTime:0.002423s ]
INFO: [ app_begin ] --END-- [ RunTime:0.002621s ]
NOTIC: [8192] mysql_connect(): The mysql extension is deprecated and will be removed in the future: use mysqli or PDO instead D:\Develop\PHP\Development Tools\httpd-2.4.12-win64-VC14\Apache24\htdocs\SCUMicroLove\ThinkPHP\Library\Think\Db\Driver\Mysql.class.php 第 52 行.
SQL: SHOW COLUMNS FROM `ml_photoand_word` [ RunTime:0.013268s ]
ERR: 1146:Table 'microlove.ml_photoand_word' doesn't exist
 [ SQL语句 ] : SHOW COLUMNS FROM `ml_photoand_word`
SQL: SHOW COLUMNS FROM `ml_photoandword` [ RunTime:0.012684s ]
SQL: SELECT * FROM `ml_photoandword`  [ RunTime:0.000847s ]
SQL: SHOW COLUMNS FROM `ml_claimant` [ RunTime:0.014746s ]
SQL: SHOW COLUMNS FROM `ml_claimant` [ RunTime:0.012666s ]
SQL: SELECT * FROM `ml_claimant`  [ RunTime:0.000832s ]
INFO: [ view_parse ] --START--
INFO: [ template_filter ] --START--
INFO: Run Behavior\ContentReplaceBehavior [ RunTime:0.000409s ]
INFO: [ template_filter ] --END-- [ RunTime:0.000604s ]
INFO: Run Behavior\ParseTemplateBehavior [ RunTime:0.037288s ]
INFO: [ view_parse ] --END-- [ RunTime:0.037511s ]
INFO: [ view_filter ] --START--
INFO: Run Behavior\WriteHtmlCacheBehavior [ RunTime:0.002588s ]
INFO: [ view_filter ] --END-- [ RunTime:0.002768s ]
INFO: [ app_end ] --START--
INFO: Run Behavior\ShowPageTraceBehavior [ RunTime:0.005146s ]
INFO: [ app_end ] --END-- [ RunTime:0.005467s ]

[ 2016-04-20T15:52:31+08:00 ] ::1 /SCUMicroLove/Home/Inquire
INFO: [ app_init ] --START--
INFO: Run Behavior\BuildLiteBehavior [ RunTime:0.000051s ]
INFO: [ app_init ] --END-- [ RunTime:0.002082s ]
INFO: [ app_begin ] --START--
INFO: Run Behavior\ReadHtmlCacheBehavior [ RunTime:0.002514s ]
INFO: [ app_begin ] --END-- [ RunTime:0.002768s ]
NOTIC: [8192] mysql_connect(): The mysql extension is deprecated and will be removed in the future: use mysqli or PDO instead D:\Develop\PHP\Development Tools\httpd-2.4.12-win64-VC14\Apache24\htdocs\SCUMicroLove\ThinkPHP\Library\Think\Db\Driver\Mysql.class.php 第 52 行.
SQL: SHOW COLUMNS FROM `ml_photoand_word` [ RunTime:0.013534s ]
ERR: 1146:Table 'microlove.ml_photoand_word' doesn't exist
 [ SQL语句 ] : SHOW COLUMNS FROM `ml_photoand_word`
SQL: SHOW COLUMNS FROM `ml_photoandword` [ RunTime:0.012705s ]
SQL: SELECT * FROM `ml_photoandword`  [ RunTime:0.000728s ]
SQL: SHOW COLUMNS FROM `ml_claimant` [ RunTime:0.014846s ]
SQL: SHOW COLUMNS FROM `ml_claimant` [ RunTime:0.013383s ]
SQL: SELECT * FROM `ml_claimant`  [ RunTime:0.000745s ]
SQL: SHOW COLUMNS FROM `ml_wishstory_application` [ RunTime:0.012092s ]
ERR: 1146:Table 'microlove.ml_wishstory_application' doesn't exist
 [ SQL语句 ] : SHOW COLUMNS FROM `ml_wishstory_application`
SQL: SHOW COLUMNS FROM `ml_wishstoryapplication` [ RunTime:0.013712s ]
SQL: SELECT COUNT(*) AS tp_count FROM `ml_wishstoryapplication` LIMIT 1   [ RunTime:0.001086s ]
SQL: SHOW COLUMNS FROM `ml_wishstoryapplication` [ RunTime:0.014567s ]
SQL: SELECT * FROM `ml_wishstoryapplication` ORDER BY wishstory_id desc LIMIT 0,10   [ RunTime:0.001337s ]
INFO: [ view_parse ] --START--
INFO: [ template_filter ] --START--
INFO: Run Behavior\ContentReplaceBehavior [ RunTime:0.000315s ]
INFO: [ template_filter ] --END-- [ RunTime:0.000559s ]
INFO: Run Behavior\ParseTemplateBehavior [ RunTime:0.045831s ]
INFO: [ view_parse ] --END-- [ RunTime:0.046150s ]
INFO: [ view_filter ] --START--
INFO: Run Behavior\WriteHtmlCacheBehavior [ RunTime:0.002051s ]
INFO: [ view_filter ] --END-- [ RunTime:0.002218s ]
INFO: [ app_end ] --START--
INFO: Run Behavior\ShowPageTraceBehavior [ RunTime:0.004912s ]
INFO: [ app_end ] --END-- [ RunTime:0.005184s ]

[ 2016-04-20T15:52:34+08:00 ] ::1 /SCUMicroLove/Home/Preview?id=19
INFO: [ app_init ] --START--
INFO: Run Behavior\BuildLiteBehavior [ RunTime:0.000075s ]
INFO: [ app_init ] --END-- [ RunTime:0.009439s ]
INFO: [ app_begin ] --START--
INFO: Run Behavior\ReadHtmlCacheBehavior [ RunTime:0.008407s ]
INFO: [ app_begin ] --END-- [ RunTime:0.008776s ]
NOTIC: [8192] mysql_connect(): The mysql extension is deprecated and will be removed in the future: use mysqli or PDO instead D:\Develop\PHP\Development Tools\httpd-2.4.12-win64-VC14\Apache24\htdocs\SCUMicroLove\ThinkPHP\Library\Think\Db\Driver\Mysql.class.php 第 52 行.
SQL: SHOW COLUMNS FROM `ml_wishstory_application` [ RunTime:0.016933s ]
ERR: 1146:Table 'microlove.ml_wishstory_application' doesn't exist
 [ SQL语句 ] : SHOW COLUMNS FROM `ml_wishstory_application`
SQL: SHOW COLUMNS FROM `ml_photoand_word` [ RunTime:0.020231s ]
ERR: 1146:Table 'microlove.ml_photoand_word' doesn't exist
 [ SQL语句 ] : SHOW COLUMNS FROM `ml_photoand_word`
SQL: SHOW COLUMNS FROM `ml_photoandword` [ RunTime:0.020726s ]
SQL: SELECT * FROM `ml_photoandword`  [ RunTime:0.001033s ]
SQL: SHOW COLUMNS FROM `ml_claimant` [ RunTime:0.019874s ]
SQL: SHOW COLUMNS FROM `ml_claimant` [ RunTime:0.020452s ]
SQL: SELECT * FROM `ml_claimant`  [ RunTime:0.000838s ]
SQL: SHOW COLUMNS FROM `ml_wishstoryapplication` [ RunTime:0.025051s ]
SQL: SELECT * FROM `ml_wishstoryapplication` WHERE ( wishstory_id =19 )  [ RunTime:0.001689s ]
SQL: SHOW COLUMNS FROM `ml_photoandword` [ RunTime:0.020074s ]
SQL: SELECT * FROM `ml_photoandword` WHERE ( wishstory_id =19 )  [ RunTime:0.001300s ]
INFO: [ view_parse ] --START--
INFO: [ template_filter ] --START--
INFO: Run Behavior\ContentReplaceBehavior [ RunTime:0.000453s ]
INFO: [ template_filter ] --END-- [ RunTime:0.000801s ]
INFO: Run Behavior\ParseTemplateBehavior [ RunTime:0.075097s ]
INFO: [ view_parse ] --END-- [ RunTime:0.075443s ]
INFO: [ view_filter ] --START--
INFO: Run Behavior\WriteHtmlCacheBehavior [ RunTime:0.005906s ]
INFO: [ view_filter ] --END-- [ RunTime:0.006200s ]
INFO: [ app_end ] --START--
INFO: Run Behavior\ShowPageTraceBehavior [ RunTime:0.010077s ]
INFO: [ app_end ] --END-- [ RunTime:0.010449s ]

[ 2016-04-20T15:52:40+08:00 ] ::1 /SCUMicroLove/Home/Preview?id=26
INFO: [ app_init ] --START--
INFO: Run Behavior\BuildLiteBehavior [ RunTime:0.000080s ]
INFO: [ app_init ] --END-- [ RunTime:0.003573s ]
INFO: [ app_begin ] --START--
INFO: Run Behavior\ReadHtmlCacheBehavior [ RunTime:0.004010s ]
INFO: [ app_begin ] --END-- [ RunTime:0.004444s ]
NOTIC: [8192] mysql_connect(): The mysql extension is deprecated and will be removed in the future: use mysqli or PDO instead D:\Develop\PHP\Development Tools\httpd-2.4.12-win64-VC14\Apache24\htdocs\SCUMicroLove\ThinkPHP\Library\Think\Db\Driver\Mysql.class.php 第 52 行.
SQL: SHOW COLUMNS FROM `ml_wishstory_application` [ RunTime:0.020215s ]
ERR: 1146:Table 'microlove.ml_wishstory_application' doesn't exist
 [ SQL语句 ] : SHOW COLUMNS FROM `ml_wishstory_application`
SQL: SHOW COLUMNS FROM `ml_photoand_word` [ RunTime:0.021939s ]
ERR: 1146:Table 'microlove.ml_photoand_word' doesn't exist
 [ SQL语句 ] : SHOW COLUMNS FROM `ml_photoand_word`
SQL: SHOW COLUMNS FROM `ml_photoandword` [ RunTime:0.020727s ]
SQL: SELECT * FROM `ml_photoandword`  [ RunTime:0.001022s ]
SQL: SHOW COLUMNS FROM `ml_claimant` [ RunTime:0.020822s ]
SQL: SHOW COLUMNS FROM `ml_claimant` [ RunTime:0.020629s ]
SQL: SELECT * FROM `ml_claimant`  [ RunTime:0.000817s ]
SQL: SHOW COLUMNS FROM `ml_wishstoryapplication` [ RunTime:0.021687s ]
SQL: SELECT * FROM `ml_wishstoryapplication` WHERE ( wishstory_id =26 )  [ RunTime:0.001704s ]
SQL: SHOW COLUMNS FROM `ml_photoandword` [ RunTime:0.019280s ]
SQL: SELECT * FROM `ml_photoandword` WHERE ( wishstory_id =26 )  [ RunTime:0.001084s ]
INFO: [ view_parse ] --START--
INFO: [ template_filter ] --START--
INFO: Run Behavior\ContentReplaceBehavior [ RunTime:0.000408s ]
INFO: [ template_filter ] --END-- [ RunTime:0.000755s ]
INFO: Run Behavior\ParseTemplateBehavior [ RunTime:0.065995s ]
INFO: [ view_parse ] --END-- [ RunTime:0.066300s ]
INFO: [ view_filter ] --START--
INFO: Run Behavior\WriteHtmlCacheBehavior [ RunTime:0.012283s ]
INFO: [ view_filter ] --END-- [ RunTime:0.012579s ]
INFO: [ app_end ] --START--
INFO: Run Behavior\ShowPageTraceBehavior [ RunTime:0.007476s ]
INFO: [ app_end ] --END-- [ RunTime:0.007920s ]

[ 2016-04-20T15:52:44+08:00 ] ::1 /SCUMicroLove/Home/Claimant?26
INFO: [ app_init ] --START--
INFO: Run Behavior\BuildLiteBehavior [ RunTime:0.000051s ]
INFO: [ app_init ] --END-- [ RunTime:0.002009s ]
INFO: [ app_begin ] --START--
INFO: Run Behavior\ReadHtmlCacheBehavior [ RunTime:0.002499s ]
INFO: [ app_begin ] --END-- [ RunTime:0.002857s ]
NOTIC: [8192] mysql_connect(): The mysql extension is deprecated and will be removed in the future: use mysqli or PDO instead D:\Develop\PHP\Development Tools\httpd-2.4.12-win64-VC14\Apache24\htdocs\SCUMicroLove\ThinkPHP\Library\Think\Db\Driver\Mysql.class.php 第 52 行.
SQL: SHOW COLUMNS FROM `ml_photoand_word` [ RunTime:0.012362s ]
ERR: 1146:Table 'microlove.ml_photoand_word' doesn't exist
 [ SQL语句 ] : SHOW COLUMNS FROM `ml_photoand_word`
SQL: SHOW COLUMNS FROM `ml_photoandword` [ RunTime:0.012573s ]
SQL: SELECT * FROM `ml_photoandword`  [ RunTime:0.000768s ]
SQL: SHOW COLUMNS FROM `ml_claimant` [ RunTime:0.013948s ]
SQL: SHOW COLUMNS FROM `ml_claimant` [ RunTime:0.013718s ]
SQL: SELECT * FROM `ml_claimant`  [ RunTime:0.000720s ]
INFO: [ view_parse ] --START--
INFO: [ template_filter ] --START--
INFO: Run Behavior\ContentReplaceBehavior [ RunTime:0.000291s ]
INFO: [ template_filter ] --END-- [ RunTime:0.000477s ]
INFO: Run Behavior\ParseTemplateBehavior [ RunTime:0.035554s ]
INFO: [ view_parse ] --END-- [ RunTime:0.035924s ]
INFO: [ view_filter ] --START--
INFO: Run Behavior\WriteHtmlCacheBehavior [ RunTime:0.003189s ]
INFO: [ view_filter ] --END-- [ RunTime:0.003410s ]
INFO: [ app_end ] --START--
INFO: Run Behavior\ShowPageTraceBehavior [ RunTime:0.004379s ]
INFO: [ app_end ] --END-- [ RunTime:0.004670s ]

[ 2016-04-20T15:52:46+08:00 ] ::1 /SCUMicroLove/Home/PhotoandWord
INFO: [ app_init ] --START--
INFO: Run Behavior\BuildLiteBehavior [ RunTime:0.000051s ]
INFO: [ app_init ] --END-- [ RunTime:0.001898s ]
INFO: [ app_begin ] --START--
INFO: Run Behavior\ReadHtmlCacheBehavior [ RunTime:0.002477s ]
INFO: [ app_begin ] --END-- [ RunTime:0.002687s ]
NOTIC: [8192] mysql_connect(): The mysql extension is deprecated and will be removed in the future: use mysqli or PDO instead D:\Develop\PHP\Development Tools\httpd-2.4.12-win64-VC14\Apache24\htdocs\SCUMicroLove\ThinkPHP\Library\Think\Db\Driver\Mysql.class.php 第 52 行.
SQL: SHOW COLUMNS FROM `ml_photoand_word` [ RunTime:0.013363s ]
ERR: 1146:Table 'microlove.ml_photoand_word' doesn't exist
 [ SQL语句 ] : SHOW COLUMNS FROM `ml_photoand_word`
SQL: SHOW COLUMNS FROM `ml_photoandword` [ RunTime:0.013314s ]
SQL: SELECT * FROM `ml_photoandword`  [ RunTime:0.000777s ]
SQL: SHOW COLUMNS FROM `ml_claimant` [ RunTime:0.015078s ]
SQL: SHOW COLUMNS FROM `ml_claimant` [ RunTime:0.013211s ]
SQL: SELECT * FROM `ml_claimant`  [ RunTime:0.000743s ]
INFO: [ view_parse ] --START--
INFO: [ template_filter ] --START--
INFO: Run Behavior\ContentReplaceBehavior [ RunTime:0.000277s ]
INFO: [ template_filter ] --END-- [ RunTime:0.000524s ]
INFO: Run Behavior\ParseTemplateBehavior [ RunTime:0.042938s ]
INFO: [ view_parse ] --END-- [ RunTime:0.043140s ]
INFO: [ view_filter ] --START--
INFO: Run Behavior\WriteHtmlCacheBehavior [ RunTime:0.002555s ]
INFO: [ view_filter ] --END-- [ RunTime:0.002751s ]
INFO: [ app_end ] --START--
INFO: Run Behavior\ShowPageTraceBehavior [ RunTime:0.002916s ]
INFO: [ app_end ] --END-- [ RunTime:0.003092s ]

[ 2016-04-20T15:52:48+08:00 ] ::1 /SCUMicroLove/Home/ClaimantWord
INFO: [ app_init ] --START--
INFO: Run Behavior\BuildLiteBehavior [ RunTime:0.000052s ]
INFO: [ app_init ] --END-- [ RunTime:0.001863s ]
INFO: [ app_begin ] --START--
INFO: Run Behavior\ReadHtmlCacheBehavior [ RunTime:0.002340s ]
INFO: [ app_begin ] --END-- [ RunTime:0.002561s ]
NOTIC: [8192] mysql_connect(): The mysql extension is deprecated and will be removed in the future: use mysqli or PDO instead D:\Develop\PHP\Development Tools\httpd-2.4.12-win64-VC14\Apache24\htdocs\SCUMicroLove\ThinkPHP\Library\Think\Db\Driver\Mysql.class.php 第 52 行.
SQL: SHOW COLUMNS FROM `ml_photoand_word` [ RunTime:0.012342s ]
ERR: 1146:Table 'microlove.ml_photoand_word' doesn't exist
 [ SQL语句 ] : SHOW COLUMNS FROM `ml_photoand_word`
SQL: SHOW COLUMNS FROM `ml_photoandword` [ RunTime:0.012741s ]
SQL: SELECT * FROM `ml_photoandword`  [ RunTime:0.000781s ]
SQL: SHOW COLUMNS FROM `ml_claimant` [ RunTime:0.015357s ]
SQL: SHOW COLUMNS FROM `ml_claimant` [ RunTime:0.013433s ]
SQL: SELECT COUNT(*) AS tp_count FROM `ml_claimant` LIMIT 1   [ RunTime:0.000973s ]
SQL: SHOW COLUMNS FROM `ml_claimant` [ RunTime:0.014343s ]
SQL: SELECT * FROM `ml_claimant` LIMIT 0,10   [ RunTime:0.001097s ]
INFO: [ view_parse ] --START--
INFO: [ template_filter ] --START--
INFO: Run Behavior\ContentReplaceBehavior [ RunTime:0.000271s ]
INFO: [ template_filter ] --END-- [ RunTime:0.000459s ]
INFO: Run Behavior\ParseTemplateBehavior [ RunTime:0.042264s ]
INFO: [ view_parse ] --END-- [ RunTime:0.042469s ]
INFO: [ view_filter ] --START--
INFO: Run Behavior\WriteHtmlCacheBehavior [ RunTime:0.002089s ]
INFO: [ view_filter ] --END-- [ RunTime:0.002252s ]
INFO: [ app_end ] --START--
INFO: Run Behavior\ShowPageTraceBehavior [ RunTime:0.002759s ]
INFO: [ app_end ] --END-- [ RunTime:0.002929s ]

