[ 2016-04-06T00:23:58+08:00 ] 203.208.60.250 /SCUMicroLove/Home/Preview?id=15
INFO: [ app_init ] --START--
INFO: Run Behavior\BuildLiteBehavior [ RunTime:0.000000s ]
INFO: [ app_init ] --END-- [ RunTime:0.000000s ]
INFO: [ app_begin ] --START--
INFO: Run Behavior\ReadHtmlCacheBehavior [ RunTime:0.000000s ]
INFO: [ app_begin ] --END-- [ RunTime:0.000000s ]
SQL: SHOW COLUMNS FROM `ml_wishstory_application` [ RunTime:0.000000s ]
ERR: 1146:Table 'microlove.ml_wishstory_application' doesn't exist
 [ SQL语句 ] : SHOW COLUMNS FROM `ml_wishstory_application`
SQL: SHOW COLUMNS FROM `ml_photoand_word` [ RunTime:0.000000s ]
ERR: 1146:Table 'microlove.ml_photoand_word' doesn't exist
 [ SQL语句 ] : SHOW COLUMNS FROM `ml_photoand_word`
SQL: SHOW COLUMNS FROM `ml_photoandword` [ RunTime:0.015625s ]
SQL: SELECT * FROM `ml_photoandword`  [ RunTime:0.000000s ]
SQL: SHOW COLUMNS FROM `ml_claimant` [ RunTime:0.000000s ]
SQL: SHOW COLUMNS FROM `ml_claimant` [ RunTime:0.000000s ]
SQL: SELECT * FROM `ml_claimant`  [ RunTime:0.000000s ]
SQL: SHOW COLUMNS FROM `ml_wishstoryapplication` [ RunTime:0.015625s ]
SQL: SELECT * FROM `ml_wishstoryapplication` WHERE ( wishstory_id =15 )  [ RunTime:0.000000s ]
SQL: SHOW COLUMNS FROM `ml_photoandword` [ RunTime:0.015625s ]
SQL: SELECT * FROM `ml_photoandword` WHERE ( wishstory_id =15 )  [ RunTime:0.000000s ]
INFO: [ view_parse ] --START--
INFO: [ template_filter ] --START--
INFO: Run Behavior\ContentReplaceBehavior [ RunTime:0.000000s ]
INFO: [ template_filter ] --END-- [ RunTime:0.000000s ]
INFO: Run Behavior\ParseTemplateBehavior [ RunTime:0.046875s ]
INFO: [ view_parse ] --END-- [ RunTime:0.046875s ]
INFO: [ view_filter ] --START--
INFO: Run Behavior\WriteHtmlCacheBehavior [ RunTime:0.000000s ]
INFO: [ view_filter ] --END-- [ RunTime:0.000000s ]
INFO: [ app_end ] --START--
INFO: Run Behavior\ShowPageTraceBehavior [ RunTime:0.000000s ]
INFO: [ app_end ] --END-- [ RunTime:0.015625s ]

[ 2016-04-06T01:39:44+08:00 ] 203.208.60.246 /SCUMicroLove/Home/Preview?id=22
INFO: [ app_init ] --START--
INFO: Run Behavior\BuildLiteBehavior [ RunTime:0.000000s ]
INFO: [ app_init ] --END-- [ RunTime:0.000000s ]
INFO: [ app_begin ] --START--
INFO: Run Behavior\ReadHtmlCacheBehavior [ RunTime:0.000000s ]
INFO: [ app_begin ] --END-- [ RunTime:0.000000s ]
SQL: SHOW COLUMNS FROM `ml_wishstory_application` [ RunTime:0.000000s ]
ERR: 1146:Table 'microlove.ml_wishstory_application' doesn't exist
 [ SQL语句 ] : SHOW COLUMNS FROM `ml_wishstory_application`
SQL: SHOW COLUMNS FROM `ml_photoand_word` [ RunTime:0.000000s ]
ERR: 1146:Table 'microlove.ml_photoand_word' doesn't exist
 [ SQL语句 ] : SHOW COLUMNS FROM `ml_photoand_word`
SQL: SHOW COLUMNS FROM `ml_photoandword` [ RunTime:0.015625s ]
SQL: SELECT * FROM `ml_photoandword`  [ RunTime:0.000000s ]
SQL: SHOW COLUMNS FROM `ml_claimant` [ RunTime:0.000000s ]
SQL: SHOW COLUMNS FROM `ml_claimant` [ RunTime:0.015625s ]
SQL: SELECT * FROM `ml_claimant`  [ RunTime:0.000000s ]
SQL: SHOW COLUMNS FROM `ml_wishstoryapplication` [ RunTime:0.000000s ]
SQL: SELECT * FROM `ml_wishstoryapplication` WHERE ( wishstory_id =22 )  [ RunTime:0.000000s ]
SQL: SHOW COLUMNS FROM `ml_photoandword` [ RunTime:0.015625s ]
SQL: SELECT * FROM `ml_photoandword` WHERE ( wishstory_id =22 )  [ RunTime:0.000000s ]
INFO: [ view_parse ] --START--
INFO: [ template_filter ] --START--
INFO: Run Behavior\ContentReplaceBehavior [ RunTime:0.000000s ]
INFO: [ template_filter ] --END-- [ RunTime:0.000000s ]
INFO: Run Behavior\ParseTemplateBehavior [ RunTime:0.031250s ]
INFO: [ view_parse ] --END-- [ RunTime:0.031250s ]
INFO: [ view_filter ] --START--
INFO: Run Behavior\WriteHtmlCacheBehavior [ RunTime:0.000000s ]
INFO: [ view_filter ] --END-- [ RunTime:0.000000s ]
INFO: [ app_end ] --START--
INFO: Run Behavior\ShowPageTraceBehavior [ RunTime:0.000000s ]
INFO: [ app_end ] --END-- [ RunTime:0.000000s ]

[ 2016-04-06T02:55:32+08:00 ] 203.208.60.246 /SCUMicroLove/Home/Preview?id=25
INFO: [ app_init ] --START--
INFO: Run Behavior\BuildLiteBehavior [ RunTime:0.000000s ]
INFO: [ app_init ] --END-- [ RunTime:0.000000s ]
INFO: [ app_begin ] --START--
INFO: Run Behavior\ReadHtmlCacheBehavior [ RunTime:0.015625s ]
INFO: [ app_begin ] --END-- [ RunTime:0.015625s ]
SQL: SHOW COLUMNS FROM `ml_wishstory_application` [ RunTime:0.015625s ]
ERR: 1146:Table 'microlove.ml_wishstory_application' doesn't exist
 [ SQL语句 ] : SHOW COLUMNS FROM `ml_wishstory_application`
SQL: SHOW COLUMNS FROM `ml_photoand_word` [ RunTime:0.000000s ]
ERR: 1146:Table 'microlove.ml_photoand_word' doesn't exist
 [ SQL语句 ] : SHOW COLUMNS FROM `ml_photoand_word`
SQL: SHOW COLUMNS FROM `ml_photoandword` [ RunTime:0.031250s ]
SQL: SELECT * FROM `ml_photoandword`  [ RunTime:0.000000s ]
SQL: SHOW COLUMNS FROM `ml_claimant` [ RunTime:0.015625s ]
SQL: SHOW COLUMNS FROM `ml_claimant` [ RunTime:0.015625s ]
SQL: SELECT * FROM `ml_claimant`  [ RunTime:0.000000s ]
SQL: SHOW COLUMNS FROM `ml_wishstoryapplication` [ RunTime:0.031250s ]
SQL: SELECT * FROM `ml_wishstoryapplication` WHERE ( wishstory_id =25 )  [ RunTime:0.000000s ]
SQL: SHOW COLUMNS FROM `ml_photoandword` [ RunTime:0.000000s ]
SQL: SELECT * FROM `ml_photoandword` WHERE ( wishstory_id =25 )  [ RunTime:0.000000s ]
INFO: [ view_parse ] --START--
INFO: [ template_filter ] --START--
INFO: Run Behavior\ContentReplaceBehavior [ RunTime:0.000000s ]
INFO: [ template_filter ] --END-- [ RunTime:0.000000s ]
INFO: Run Behavior\ParseTemplateBehavior [ RunTime:0.046875s ]
INFO: [ view_parse ] --END-- [ RunTime:0.046875s ]
INFO: [ view_filter ] --START--
INFO: Run Behavior\WriteHtmlCacheBehavior [ RunTime:0.015625s ]
INFO: [ view_filter ] --END-- [ RunTime:0.015625s ]
INFO: [ app_end ] --START--
INFO: Run Behavior\ShowPageTraceBehavior [ RunTime:0.000000s ]
INFO: [ app_end ] --END-- [ RunTime:0.000000s ]

[ 2016-04-06T04:11:25+08:00 ] 203.208.60.238 /SCUMicroLove/Home/Preview?id=18
INFO: [ app_init ] --START--
INFO: Run Behavior\BuildLiteBehavior [ RunTime:0.000000s ]
INFO: [ app_init ] --END-- [ RunTime:0.015625s ]
INFO: [ app_begin ] --START--
INFO: Run Behavior\ReadHtmlCacheBehavior [ RunTime:0.000000s ]
INFO: [ app_begin ] --END-- [ RunTime:0.000000s ]
SQL: SHOW COLUMNS FROM `ml_wishstory_application` [ RunTime:0.015625s ]
ERR: 1146:Table 'microlove.ml_wishstory_application' doesn't exist
 [ SQL语句 ] : SHOW COLUMNS FROM `ml_wishstory_application`
SQL: SHOW COLUMNS FROM `ml_photoand_word` [ RunTime:0.000000s ]
ERR: 1146:Table 'microlove.ml_photoand_word' doesn't exist
 [ SQL语句 ] : SHOW COLUMNS FROM `ml_photoand_word`
SQL: SHOW COLUMNS FROM `ml_photoandword` [ RunTime:0.031250s ]
SQL: SELECT * FROM `ml_photoandword`  [ RunTime:0.000000s ]
SQL: SHOW COLUMNS FROM `ml_claimant` [ RunTime:0.015625s ]
SQL: SHOW COLUMNS FROM `ml_claimant` [ RunTime:0.000000s ]
SQL: SELECT * FROM `ml_claimant`  [ RunTime:0.000000s ]
SQL: SHOW COLUMNS FROM `ml_wishstoryapplication` [ RunTime:0.015625s ]
SQL: SELECT * FROM `ml_wishstoryapplication` WHERE ( wishstory_id =18 )  [ RunTime:0.000000s ]
SQL: SHOW COLUMNS FROM `ml_photoandword` [ RunTime:0.000000s ]
SQL: SELECT * FROM `ml_photoandword` WHERE ( wishstory_id =18 )  [ RunTime:0.000000s ]
INFO: [ view_parse ] --START--
INFO: [ template_filter ] --START--
INFO: Run Behavior\ContentReplaceBehavior [ RunTime:0.000000s ]
INFO: [ template_filter ] --END-- [ RunTime:0.000000s ]
INFO: Run Behavior\ParseTemplateBehavior [ RunTime:0.062500s ]
INFO: [ view_parse ] --END-- [ RunTime:0.062500s ]
INFO: [ view_filter ] --START--
INFO: Run Behavior\WriteHtmlCacheBehavior [ RunTime:0.015625s ]
INFO: [ view_filter ] --END-- [ RunTime:0.015625s ]
INFO: [ app_end ] --START--
INFO: Run Behavior\ShowPageTraceBehavior [ RunTime:0.000000s ]
INFO: [ app_end ] --END-- [ RunTime:0.000000s ]

[ 2016-04-06T05:27:06+08:00 ] 203.208.60.250 /SCUMicroLove/Home/Preview?id=20
INFO: [ app_init ] --START--
INFO: Run Behavior\BuildLiteBehavior [ RunTime:0.000000s ]
INFO: [ app_init ] --END-- [ RunTime:0.000000s ]
INFO: [ app_begin ] --START--
INFO: Run Behavior\ReadHtmlCacheBehavior [ RunTime:0.015625s ]
INFO: [ app_begin ] --END-- [ RunTime:0.015625s ]
SQL: SHOW COLUMNS FROM `ml_wishstory_application` [ RunTime:0.000000s ]
ERR: 1146:Table 'microlove.ml_wishstory_application' doesn't exist
 [ SQL语句 ] : SHOW COLUMNS FROM `ml_wishstory_application`
SQL: SHOW COLUMNS FROM `ml_photoand_word` [ RunTime:0.000000s ]
ERR: 1146:Table 'microlove.ml_photoand_word' doesn't exist
 [ SQL语句 ] : SHOW COLUMNS FROM `ml_photoand_word`
SQL: SHOW COLUMNS FROM `ml_photoandword` [ RunTime:0.000000s ]
SQL: SELECT * FROM `ml_photoandword`  [ RunTime:0.000000s ]
SQL: SHOW COLUMNS FROM `ml_claimant` [ RunTime:0.000000s ]
SQL: SHOW COLUMNS FROM `ml_claimant` [ RunTime:0.015625s ]
SQL: SELECT * FROM `ml_claimant`  [ RunTime:0.000000s ]
SQL: SHOW COLUMNS FROM `ml_wishstoryapplication` [ RunTime:0.000000s ]
SQL: SELECT * FROM `ml_wishstoryapplication` WHERE ( wishstory_id =20 )  [ RunTime:0.000000s ]
SQL: SHOW COLUMNS FROM `ml_photoandword` [ RunTime:0.015625s ]
SQL: SELECT * FROM `ml_photoandword` WHERE ( wishstory_id =20 )  [ RunTime:0.000000s ]
INFO: [ view_parse ] --START--
INFO: [ template_filter ] --START--
INFO: Run Behavior\ContentReplaceBehavior [ RunTime:0.000000s ]
INFO: [ template_filter ] --END-- [ RunTime:0.000000s ]
INFO: Run Behavior\ParseTemplateBehavior [ RunTime:0.031250s ]
INFO: [ view_parse ] --END-- [ RunTime:0.031250s ]
INFO: [ view_filter ] --START--
INFO: Run Behavior\WriteHtmlCacheBehavior [ RunTime:0.000000s ]
INFO: [ view_filter ] --END-- [ RunTime:0.000000s ]
INFO: [ app_end ] --START--
INFO: Run Behavior\ShowPageTraceBehavior [ RunTime:0.000000s ]
INFO: [ app_end ] --END-- [ RunTime:0.000000s ]

[ 2016-04-06T16:05:00+08:00 ] 118.113.135.186 /SCUMicroLove/Home/Index
INFO: [ app_init ] --START--
INFO: Run Behavior\BuildLiteBehavior [ RunTime:0.000000s ]
INFO: [ app_init ] --END-- [ RunTime:0.000000s ]
INFO: [ app_begin ] --START--
INFO: Run Behavior\ReadHtmlCacheBehavior [ RunTime:0.000000s ]
INFO: [ app_begin ] --END-- [ RunTime:0.000000s ]
SQL: SHOW COLUMNS FROM `ml_photoand_word` [ RunTime:0.000000s ]
ERR: 1146:Table 'microlove.ml_photoand_word' doesn't exist
 [ SQL语句 ] : SHOW COLUMNS FROM `ml_photoand_word`
SQL: SHOW COLUMNS FROM `ml_photoandword` [ RunTime:0.015625s ]
SQL: SELECT * FROM `ml_photoandword`  [ RunTime:0.000000s ]
SQL: SHOW COLUMNS FROM `ml_claimant` [ RunTime:0.000000s ]
SQL: SHOW COLUMNS FROM `ml_claimant` [ RunTime:0.015625s ]
SQL: SELECT * FROM `ml_claimant`  [ RunTime:0.000000s ]
SQL: SHOW COLUMNS FROM `ml_wishstory_application` [ RunTime:0.000000s ]
ERR: 1146:Table 'microlove.ml_wishstory_application' doesn't exist
 [ SQL语句 ] : SHOW COLUMNS FROM `ml_wishstory_application`
SQL: SHOW COLUMNS FROM `ml_wishstoryapplication` [ RunTime:0.015625s ]
SQL: SELECT COUNT(*) AS tp_count FROM `ml_wishstoryapplication` WHERE ( stu_claimstate = 0 ) LIMIT 1   [ RunTime:0.000000s ]
SQL: SHOW COLUMNS FROM `ml_wishstoryapplication` [ RunTime:0.000000s ]
SQL: SELECT * FROM `ml_wishstoryapplication` WHERE ( stu_claimstate = 0 ) ORDER BY wishstory_id desc LIMIT 0,10   [ RunTime:0.000000s ]
INFO: [ view_parse ] --START--
INFO: [ template_filter ] --START--
INFO: Run Behavior\ContentReplaceBehavior [ RunTime:0.000000s ]
INFO: [ template_filter ] --END-- [ RunTime:0.000000s ]
INFO: Run Behavior\ParseTemplateBehavior [ RunTime:0.062500s ]
INFO: [ view_parse ] --END-- [ RunTime:0.062500s ]
INFO: [ view_filter ] --START--
INFO: Run Behavior\WriteHtmlCacheBehavior [ RunTime:0.000000s ]
INFO: [ view_filter ] --END-- [ RunTime:0.000000s ]
INFO: [ app_end ] --START--
INFO: Run Behavior\ShowPageTraceBehavior [ RunTime:0.000000s ]
INFO: [ app_end ] --END-- [ RunTime:0.000000s ]

[ 2016-04-06T16:07:11+08:00 ] 118.113.135.186 /SCUMicroLove/Home/WishstoryApplication
INFO: [ app_init ] --START--
INFO: Run Behavior\BuildLiteBehavior [ RunTime:0.000000s ]
INFO: [ app_init ] --END-- [ RunTime:0.000000s ]
INFO: [ app_begin ] --START--
INFO: Run Behavior\ReadHtmlCacheBehavior [ RunTime:0.000000s ]
INFO: [ app_begin ] --END-- [ RunTime:0.000000s ]
SQL: SHOW COLUMNS FROM `ml_photoand_word` [ RunTime:0.000000s ]
ERR: 1146:Table 'microlove.ml_photoand_word' doesn't exist
 [ SQL语句 ] : SHOW COLUMNS FROM `ml_photoand_word`
SQL: SHOW COLUMNS FROM `ml_photoandword` [ RunTime:0.000000s ]
SQL: SELECT * FROM `ml_photoandword`  [ RunTime:0.000000s ]
SQL: SHOW COLUMNS FROM `ml_claimant` [ RunTime:0.000000s ]
SQL: SHOW COLUMNS FROM `ml_claimant` [ RunTime:0.000000s ]
SQL: SELECT * FROM `ml_claimant`  [ RunTime:0.000000s ]
INFO: [ view_parse ] --START--
INFO: [ template_filter ] --START--
INFO: Run Behavior\ContentReplaceBehavior [ RunTime:0.000000s ]
INFO: [ template_filter ] --END-- [ RunTime:0.000000s ]
INFO: Run Behavior\ParseTemplateBehavior [ RunTime:0.031250s ]
INFO: [ view_parse ] --END-- [ RunTime:0.031250s ]
INFO: [ view_filter ] --START--
INFO: Run Behavior\WriteHtmlCacheBehavior [ RunTime:0.015625s ]
INFO: [ view_filter ] --END-- [ RunTime:0.015625s ]
INFO: [ app_end ] --START--
INFO: Run Behavior\ShowPageTraceBehavior [ RunTime:0.000000s ]
INFO: [ app_end ] --END-- [ RunTime:0.000000s ]

[ 2016-04-06T18:04:56+08:00 ] 203.208.60.240 /SCUMicroLove/Home/Claimant?9
INFO: [ app_init ] --START--
INFO: Run Behavior\BuildLiteBehavior [ RunTime:0.000000s ]
INFO: [ app_init ] --END-- [ RunTime:0.000000s ]
INFO: [ app_begin ] --START--
INFO: Run Behavior\ReadHtmlCacheBehavior [ RunTime:0.000000s ]
INFO: [ app_begin ] --END-- [ RunTime:0.000000s ]
SQL: SHOW COLUMNS FROM `ml_photoand_word` [ RunTime:0.015625s ]
ERR: 1146:Table 'microlove.ml_photoand_word' doesn't exist
 [ SQL语句 ] : SHOW COLUMNS FROM `ml_photoand_word`
SQL: SHOW COLUMNS FROM `ml_photoandword` [ RunTime:0.000000s ]
SQL: SELECT * FROM `ml_photoandword`  [ RunTime:0.000000s ]
SQL: SHOW COLUMNS FROM `ml_claimant` [ RunTime:0.000000s ]
SQL: SHOW COLUMNS FROM `ml_claimant` [ RunTime:0.015625s ]
SQL: SELECT * FROM `ml_claimant`  [ RunTime:0.000000s ]
INFO: [ view_parse ] --START--
INFO: [ template_filter ] --START--
INFO: Run Behavior\ContentReplaceBehavior [ RunTime:0.000000s ]
INFO: [ template_filter ] --END-- [ RunTime:0.000000s ]
INFO: Run Behavior\ParseTemplateBehavior [ RunTime:0.031250s ]
INFO: [ view_parse ] --END-- [ RunTime:0.031250s ]
INFO: [ view_filter ] --START--
INFO: Run Behavior\WriteHtmlCacheBehavior [ RunTime:0.000000s ]
INFO: [ view_filter ] --END-- [ RunTime:0.000000s ]
INFO: [ app_end ] --START--
INFO: Run Behavior\ShowPageTraceBehavior [ RunTime:0.015625s ]
INFO: [ app_end ] --END-- [ RunTime:0.015625s ]

[ 2016-04-06T18:40:06+08:00 ] 42.120.160.50 /SCUMicroLove/Home/Preview?id=24
INFO: [ app_init ] --START--
INFO: Run Behavior\BuildLiteBehavior [ RunTime:0.000000s ]
INFO: [ app_init ] --END-- [ RunTime:0.000000s ]
INFO: [ app_begin ] --START--
INFO: Run Behavior\ReadHtmlCacheBehavior [ RunTime:0.000000s ]
INFO: [ app_begin ] --END-- [ RunTime:0.000000s ]
SQL: SHOW COLUMNS FROM `ml_wishstory_application` [ RunTime:0.015625s ]
ERR: 1146:Table 'microlove.ml_wishstory_application' doesn't exist
 [ SQL语句 ] : SHOW COLUMNS FROM `ml_wishstory_application`
SQL: SHOW COLUMNS FROM `ml_photoand_word` [ RunTime:0.000000s ]
ERR: 1146:Table 'microlove.ml_photoand_word' doesn't exist
 [ SQL语句 ] : SHOW COLUMNS FROM `ml_photoand_word`
SQL: SHOW COLUMNS FROM `ml_photoandword` [ RunTime:0.015625s ]
SQL: SELECT * FROM `ml_photoandword`  [ RunTime:0.000000s ]
SQL: SHOW COLUMNS FROM `ml_claimant` [ RunTime:0.031250s ]
SQL: SHOW COLUMNS FROM `ml_claimant` [ RunTime:0.031250s ]
SQL: SELECT * FROM `ml_claimant`  [ RunTime:0.015625s ]
SQL: SHOW COLUMNS FROM `ml_wishstoryapplication` [ RunTime:0.000000s ]
SQL: SELECT * FROM `ml_wishstoryapplication` WHERE ( wishstory_id =24 )  [ RunTime:0.000000s ]
SQL: SHOW COLUMNS FROM `ml_photoandword` [ RunTime:0.031250s ]
SQL: SELECT * FROM `ml_photoandword` WHERE ( wishstory_id =24 )  [ RunTime:0.000000s ]
INFO: [ view_parse ] --START--
INFO: [ template_filter ] --START--
INFO: Run Behavior\ContentReplaceBehavior [ RunTime:0.000000s ]
INFO: [ template_filter ] --END-- [ RunTime:0.000000s ]
INFO: Run Behavior\ParseTemplateBehavior [ RunTime:0.062500s ]
INFO: [ view_parse ] --END-- [ RunTime:0.062500s ]
INFO: [ view_filter ] --START--
INFO: Run Behavior\WriteHtmlCacheBehavior [ RunTime:0.015625s ]
INFO: [ view_filter ] --END-- [ RunTime:0.015625s ]
INFO: [ app_end ] --START--
INFO: Run Behavior\ShowPageTraceBehavior [ RunTime:0.000000s ]
INFO: [ app_end ] --END-- [ RunTime:0.000000s ]

[ 2016-04-06T18:40:55+08:00 ] 42.120.161.50 /SCUMicroLove/Home/Preview?id=19
INFO: [ app_init ] --START--
INFO: Run Behavior\BuildLiteBehavior [ RunTime:0.000000s ]
INFO: [ app_init ] --END-- [ RunTime:0.000000s ]
INFO: [ app_begin ] --START--
INFO: Run Behavior\ReadHtmlCacheBehavior [ RunTime:0.015625s ]
INFO: [ app_begin ] --END-- [ RunTime:0.015625s ]
SQL: SHOW COLUMNS FROM `ml_wishstory_application` [ RunTime:0.000000s ]
ERR: 1146:Table 'microlove.ml_wishstory_application' doesn't exist
 [ SQL语句 ] : SHOW COLUMNS FROM `ml_wishstory_application`
SQL: SHOW COLUMNS FROM `ml_photoand_word` [ RunTime:0.000000s ]
ERR: 1146:Table 'microlove.ml_photoand_word' doesn't exist
 [ SQL语句 ] : SHOW COLUMNS FROM `ml_photoand_word`
SQL: SHOW COLUMNS FROM `ml_photoandword` [ RunTime:0.000000s ]
SQL: SELECT * FROM `ml_photoandword`  [ RunTime:0.000000s ]
SQL: SHOW COLUMNS FROM `ml_claimant` [ RunTime:0.000000s ]
SQL: SHOW COLUMNS FROM `ml_claimant` [ RunTime:0.015625s ]
SQL: SELECT * FROM `ml_claimant`  [ RunTime:0.000000s ]
SQL: SHOW COLUMNS FROM `ml_wishstoryapplication` [ RunTime:0.000000s ]
SQL: SELECT * FROM `ml_wishstoryapplication` WHERE ( wishstory_id =19 )  [ RunTime:0.000000s ]
SQL: SHOW COLUMNS FROM `ml_photoandword` [ RunTime:0.000000s ]
SQL: SELECT * FROM `ml_photoandword` WHERE ( wishstory_id =19 )  [ RunTime:0.000000s ]
INFO: [ view_parse ] --START--
INFO: [ template_filter ] --START--
INFO: Run Behavior\ContentReplaceBehavior [ RunTime:0.000000s ]
INFO: [ template_filter ] --END-- [ RunTime:0.000000s ]
INFO: Run Behavior\ParseTemplateBehavior [ RunTime:0.031250s ]
INFO: [ view_parse ] --END-- [ RunTime:0.031250s ]
INFO: [ view_filter ] --START--
INFO: Run Behavior\WriteHtmlCacheBehavior [ RunTime:0.015625s ]
INFO: [ view_filter ] --END-- [ RunTime:0.015625s ]
INFO: [ app_end ] --START--
INFO: Run Behavior\ShowPageTraceBehavior [ RunTime:0.000000s ]
INFO: [ app_end ] --END-- [ RunTime:0.000000s ]

[ 2016-04-06T19:15:31+08:00 ] 68.180.230.246 /SCUMicroLove/Home/Index
INFO: [ app_init ] --START--
INFO: Run Behavior\BuildLiteBehavior [ RunTime:0.000000s ]
INFO: [ app_init ] --END-- [ RunTime:0.000000s ]
INFO: [ app_begin ] --START--
INFO: Run Behavior\ReadHtmlCacheBehavior [ RunTime:0.000000s ]
INFO: [ app_begin ] --END-- [ RunTime:0.000000s ]
SQL: SHOW COLUMNS FROM `ml_photoand_word` [ RunTime:0.015625s ]
ERR: 1146:Table 'microlove.ml_photoand_word' doesn't exist
 [ SQL语句 ] : SHOW COLUMNS FROM `ml_photoand_word`
SQL: SHOW COLUMNS FROM `ml_photoandword` [ RunTime:0.000000s ]
SQL: SELECT * FROM `ml_photoandword`  [ RunTime:0.000000s ]
SQL: SHOW COLUMNS FROM `ml_claimant` [ RunTime:0.000000s ]
SQL: SHOW COLUMNS FROM `ml_claimant` [ RunTime:0.015625s ]
SQL: SELECT * FROM `ml_claimant`  [ RunTime:0.000000s ]
SQL: SHOW COLUMNS FROM `ml_wishstory_application` [ RunTime:0.015625s ]
ERR: 1146:Table 'microlove.ml_wishstory_application' doesn't exist
 [ SQL语句 ] : SHOW COLUMNS FROM `ml_wishstory_application`
SQL: SHOW COLUMNS FROM `ml_wishstoryapplication` [ RunTime:0.000000s ]
SQL: SELECT COUNT(*) AS tp_count FROM `ml_wishstoryapplication` WHERE ( stu_claimstate = 0 ) LIMIT 1   [ RunTime:0.000000s ]
SQL: SHOW COLUMNS FROM `ml_wishstoryapplication` [ RunTime:0.000000s ]
SQL: SELECT * FROM `ml_wishstoryapplication` WHERE ( stu_claimstate = 0 ) ORDER BY wishstory_id desc LIMIT 0,10   [ RunTime:0.000000s ]
INFO: [ view_parse ] --START--
INFO: [ template_filter ] --START--
INFO: Run Behavior\ContentReplaceBehavior [ RunTime:0.000000s ]
INFO: [ template_filter ] --END-- [ RunTime:0.000000s ]
INFO: Run Behavior\ParseTemplateBehavior [ RunTime:0.031250s ]
INFO: [ view_parse ] --END-- [ RunTime:0.031250s ]
INFO: [ view_filter ] --START--
INFO: Run Behavior\WriteHtmlCacheBehavior [ RunTime:0.015625s ]
INFO: [ view_filter ] --END-- [ RunTime:0.015625s ]
INFO: [ app_end ] --START--
INFO: Run Behavior\ShowPageTraceBehavior [ RunTime:0.000000s ]
INFO: [ app_end ] --END-- [ RunTime:0.000000s ]

[ 2016-04-06T19:17:35+08:00 ] 68.180.230.246 /SCUMicroLove/Home/index
INFO: [ app_init ] --START--
INFO: Run Behavior\BuildLiteBehavior [ RunTime:0.000000s ]
INFO: [ app_init ] --END-- [ RunTime:0.000000s ]
INFO: [ app_begin ] --START--
INFO: Run Behavior\ReadHtmlCacheBehavior [ RunTime:0.000000s ]
INFO: [ app_begin ] --END-- [ RunTime:0.000000s ]
SQL: SHOW COLUMNS FROM `ml_photoand_word` [ RunTime:0.000000s ]
ERR: 1146:Table 'microlove.ml_photoand_word' doesn't exist
 [ SQL语句 ] : SHOW COLUMNS FROM `ml_photoand_word`
SQL: SHOW COLUMNS FROM `ml_photoandword` [ RunTime:0.015625s ]
SQL: SELECT * FROM `ml_photoandword`  [ RunTime:0.000000s ]
SQL: SHOW COLUMNS FROM `ml_claimant` [ RunTime:0.015625s ]
SQL: SHOW COLUMNS FROM `ml_claimant` [ RunTime:0.000000s ]
SQL: SELECT * FROM `ml_claimant`  [ RunTime:0.000000s ]
SQL: SHOW COLUMNS FROM `ml_wishstory_application` [ RunTime:0.000000s ]
ERR: 1146:Table 'microlove.ml_wishstory_application' doesn't exist
 [ SQL语句 ] : SHOW COLUMNS FROM `ml_wishstory_application`
SQL: SHOW COLUMNS FROM `ml_wishstoryapplication` [ RunTime:0.015625s ]
SQL: SELECT COUNT(*) AS tp_count FROM `ml_wishstoryapplication` WHERE ( stu_claimstate = 0 ) LIMIT 1   [ RunTime:0.015625s ]
SQL: SHOW COLUMNS FROM `ml_wishstoryapplication` [ RunTime:0.000000s ]
SQL: SELECT * FROM `ml_wishstoryapplication` WHERE ( stu_claimstate = 0 ) ORDER BY wishstory_id desc LIMIT 0,10   [ RunTime:0.000000s ]
INFO: [ view_parse ] --START--
INFO: [ template_filter ] --START--
INFO: Run Behavior\ContentReplaceBehavior [ RunTime:0.000000s ]
INFO: [ template_filter ] --END-- [ RunTime:0.000000s ]
INFO: Run Behavior\ParseTemplateBehavior [ RunTime:0.046875s ]
INFO: [ view_parse ] --END-- [ RunTime:0.046875s ]
INFO: [ view_filter ] --START--
INFO: Run Behavior\WriteHtmlCacheBehavior [ RunTime:0.000000s ]
INFO: [ view_filter ] --END-- [ RunTime:0.000000s ]
INFO: [ app_end ] --START--
INFO: Run Behavior\ShowPageTraceBehavior [ RunTime:0.015625s ]
INFO: [ app_end ] --END-- [ RunTime:0.015625s ]

[ 2016-04-06T19:17:46+08:00 ] 68.180.230.246 /SCUMicroLove/Home/Index?page=1
INFO: [ app_init ] --START--
INFO: Run Behavior\BuildLiteBehavior [ RunTime:0.000000s ]
INFO: [ app_init ] --END-- [ RunTime:0.000000s ]
INFO: [ app_begin ] --START--
INFO: Run Behavior\ReadHtmlCacheBehavior [ RunTime:0.015625s ]
INFO: [ app_begin ] --END-- [ RunTime:0.015625s ]
SQL: SHOW COLUMNS FROM `ml_photoand_word` [ RunTime:0.015625s ]
ERR: 1146:Table 'microlove.ml_photoand_word' doesn't exist
 [ SQL语句 ] : SHOW COLUMNS FROM `ml_photoand_word`
SQL: SHOW COLUMNS FROM `ml_photoandword` [ RunTime:0.000000s ]
SQL: SELECT * FROM `ml_photoandword`  [ RunTime:0.000000s ]
SQL: SHOW COLUMNS FROM `ml_claimant` [ RunTime:0.000000s ]
SQL: SHOW COLUMNS FROM `ml_claimant` [ RunTime:0.000000s ]
SQL: SELECT * FROM `ml_claimant`  [ RunTime:0.015625s ]
SQL: SHOW COLUMNS FROM `ml_wishstory_application` [ RunTime:0.000000s ]
ERR: 1146:Table 'microlove.ml_wishstory_application' doesn't exist
 [ SQL语句 ] : SHOW COLUMNS FROM `ml_wishstory_application`
SQL: SHOW COLUMNS FROM `ml_wishstoryapplication` [ RunTime:0.015625s ]
SQL: SELECT COUNT(*) AS tp_count FROM `ml_wishstoryapplication` WHERE ( stu_claimstate = 0 ) LIMIT 1   [ RunTime:0.000000s ]
SQL: SHOW COLUMNS FROM `ml_wishstoryapplication` [ RunTime:0.000000s ]
SQL: SELECT * FROM `ml_wishstoryapplication` WHERE ( stu_claimstate = 0 ) ORDER BY wishstory_id desc LIMIT 0,10   [ RunTime:0.015625s ]
INFO: [ view_parse ] --START--
INFO: [ template_filter ] --START--
INFO: Run Behavior\ContentReplaceBehavior [ RunTime:0.000000s ]
INFO: [ template_filter ] --END-- [ RunTime:0.000000s ]
INFO: Run Behavior\ParseTemplateBehavior [ RunTime:0.062500s ]
INFO: [ view_parse ] --END-- [ RunTime:0.062500s ]
INFO: [ view_filter ] --START--
INFO: Run Behavior\WriteHtmlCacheBehavior [ RunTime:0.000000s ]
INFO: [ view_filter ] --END-- [ RunTime:0.000000s ]
INFO: [ app_end ] --START--
INFO: Run Behavior\ShowPageTraceBehavior [ RunTime:0.015625s ]
INFO: [ app_end ] --END-- [ RunTime:0.015625s ]

[ 2016-04-06T19:18:03+08:00 ] 68.180.230.246 /SCUMicroLove/Home/Preview?id=26
INFO: [ app_init ] --START--
INFO: Run Behavior\BuildLiteBehavior [ RunTime:0.000000s ]
INFO: [ app_init ] --END-- [ RunTime:0.015625s ]
INFO: [ app_begin ] --START--
INFO: Run Behavior\ReadHtmlCacheBehavior [ RunTime:0.000000s ]
INFO: [ app_begin ] --END-- [ RunTime:0.000000s ]
SQL: SHOW COLUMNS FROM `ml_wishstory_application` [ RunTime:0.000000s ]
ERR: 1146:Table 'microlove.ml_wishstory_application' doesn't exist
 [ SQL语句 ] : SHOW COLUMNS FROM `ml_wishstory_application`
SQL: SHOW COLUMNS FROM `ml_photoand_word` [ RunTime:0.015625s ]
ERR: 1146:Table 'microlove.ml_photoand_word' doesn't exist
 [ SQL语句 ] : SHOW COLUMNS FROM `ml_photoand_word`
SQL: SHOW COLUMNS FROM `ml_photoandword` [ RunTime:0.000000s ]
SQL: SELECT * FROM `ml_photoandword`  [ RunTime:0.000000s ]
SQL: SHOW COLUMNS FROM `ml_claimant` [ RunTime:0.015625s ]
SQL: SHOW COLUMNS FROM `ml_claimant` [ RunTime:0.000000s ]
SQL: SELECT * FROM `ml_claimant`  [ RunTime:0.000000s ]
SQL: SHOW COLUMNS FROM `ml_wishstoryapplication` [ RunTime:0.015625s ]
SQL: SELECT * FROM `ml_wishstoryapplication` WHERE ( wishstory_id =26 )  [ RunTime:0.000000s ]
SQL: SHOW COLUMNS FROM `ml_photoandword` [ RunTime:0.000000s ]
SQL: SELECT * FROM `ml_photoandword` WHERE ( wishstory_id =26 )  [ RunTime:0.000000s ]
INFO: [ view_parse ] --START--
INFO: [ template_filter ] --START--
INFO: Run Behavior\ContentReplaceBehavior [ RunTime:0.000000s ]
INFO: [ template_filter ] --END-- [ RunTime:0.000000s ]
INFO: Run Behavior\ParseTemplateBehavior [ RunTime:0.031250s ]
INFO: [ view_parse ] --END-- [ RunTime:0.031250s ]
INFO: [ view_filter ] --START--
INFO: Run Behavior\WriteHtmlCacheBehavior [ RunTime:0.000000s ]
INFO: [ view_filter ] --END-- [ RunTime:0.000000s ]
INFO: [ app_end ] --START--
INFO: Run Behavior\ShowPageTraceBehavior [ RunTime:0.000000s ]
INFO: [ app_end ] --END-- [ RunTime:0.000000s ]

[ 2016-04-06T19:19:22+08:00 ] 68.180.230.246 /SCUMicroLove/Home/Claimant?26
INFO: [ app_init ] --START--
INFO: Run Behavior\BuildLiteBehavior [ RunTime:0.000000s ]
INFO: [ app_init ] --END-- [ RunTime:0.015625s ]
INFO: [ app_begin ] --START--
INFO: Run Behavior\ReadHtmlCacheBehavior [ RunTime:0.000000s ]
INFO: [ app_begin ] --END-- [ RunTime:0.000000s ]
SQL: SHOW COLUMNS FROM `ml_photoand_word` [ RunTime:0.000000s ]
ERR: 1146:Table 'microlove.ml_photoand_word' doesn't exist
 [ SQL语句 ] : SHOW COLUMNS FROM `ml_photoand_word`
SQL: SHOW COLUMNS FROM `ml_photoandword` [ RunTime:0.015625s ]
SQL: SELECT * FROM `ml_photoandword`  [ RunTime:0.000000s ]
SQL: SHOW COLUMNS FROM `ml_claimant` [ RunTime:0.015625s ]
SQL: SHOW COLUMNS FROM `ml_claimant` [ RunTime:0.000000s ]
SQL: SELECT * FROM `ml_claimant`  [ RunTime:0.000000s ]
INFO: [ view_parse ] --START--
INFO: [ template_filter ] --START--
INFO: Run Behavior\ContentReplaceBehavior [ RunTime:0.000000s ]
INFO: [ template_filter ] --END-- [ RunTime:0.000000s ]
INFO: Run Behavior\ParseTemplateBehavior [ RunTime:0.031250s ]
INFO: [ view_parse ] --END-- [ RunTime:0.031250s ]
INFO: [ view_filter ] --START--
INFO: Run Behavior\WriteHtmlCacheBehavior [ RunTime:0.015625s ]
INFO: [ view_filter ] --END-- [ RunTime:0.015625s ]
INFO: [ app_end ] --START--
INFO: Run Behavior\ShowPageTraceBehavior [ RunTime:0.000000s ]
INFO: [ app_end ] --END-- [ RunTime:0.000000s ]

[ 2016-04-06T19:20:43+08:00 ] 203.208.60.245 /SCUMicroLove/Home/Claimant?15
INFO: [ app_init ] --START--
INFO: Run Behavior\BuildLiteBehavior [ RunTime:0.015625s ]
INFO: [ app_init ] --END-- [ RunTime:0.015625s ]
INFO: [ app_begin ] --START--
INFO: Run Behavior\ReadHtmlCacheBehavior [ RunTime:0.000000s ]
INFO: [ app_begin ] --END-- [ RunTime:0.000000s ]
SQL: SHOW COLUMNS FROM `ml_photoand_word` [ RunTime:0.015625s ]
ERR: 1146:Table 'microlove.ml_photoand_word' doesn't exist
 [ SQL语句 ] : SHOW COLUMNS FROM `ml_photoand_word`
SQL: SHOW COLUMNS FROM `ml_photoandword` [ RunTime:0.000000s ]
SQL: SELECT * FROM `ml_photoandword`  [ RunTime:0.000000s ]
SQL: SHOW COLUMNS FROM `ml_claimant` [ RunTime:0.015625s ]
SQL: SHOW COLUMNS FROM `ml_claimant` [ RunTime:0.000000s ]
SQL: SELECT * FROM `ml_claimant`  [ RunTime:0.000000s ]
INFO: [ view_parse ] --START--
INFO: [ template_filter ] --START--
INFO: Run Behavior\ContentReplaceBehavior [ RunTime:0.000000s ]
INFO: [ template_filter ] --END-- [ RunTime:0.000000s ]
INFO: Run Behavior\ParseTemplateBehavior [ RunTime:0.046875s ]
INFO: [ view_parse ] --END-- [ RunTime:0.046875s ]
INFO: [ view_filter ] --START--
INFO: Run Behavior\WriteHtmlCacheBehavior [ RunTime:0.000000s ]
INFO: [ view_filter ] --END-- [ RunTime:0.000000s ]
INFO: [ app_end ] --START--
INFO: Run Behavior\ShowPageTraceBehavior [ RunTime:0.000000s ]
INFO: [ app_end ] --END-- [ RunTime:0.000000s ]

[ 2016-04-06T20:36:30+08:00 ] 203.208.60.246 /SCUMicroLove/Home/Claimant?13
INFO: [ app_init ] --START--
INFO: Run Behavior\BuildLiteBehavior [ RunTime:0.000000s ]
INFO: [ app_init ] --END-- [ RunTime:0.000000s ]
INFO: [ app_begin ] --START--
INFO: Run Behavior\ReadHtmlCacheBehavior [ RunTime:0.000000s ]
INFO: [ app_begin ] --END-- [ RunTime:0.000000s ]
SQL: SHOW COLUMNS FROM `ml_photoand_word` [ RunTime:0.015625s ]
ERR: 1146:Table 'microlove.ml_photoand_word' doesn't exist
 [ SQL语句 ] : SHOW COLUMNS FROM `ml_photoand_word`
SQL: SHOW COLUMNS FROM `ml_photoandword` [ RunTime:0.015625s ]
SQL: SELECT * FROM `ml_photoandword`  [ RunTime:0.000000s ]
SQL: SHOW COLUMNS FROM `ml_claimant` [ RunTime:0.015625s ]
SQL: SHOW COLUMNS FROM `ml_claimant` [ RunTime:0.000000s ]
SQL: SELECT * FROM `ml_claimant`  [ RunTime:0.015625s ]
INFO: [ view_parse ] --START--
INFO: [ template_filter ] --START--
INFO: Run Behavior\ContentReplaceBehavior [ RunTime:0.000000s ]
INFO: [ template_filter ] --END-- [ RunTime:0.000000s ]
INFO: Run Behavior\ParseTemplateBehavior [ RunTime:0.015625s ]
INFO: [ view_parse ] --END-- [ RunTime:0.015625s ]
INFO: [ view_filter ] --START--
INFO: Run Behavior\WriteHtmlCacheBehavior [ RunTime:0.000000s ]
INFO: [ view_filter ] --END-- [ RunTime:0.000000s ]
INFO: [ app_end ] --START--
INFO: Run Behavior\ShowPageTraceBehavior [ RunTime:0.000000s ]
INFO: [ app_end ] --END-- [ RunTime:0.000000s ]

[ 2016-04-06T21:52:18+08:00 ] 66.249.64.222 /SCUMicroLove/Home/Claimant?11
INFO: [ app_init ] --START--
INFO: Run Behavior\BuildLiteBehavior [ RunTime:0.000000s ]
INFO: [ app_init ] --END-- [ RunTime:0.000000s ]
INFO: [ app_begin ] --START--
INFO: Run Behavior\ReadHtmlCacheBehavior [ RunTime:0.015625s ]
INFO: [ app_begin ] --END-- [ RunTime:0.015625s ]
SQL: SHOW COLUMNS FROM `ml_photoand_word` [ RunTime:0.000000s ]
ERR: 1146:Table 'microlove.ml_photoand_word' doesn't exist
 [ SQL语句 ] : SHOW COLUMNS FROM `ml_photoand_word`
SQL: SHOW COLUMNS FROM `ml_photoandword` [ RunTime:0.031250s ]
SQL: SELECT * FROM `ml_photoandword`  [ RunTime:0.000000s ]
SQL: SHOW COLUMNS FROM `ml_claimant` [ RunTime:0.031250s ]
SQL: SHOW COLUMNS FROM `ml_claimant` [ RunTime:0.000000s ]
SQL: SELECT * FROM `ml_claimant`  [ RunTime:0.000000s ]
INFO: [ view_parse ] --START--
INFO: [ template_filter ] --START--
INFO: Run Behavior\ContentReplaceBehavior [ RunTime:0.000000s ]
INFO: [ template_filter ] --END-- [ RunTime:0.000000s ]
INFO: Run Behavior\ParseTemplateBehavior [ RunTime:0.046875s ]
INFO: [ view_parse ] --END-- [ RunTime:0.046875s ]
INFO: [ view_filter ] --START--
INFO: Run Behavior\WriteHtmlCacheBehavior [ RunTime:0.015625s ]
INFO: [ view_filter ] --END-- [ RunTime:0.015625s ]
INFO: [ app_end ] --START--
INFO: Run Behavior\ShowPageTraceBehavior [ RunTime:0.000000s ]
INFO: [ app_end ] --END-- [ RunTime:0.000000s ]

[ 2016-04-06T22:39:54+08:00 ] 66.249.64.232 /SCUMicroLove/Home/Claimant?9
INFO: [ app_init ] --START--
INFO: Run Behavior\BuildLiteBehavior [ RunTime:0.000000s ]
INFO: [ app_init ] --END-- [ RunTime:0.000000s ]
INFO: [ app_begin ] --START--
INFO: Run Behavior\ReadHtmlCacheBehavior [ RunTime:0.000000s ]
INFO: [ app_begin ] --END-- [ RunTime:0.000000s ]
SQL: SHOW COLUMNS FROM `ml_photoand_word` [ RunTime:0.000000s ]
ERR: 1146:Table 'microlove.ml_photoand_word' doesn't exist
 [ SQL语句 ] : SHOW COLUMNS FROM `ml_photoand_word`
SQL: SHOW COLUMNS FROM `ml_photoandword` [ RunTime:0.015625s ]
SQL: SELECT * FROM `ml_photoandword`  [ RunTime:0.000000s ]
SQL: SHOW COLUMNS FROM `ml_claimant` [ RunTime:0.015625s ]
SQL: SHOW COLUMNS FROM `ml_claimant` [ RunTime:0.000000s ]
SQL: SELECT * FROM `ml_claimant`  [ RunTime:0.000000s ]
INFO: [ view_parse ] --START--
INFO: [ template_filter ] --START--
INFO: Run Behavior\ContentReplaceBehavior [ RunTime:0.000000s ]
INFO: [ template_filter ] --END-- [ RunTime:0.000000s ]
INFO: Run Behavior\ParseTemplateBehavior [ RunTime:0.046875s ]
INFO: [ view_parse ] --END-- [ RunTime:0.046875s ]
INFO: [ view_filter ] --START--
INFO: Run Behavior\WriteHtmlCacheBehavior [ RunTime:0.000000s ]
INFO: [ view_filter ] --END-- [ RunTime:0.000000s ]
INFO: [ app_end ] --START--
INFO: Run Behavior\ShowPageTraceBehavior [ RunTime:0.000000s ]
INFO: [ app_end ] --END-- [ RunTime:0.000000s ]

[ 2016-04-06T23:08:07+08:00 ] 66.249.64.227 /SCUMicroLove/Home/Claimant?10
INFO: [ app_init ] --START--
INFO: Run Behavior\BuildLiteBehavior [ RunTime:0.000000s ]
INFO: [ app_init ] --END-- [ RunTime:0.000000s ]
INFO: [ app_begin ] --START--
INFO: Run Behavior\ReadHtmlCacheBehavior [ RunTime:0.015625s ]
INFO: [ app_begin ] --END-- [ RunTime:0.015625s ]
SQL: SHOW COLUMNS FROM `ml_photoand_word` [ RunTime:0.000000s ]
ERR: 1146:Table 'microlove.ml_photoand_word' doesn't exist
 [ SQL语句 ] : SHOW COLUMNS FROM `ml_photoand_word`
SQL: SHOW COLUMNS FROM `ml_photoandword` [ RunTime:0.015625s ]
SQL: SELECT * FROM `ml_photoandword`  [ RunTime:0.000000s ]
SQL: SHOW COLUMNS FROM `ml_claimant` [ RunTime:0.000000s ]
SQL: SHOW COLUMNS FROM `ml_claimant` [ RunTime:0.015625s ]
SQL: SELECT * FROM `ml_claimant`  [ RunTime:0.000000s ]
INFO: [ view_parse ] --START--
INFO: [ template_filter ] --START--
INFO: Run Behavior\ContentReplaceBehavior [ RunTime:0.000000s ]
INFO: [ template_filter ] --END-- [ RunTime:0.000000s ]
INFO: Run Behavior\ParseTemplateBehavior [ RunTime:0.062500s ]
INFO: [ view_parse ] --END-- [ RunTime:0.062500s ]
INFO: [ view_filter ] --START--
INFO: Run Behavior\WriteHtmlCacheBehavior [ RunTime:0.000000s ]
INFO: [ view_filter ] --END-- [ RunTime:0.000000s ]
INFO: [ app_end ] --START--
INFO: Run Behavior\ShowPageTraceBehavior [ RunTime:0.000000s ]
INFO: [ app_end ] --END-- [ RunTime:0.000000s ]

